CRITICAL - 2024-06-20 00:54:27 --> ErrorException: Undefined array key "2013_04_01_archive.html"
in APPPATH/Views/_partial_landing/_partial_header_mobile.php on line 4.
 1 APPPATH/Views/_partial_landing/_partial_header_mobile.php(4): CodeIgniter\Debug\Exceptions->errorHandler()
 2 SYSTEMPATH/View/View.php(228): include('/home/dbmyfbuf/public_html/app/Views/_partial_landing/_partial_header_mobile.php')
 3 SYSTEMPATH/View/View.php(231): CodeIgniter\View\View->CodeIgniter\View\{closure}()
 4 SYSTEMPATH/Common.php(1178): CodeIgniter\View\View->render()
 5 APPPATH/Views/landing/v_index.php(17): view()
 6 SYSTEMPATH/View/View.php(228): include('/home/dbmyfbuf/public_html/app/Views/landing/v_index.php')
 7 SYSTEMPATH/View/View.php(231): CodeIgniter\View\View->CodeIgniter\View\{closure}()
 8 SYSTEMPATH/Common.php(1178): CodeIgniter\View\View->render()
 9 APPPATH/Controllers/Landing.php(16): view()
10 SYSTEMPATH/CodeIgniter.php(943): App\Controllers\Landing->index()
11 SYSTEMPATH/CodeIgniter.php(503): CodeIgniter\CodeIgniter->runController()
12 SYSTEMPATH/CodeIgniter.php(361): CodeIgniter\CodeIgniter->handleRequest()
13 FCPATH/index.php(79): CodeIgniter\CodeIgniter->run()
CRITICAL - 2024-06-20 02:11:06 --> ErrorException: Undefined array key "search"
in APPPATH/Views/_partial_landing/_partial_header_mobile.php on line 4.
 1 APPPATH/Views/_partial_landing/_partial_header_mobile.php(4): CodeIgniter\Debug\Exceptions->errorHandler()
 2 SYSTEMPATH/View/View.php(228): include('/home/dbmyfbuf/public_html/app/Views/_partial_landing/_partial_header_mobile.php')
 3 SYSTEMPATH/View/View.php(231): CodeIgniter\View\View->CodeIgniter\View\{closure}()
 4 SYSTEMPATH/Common.php(1178): CodeIgniter\View\View->render()
 5 APPPATH/Views/landing/v_index.php(17): view()
 6 SYSTEMPATH/View/View.php(228): include('/home/dbmyfbuf/public_html/app/Views/landing/v_index.php')
 7 SYSTEMPATH/View/View.php(231): CodeIgniter\View\View->CodeIgniter\View\{closure}()
 8 SYSTEMPATH/Common.php(1178): CodeIgniter\View\View->render()
 9 APPPATH/Controllers/Landing.php(16): view()
10 SYSTEMPATH/CodeIgniter.php(943): App\Controllers\Landing->index()
11 SYSTEMPATH/CodeIgniter.php(503): CodeIgniter\CodeIgniter->runController()
12 SYSTEMPATH/CodeIgniter.php(361): CodeIgniter\CodeIgniter->handleRequest()
13 FCPATH/index.php(79): CodeIgniter\CodeIgniter->run()
CRITICAL - 2024-06-20 03:15:29 --> ErrorException: Undefined array key 2013
in APPPATH/Views/_partial_landing/_partial_header_mobile.php on line 4.
 1 APPPATH/Views/_partial_landing/_partial_header_mobile.php(4): CodeIgniter\Debug\Exceptions->errorHandler()
 2 SYSTEMPATH/View/View.php(228): include('/home/dbmyfbuf/public_html/app/Views/_partial_landing/_partial_header_mobile.php')
 3 SYSTEMPATH/View/View.php(231): CodeIgniter\View\View->CodeIgniter\View\{closure}()
 4 SYSTEMPATH/Common.php(1178): CodeIgniter\View\View->render()
 5 APPPATH/Views/landing/v_index.php(17): view()
 6 SYSTEMPATH/View/View.php(228): include('/home/dbmyfbuf/public_html/app/Views/landing/v_index.php')
 7 SYSTEMPATH/View/View.php(231): CodeIgniter\View\View->CodeIgniter\View\{closure}()
 8 SYSTEMPATH/Common.php(1178): CodeIgniter\View\View->render()
 9 APPPATH/Controllers/Landing.php(16): view()
10 SYSTEMPATH/CodeIgniter.php(943): App\Controllers\Landing->index()
11 SYSTEMPATH/CodeIgniter.php(503): CodeIgniter\CodeIgniter->runController()
12 SYSTEMPATH/CodeIgniter.php(361): CodeIgniter\CodeIgniter->handleRequest()
13 FCPATH/index.php(79): CodeIgniter\CodeIgniter->run()
CRITICAL - 2024-06-20 04:13:09 --> ErrorException: Undefined array key 2013
in APPPATH/Views/_partial_landing/_partial_header_mobile.php on line 4.
 1 APPPATH/Views/_partial_landing/_partial_header_mobile.php(4): CodeIgniter\Debug\Exceptions->errorHandler()
 2 SYSTEMPATH/View/View.php(228): include('/home/dbmyfbuf/public_html/app/Views/_partial_landing/_partial_header_mobile.php')
 3 SYSTEMPATH/View/View.php(231): CodeIgniter\View\View->CodeIgniter\View\{closure}()
 4 SYSTEMPATH/Common.php(1178): CodeIgniter\View\View->render()
 5 APPPATH/Views/landing/v_index.php(17): view()
 6 SYSTEMPATH/View/View.php(228): include('/home/dbmyfbuf/public_html/app/Views/landing/v_index.php')
 7 SYSTEMPATH/View/View.php(231): CodeIgniter\View\View->CodeIgniter\View\{closure}()
 8 SYSTEMPATH/Common.php(1178): CodeIgniter\View\View->render()
 9 APPPATH/Controllers/Landing.php(16): view()
10 SYSTEMPATH/CodeIgniter.php(943): App\Controllers\Landing->index()
11 SYSTEMPATH/CodeIgniter.php(503): CodeIgniter\CodeIgniter->runController()
12 SYSTEMPATH/CodeIgniter.php(361): CodeIgniter\CodeIgniter->handleRequest()
13 FCPATH/index.php(79): CodeIgniter\CodeIgniter->run()
CRITICAL - 2024-06-20 04:23:50 --> ErrorException: Undefined array key ".well-known"
in APPPATH/Views/_partial_landing/_partial_header_mobile.php on line 4.
 1 APPPATH/Views/_partial_landing/_partial_header_mobile.php(4): CodeIgniter\Debug\Exceptions->errorHandler()
 2 SYSTEMPATH/View/View.php(228): include('/home/dbmyfbuf/public_html/app/Views/_partial_landing/_partial_header_mobile.php')
 3 SYSTEMPATH/View/View.php(231): CodeIgniter\View\View->CodeIgniter\View\{closure}()
 4 SYSTEMPATH/Common.php(1178): CodeIgniter\View\View->render()
 5 APPPATH/Views/landing/v_index.php(17): view()
 6 SYSTEMPATH/View/View.php(228): include('/home/dbmyfbuf/public_html/app/Views/landing/v_index.php')
 7 SYSTEMPATH/View/View.php(231): CodeIgniter\View\View->CodeIgniter\View\{closure}()
 8 SYSTEMPATH/Common.php(1178): CodeIgniter\View\View->render()
 9 APPPATH/Controllers/Landing.php(16): view()
10 SYSTEMPATH/CodeIgniter.php(943): App\Controllers\Landing->index()
11 SYSTEMPATH/CodeIgniter.php(503): CodeIgniter\CodeIgniter->runController()
12 SYSTEMPATH/CodeIgniter.php(361): CodeIgniter\CodeIgniter->handleRequest()
13 FCPATH/index.php(79): CodeIgniter\CodeIgniter->run()
CRITICAL - 2024-06-20 04:23:51 --> ErrorException: Undefined array key ".well-known"
in APPPATH/Views/_partial_landing/_partial_header_mobile.php on line 4.
 1 APPPATH/Views/_partial_landing/_partial_header_mobile.php(4): CodeIgniter\Debug\Exceptions->errorHandler()
 2 SYSTEMPATH/View/View.php(228): include('/home/dbmyfbuf/public_html/app/Views/_partial_landing/_partial_header_mobile.php')
 3 SYSTEMPATH/View/View.php(231): CodeIgniter\View\View->CodeIgniter\View\{closure}()
 4 SYSTEMPATH/Common.php(1178): CodeIgniter\View\View->render()
 5 APPPATH/Views/landing/v_index.php(17): view()
 6 SYSTEMPATH/View/View.php(228): include('/home/dbmyfbuf/public_html/app/Views/landing/v_index.php')
 7 SYSTEMPATH/View/View.php(231): CodeIgniter\View\View->CodeIgniter\View\{closure}()
 8 SYSTEMPATH/Common.php(1178): CodeIgniter\View\View->render()
 9 APPPATH/Controllers/Landing.php(16): view()
10 SYSTEMPATH/CodeIgniter.php(943): App\Controllers\Landing->index()
11 SYSTEMPATH/CodeIgniter.php(503): CodeIgniter\CodeIgniter->runController()
12 SYSTEMPATH/CodeIgniter.php(361): CodeIgniter\CodeIgniter->handleRequest()
13 FCPATH/index.php(79): CodeIgniter\CodeIgniter->run()
CRITICAL - 2024-06-20 05:21:48 --> ErrorException: Undefined array key "search"
in APPPATH/Views/_partial_landing/_partial_header_mobile.php on line 4.
 1 APPPATH/Views/_partial_landing/_partial_header_mobile.php(4): CodeIgniter\Debug\Exceptions->errorHandler()
 2 SYSTEMPATH/View/View.php(228): include('/home/dbmyfbuf/public_html/app/Views/_partial_landing/_partial_header_mobile.php')
 3 SYSTEMPATH/View/View.php(231): CodeIgniter\View\View->CodeIgniter\View\{closure}()
 4 SYSTEMPATH/Common.php(1178): CodeIgniter\View\View->render()
 5 APPPATH/Views/landing/v_index.php(17): view()
 6 SYSTEMPATH/View/View.php(228): include('/home/dbmyfbuf/public_html/app/Views/landing/v_index.php')
 7 SYSTEMPATH/View/View.php(231): CodeIgniter\View\View->CodeIgniter\View\{closure}()
 8 SYSTEMPATH/Common.php(1178): CodeIgniter\View\View->render()
 9 APPPATH/Controllers/Landing.php(16): view()
10 SYSTEMPATH/CodeIgniter.php(943): App\Controllers\Landing->index()
11 SYSTEMPATH/CodeIgniter.php(503): CodeIgniter\CodeIgniter->runController()
12 SYSTEMPATH/CodeIgniter.php(361): CodeIgniter\CodeIgniter->handleRequest()
13 FCPATH/index.php(79): CodeIgniter\CodeIgniter->run()
CRITICAL - 2024-06-20 07:12:21 --> ErrorException: Undefined array key "www.sentracomp.com"
in APPPATH/Views/_partial_landing/_partial_header_mobile.php on line 4.
 1 APPPATH/Views/_partial_landing/_partial_header_mobile.php(4): CodeIgniter\Debug\Exceptions->errorHandler()
 2 SYSTEMPATH/View/View.php(228): include('/home/dbmyfbuf/public_html/app/Views/_partial_landing/_partial_header_mobile.php')
 3 SYSTEMPATH/View/View.php(231): CodeIgniter\View\View->CodeIgniter\View\{closure}()
 4 SYSTEMPATH/Common.php(1178): CodeIgniter\View\View->render()
 5 APPPATH/Views/landing/v_index.php(17): view()
 6 SYSTEMPATH/View/View.php(228): include('/home/dbmyfbuf/public_html/app/Views/landing/v_index.php')
 7 SYSTEMPATH/View/View.php(231): CodeIgniter\View\View->CodeIgniter\View\{closure}()
 8 SYSTEMPATH/Common.php(1178): CodeIgniter\View\View->render()
 9 APPPATH/Controllers/Landing.php(16): view()
10 SYSTEMPATH/CodeIgniter.php(943): App\Controllers\Landing->index()
11 SYSTEMPATH/CodeIgniter.php(503): CodeIgniter\CodeIgniter->runController()
12 SYSTEMPATH/CodeIgniter.php(361): CodeIgniter\CodeIgniter->handleRequest()
13 FCPATH/index.php(79): CodeIgniter\CodeIgniter->run()
CRITICAL - 2024-06-20 07:12:21 --> ErrorException: Undefined array key "www.sentracomp.com"
in APPPATH/Views/_partial_landing/_partial_header_mobile.php on line 4.
 1 APPPATH/Views/_partial_landing/_partial_header_mobile.php(4): CodeIgniter\Debug\Exceptions->errorHandler()
 2 SYSTEMPATH/View/View.php(228): include('/home/dbmyfbuf/public_html/app/Views/_partial_landing/_partial_header_mobile.php')
 3 SYSTEMPATH/View/View.php(231): CodeIgniter\View\View->CodeIgniter\View\{closure}()
 4 SYSTEMPATH/Common.php(1178): CodeIgniter\View\View->render()
 5 APPPATH/Views/landing/v_index.php(17): view()
 6 SYSTEMPATH/View/View.php(228): include('/home/dbmyfbuf/public_html/app/Views/landing/v_index.php')
 7 SYSTEMPATH/View/View.php(231): CodeIgniter\View\View->CodeIgniter\View\{closure}()
 8 SYSTEMPATH/Common.php(1178): CodeIgniter\View\View->render()
 9 APPPATH/Controllers/Landing.php(16): view()
10 SYSTEMPATH/CodeIgniter.php(943): App\Controllers\Landing->index()
11 SYSTEMPATH/CodeIgniter.php(503): CodeIgniter\CodeIgniter->runController()
12 SYSTEMPATH/CodeIgniter.php(361): CodeIgniter\CodeIgniter->handleRequest()
13 FCPATH/index.php(79): CodeIgniter\CodeIgniter->run()
CRITICAL - 2024-06-20 07:12:21 --> ErrorException: Undefined array key "www.sentracomp.com"
in APPPATH/Views/_partial_landing/_partial_header_mobile.php on line 4.
 1 APPPATH/Views/_partial_landing/_partial_header_mobile.php(4): CodeIgniter\Debug\Exceptions->errorHandler()
 2 SYSTEMPATH/View/View.php(228): include('/home/dbmyfbuf/public_html/app/Views/_partial_landing/_partial_header_mobile.php')
 3 SYSTEMPATH/View/View.php(231): CodeIgniter\View\View->CodeIgniter\View\{closure}()
 4 SYSTEMPATH/Common.php(1178): CodeIgniter\View\View->render()
 5 APPPATH/Views/landing/v_index.php(17): view()
 6 SYSTEMPATH/View/View.php(228): include('/home/dbmyfbuf/public_html/app/Views/landing/v_index.php')
 7 SYSTEMPATH/View/View.php(231): CodeIgniter\View\View->CodeIgniter\View\{closure}()
 8 SYSTEMPATH/Common.php(1178): CodeIgniter\View\View->render()
 9 APPPATH/Controllers/Landing.php(16): view()
10 SYSTEMPATH/CodeIgniter.php(943): App\Controllers\Landing->index()
11 SYSTEMPATH/CodeIgniter.php(503): CodeIgniter\CodeIgniter->runController()
12 SYSTEMPATH/CodeIgniter.php(361): CodeIgniter\CodeIgniter->handleRequest()
13 FCPATH/index.php(79): CodeIgniter\CodeIgniter->run()
CRITICAL - 2024-06-20 07:12:21 --> ErrorException: Undefined array key "www.sentracomp.com"
in APPPATH/Views/_partial_landing/_partial_header_mobile.php on line 4.
 1 APPPATH/Views/_partial_landing/_partial_header_mobile.php(4): CodeIgniter\Debug\Exceptions->errorHandler()
 2 SYSTEMPATH/View/View.php(228): include('/home/dbmyfbuf/public_html/app/Views/_partial_landing/_partial_header_mobile.php')
 3 SYSTEMPATH/View/View.php(231): CodeIgniter\View\View->CodeIgniter\View\{closure}()
 4 SYSTEMPATH/Common.php(1178): CodeIgniter\View\View->render()
 5 APPPATH/Views/landing/v_index.php(17): view()
 6 SYSTEMPATH/View/View.php(228): include('/home/dbmyfbuf/public_html/app/Views/landing/v_index.php')
 7 SYSTEMPATH/View/View.php(231): CodeIgniter\View\View->CodeIgniter\View\{closure}()
 8 SYSTEMPATH/Common.php(1178): CodeIgniter\View\View->render()
 9 APPPATH/Controllers/Landing.php(16): view()
10 SYSTEMPATH/CodeIgniter.php(943): App\Controllers\Landing->index()
11 SYSTEMPATH/CodeIgniter.php(503): CodeIgniter\CodeIgniter->runController()
12 SYSTEMPATH/CodeIgniter.php(361): CodeIgniter\CodeIgniter->handleRequest()
13 FCPATH/index.php(79): CodeIgniter\CodeIgniter->run()
CRITICAL - 2024-06-20 07:12:21 --> ErrorException: Undefined array key "www.sentracomp.com"
in APPPATH/Views/_partial_landing/_partial_header_mobile.php on line 4.
 1 APPPATH/Views/_partial_landing/_partial_header_mobile.php(4): CodeIgniter\Debug\Exceptions->errorHandler()
 2 SYSTEMPATH/View/View.php(228): include('/home/dbmyfbuf/public_html/app/Views/_partial_landing/_partial_header_mobile.php')
 3 SYSTEMPATH/View/View.php(231): CodeIgniter\View\View->CodeIgniter\View\{closure}()
 4 SYSTEMPATH/Common.php(1178): CodeIgniter\View\View->render()
 5 APPPATH/Views/landing/v_index.php(17): view()
 6 SYSTEMPATH/View/View.php(228): include('/home/dbmyfbuf/public_html/app/Views/landing/v_index.php')
 7 SYSTEMPATH/View/View.php(231): CodeIgniter\View\View->CodeIgniter\View\{closure}()
 8 SYSTEMPATH/Common.php(1178): CodeIgniter\View\View->render()
 9 APPPATH/Controllers/Landing.php(16): view()
10 SYSTEMPATH/CodeIgniter.php(943): App\Controllers\Landing->index()
11 SYSTEMPATH/CodeIgniter.php(503): CodeIgniter\CodeIgniter->runController()
12 SYSTEMPATH/CodeIgniter.php(361): CodeIgniter\CodeIgniter->handleRequest()
13 FCPATH/index.php(79): CodeIgniter\CodeIgniter->run()
CRITICAL - 2024-06-20 07:12:21 --> ErrorException: Undefined array key "www.sentracomp.com"
in APPPATH/Views/_partial_landing/_partial_header_mobile.php on line 4.
 1 APPPATH/Views/_partial_landing/_partial_header_mobile.php(4): CodeIgniter\Debug\Exceptions->errorHandler()
 2 SYSTEMPATH/View/View.php(228): include('/home/dbmyfbuf/public_html/app/Views/_partial_landing/_partial_header_mobile.php')
 3 SYSTEMPATH/View/View.php(231): CodeIgniter\View\View->CodeIgniter\View\{closure}()
 4 SYSTEMPATH/Common.php(1178): CodeIgniter\View\View->render()
 5 APPPATH/Views/landing/v_index.php(17): view()
 6 SYSTEMPATH/View/View.php(228): include('/home/dbmyfbuf/public_html/app/Views/landing/v_index.php')
 7 SYSTEMPATH/View/View.php(231): CodeIgniter\View\View->CodeIgniter\View\{closure}()
 8 SYSTEMPATH/Common.php(1178): CodeIgniter\View\View->render()
 9 APPPATH/Controllers/Landing.php(16): view()
10 SYSTEMPATH/CodeIgniter.php(943): App\Controllers\Landing->index()
11 SYSTEMPATH/CodeIgniter.php(503): CodeIgniter\CodeIgniter->runController()
12 SYSTEMPATH/CodeIgniter.php(361): CodeIgniter\CodeIgniter->handleRequest()
13 FCPATH/index.php(79): CodeIgniter\CodeIgniter->run()
CRITICAL - 2024-06-20 07:12:21 --> ErrorException: Undefined array key "www.sentracomp.com"
in APPPATH/Views/_partial_landing/_partial_header_mobile.php on line 4.
 1 APPPATH/Views/_partial_landing/_partial_header_mobile.php(4): CodeIgniter\Debug\Exceptions->errorHandler()
 2 SYSTEMPATH/View/View.php(228): include('/home/dbmyfbuf/public_html/app/Views/_partial_landing/_partial_header_mobile.php')
 3 SYSTEMPATH/View/View.php(231): CodeIgniter\View\View->CodeIgniter\View\{closure}()
 4 SYSTEMPATH/Common.php(1178): CodeIgniter\View\View->render()
 5 APPPATH/Views/landing/v_index.php(17): view()
 6 SYSTEMPATH/View/View.php(228): include('/home/dbmyfbuf/public_html/app/Views/landing/v_index.php')
 7 SYSTEMPATH/View/View.php(231): CodeIgniter\View\View->CodeIgniter\View\{closure}()
 8 SYSTEMPATH/Common.php(1178): CodeIgniter\View\View->render()
 9 APPPATH/Controllers/Landing.php(16): view()
10 SYSTEMPATH/CodeIgniter.php(943): App\Controllers\Landing->index()
11 SYSTEMPATH/CodeIgniter.php(503): CodeIgniter\CodeIgniter->runController()
12 SYSTEMPATH/CodeIgniter.php(361): CodeIgniter\CodeIgniter->handleRequest()
13 FCPATH/index.php(79): CodeIgniter\CodeIgniter->run()
CRITICAL - 2024-06-20 07:12:21 --> ErrorException: Undefined array key "www.sentracomp.com"
in APPPATH/Views/_partial_landing/_partial_header_mobile.php on line 4.
 1 APPPATH/Views/_partial_landing/_partial_header_mobile.php(4): CodeIgniter\Debug\Exceptions->errorHandler()
 2 SYSTEMPATH/View/View.php(228): include('/home/dbmyfbuf/public_html/app/Views/_partial_landing/_partial_header_mobile.php')
 3 SYSTEMPATH/View/View.php(231): CodeIgniter\View\View->CodeIgniter\View\{closure}()
 4 SYSTEMPATH/Common.php(1178): CodeIgniter\View\View->render()
 5 APPPATH/Views/landing/v_index.php(17): view()
 6 SYSTEMPATH/View/View.php(228): include('/home/dbmyfbuf/public_html/app/Views/landing/v_index.php')
 7 SYSTEMPATH/View/View.php(231): CodeIgniter\View\View->CodeIgniter\View\{closure}()
 8 SYSTEMPATH/Common.php(1178): CodeIgniter\View\View->render()
 9 APPPATH/Controllers/Landing.php(16): view()
10 SYSTEMPATH/CodeIgniter.php(943): App\Controllers\Landing->index()
11 SYSTEMPATH/CodeIgniter.php(503): CodeIgniter\CodeIgniter->runController()
12 SYSTEMPATH/CodeIgniter.php(361): CodeIgniter\CodeIgniter->handleRequest()
13 FCPATH/index.php(79): CodeIgniter\CodeIgniter->run()
CRITICAL - 2024-06-20 07:12:22 --> ErrorException: Undefined array key "www.sentracomp.com"
in APPPATH/Views/_partial_landing/_partial_header_mobile.php on line 4.
 1 APPPATH/Views/_partial_landing/_partial_header_mobile.php(4): CodeIgniter\Debug\Exceptions->errorHandler()
 2 SYSTEMPATH/View/View.php(228): include('/home/dbmyfbuf/public_html/app/Views/_partial_landing/_partial_header_mobile.php')
 3 SYSTEMPATH/View/View.php(231): CodeIgniter\View\View->CodeIgniter\View\{closure}()
 4 SYSTEMPATH/Common.php(1178): CodeIgniter\View\View->render()
 5 APPPATH/Views/landing/v_index.php(17): view()
 6 SYSTEMPATH/View/View.php(228): include('/home/dbmyfbuf/public_html/app/Views/landing/v_index.php')
 7 SYSTEMPATH/View/View.php(231): CodeIgniter\View\View->CodeIgniter\View\{closure}()
 8 SYSTEMPATH/Common.php(1178): CodeIgniter\View\View->render()
 9 APPPATH/Controllers/Landing.php(16): view()
10 SYSTEMPATH/CodeIgniter.php(943): App\Controllers\Landing->index()
11 SYSTEMPATH/CodeIgniter.php(503): CodeIgniter\CodeIgniter->runController()
12 SYSTEMPATH/CodeIgniter.php(361): CodeIgniter\CodeIgniter->handleRequest()
13 FCPATH/index.php(79): CodeIgniter\CodeIgniter->run()
CRITICAL - 2024-06-20 07:12:22 --> ErrorException: Undefined array key "www.sentracomp.com"
in APPPATH/Views/_partial_landing/_partial_header_mobile.php on line 4.
 1 APPPATH/Views/_partial_landing/_partial_header_mobile.php(4): CodeIgniter\Debug\Exceptions->errorHandler()
 2 SYSTEMPATH/View/View.php(228): include('/home/dbmyfbuf/public_html/app/Views/_partial_landing/_partial_header_mobile.php')
 3 SYSTEMPATH/View/View.php(231): CodeIgniter\View\View->CodeIgniter\View\{closure}()
 4 SYSTEMPATH/Common.php(1178): CodeIgniter\View\View->render()
 5 APPPATH/Views/landing/v_index.php(17): view()
 6 SYSTEMPATH/View/View.php(228): include('/home/dbmyfbuf/public_html/app/Views/landing/v_index.php')
 7 SYSTEMPATH/View/View.php(231): CodeIgniter\View\View->CodeIgniter\View\{closure}()
 8 SYSTEMPATH/Common.php(1178): CodeIgniter\View\View->render()
 9 APPPATH/Controllers/Landing.php(16): view()
10 SYSTEMPATH/CodeIgniter.php(943): App\Controllers\Landing->index()
11 SYSTEMPATH/CodeIgniter.php(503): CodeIgniter\CodeIgniter->runController()
12 SYSTEMPATH/CodeIgniter.php(361): CodeIgniter\CodeIgniter->handleRequest()
13 FCPATH/index.php(79): CodeIgniter\CodeIgniter->run()
CRITICAL - 2024-06-20 07:12:22 --> ErrorException: Undefined array key "www.sentracomp.com"
in APPPATH/Views/_partial_landing/_partial_header_mobile.php on line 4.
 1 APPPATH/Views/_partial_landing/_partial_header_mobile.php(4): CodeIgniter\Debug\Exceptions->errorHandler()
 2 SYSTEMPATH/View/View.php(228): include('/home/dbmyfbuf/public_html/app/Views/_partial_landing/_partial_header_mobile.php')
 3 SYSTEMPATH/View/View.php(231): CodeIgniter\View\View->CodeIgniter\View\{closure}()
 4 SYSTEMPATH/Common.php(1178): CodeIgniter\View\View->render()
 5 APPPATH/Views/landing/v_index.php(17): view()
 6 SYSTEMPATH/View/View.php(228): include('/home/dbmyfbuf/public_html/app/Views/landing/v_index.php')
 7 SYSTEMPATH/View/View.php(231): CodeIgniter\View\View->CodeIgniter\View\{closure}()
 8 SYSTEMPATH/Common.php(1178): CodeIgniter\View\View->render()
 9 APPPATH/Controllers/Landing.php(16): view()
10 SYSTEMPATH/CodeIgniter.php(943): App\Controllers\Landing->index()
11 SYSTEMPATH/CodeIgniter.php(503): CodeIgniter\CodeIgniter->runController()
12 SYSTEMPATH/CodeIgniter.php(361): CodeIgniter\CodeIgniter->handleRequest()
13 FCPATH/index.php(79): CodeIgniter\CodeIgniter->run()
CRITICAL - 2024-06-20 07:12:22 --> ErrorException: Undefined array key "a.nel.cloud"
in APPPATH/Views/_partial_landing/_partial_header_mobile.php on line 4.
 1 APPPATH/Views/_partial_landing/_partial_header_mobile.php(4): CodeIgniter\Debug\Exceptions->errorHandler()
 2 SYSTEMPATH/View/View.php(228): include('/home/dbmyfbuf/public_html/app/Views/_partial_landing/_partial_header_mobile.php')
 3 SYSTEMPATH/View/View.php(231): CodeIgniter\View\View->CodeIgniter\View\{closure}()
 4 SYSTEMPATH/Common.php(1178): CodeIgniter\View\View->render()
 5 APPPATH/Views/landing/v_index.php(17): view()
 6 SYSTEMPATH/View/View.php(228): include('/home/dbmyfbuf/public_html/app/Views/landing/v_index.php')
 7 SYSTEMPATH/View/View.php(231): CodeIgniter\View\View->CodeIgniter\View\{closure}()
 8 SYSTEMPATH/Common.php(1178): CodeIgniter\View\View->render()
 9 APPPATH/Controllers/Landing.php(16): view()
10 SYSTEMPATH/CodeIgniter.php(943): App\Controllers\Landing->index()
11 SYSTEMPATH/CodeIgniter.php(503): CodeIgniter\CodeIgniter->runController()
12 SYSTEMPATH/CodeIgniter.php(361): CodeIgniter\CodeIgniter->handleRequest()
13 FCPATH/index.php(79): CodeIgniter\CodeIgniter->run()
CRITICAL - 2024-06-20 07:12:22 --> ErrorException: Undefined array key "www.sentracomp.com"
in APPPATH/Views/_partial_landing/_partial_header_mobile.php on line 4.
 1 APPPATH/Views/_partial_landing/_partial_header_mobile.php(4): CodeIgniter\Debug\Exceptions->errorHandler()
 2 SYSTEMPATH/View/View.php(228): include('/home/dbmyfbuf/public_html/app/Views/_partial_landing/_partial_header_mobile.php')
 3 SYSTEMPATH/View/View.php(231): CodeIgniter\View\View->CodeIgniter\View\{closure}()
 4 SYSTEMPATH/Common.php(1178): CodeIgniter\View\View->render()
 5 APPPATH/Views/landing/v_index.php(17): view()
 6 SYSTEMPATH/View/View.php(228): include('/home/dbmyfbuf/public_html/app/Views/landing/v_index.php')
 7 SYSTEMPATH/View/View.php(231): CodeIgniter\View\View->CodeIgniter\View\{closure}()
 8 SYSTEMPATH/Common.php(1178): CodeIgniter\View\View->render()
 9 APPPATH/Controllers/Landing.php(16): view()
10 SYSTEMPATH/CodeIgniter.php(943): App\Controllers\Landing->index()
11 SYSTEMPATH/CodeIgniter.php(503): CodeIgniter\CodeIgniter->runController()
12 SYSTEMPATH/CodeIgniter.php(361): CodeIgniter\CodeIgniter->handleRequest()
13 FCPATH/index.php(79): CodeIgniter\CodeIgniter->run()
CRITICAL - 2024-06-20 07:12:23 --> ErrorException: Undefined array key "www.sentracomp.com"
in APPPATH/Views/_partial_landing/_partial_header_mobile.php on line 4.
 1 APPPATH/Views/_partial_landing/_partial_header_mobile.php(4): CodeIgniter\Debug\Exceptions->errorHandler()
 2 SYSTEMPATH/View/View.php(228): include('/home/dbmyfbuf/public_html/app/Views/_partial_landing/_partial_header_mobile.php')
 3 SYSTEMPATH/View/View.php(231): CodeIgniter\View\View->CodeIgniter\View\{closure}()
 4 SYSTEMPATH/Common.php(1178): CodeIgniter\View\View->render()
 5 APPPATH/Views/landing/v_index.php(17): view()
 6 SYSTEMPATH/View/View.php(228): include('/home/dbmyfbuf/public_html/app/Views/landing/v_index.php')
 7 SYSTEMPATH/View/View.php(231): CodeIgniter\View\View->CodeIgniter\View\{closure}()
 8 SYSTEMPATH/Common.php(1178): CodeIgniter\View\View->render()
 9 APPPATH/Controllers/Landing.php(16): view()
10 SYSTEMPATH/CodeIgniter.php(943): App\Controllers\Landing->index()
11 SYSTEMPATH/CodeIgniter.php(503): CodeIgniter\CodeIgniter->runController()
12 SYSTEMPATH/CodeIgniter.php(361): CodeIgniter\CodeIgniter->handleRequest()
13 FCPATH/index.php(79): CodeIgniter\CodeIgniter->run()
CRITICAL - 2024-06-20 07:12:24 --> ErrorException: Undefined array key "www.sentracomp.com"
in APPPATH/Views/_partial_landing/_partial_header_mobile.php on line 4.
 1 APPPATH/Views/_partial_landing/_partial_header_mobile.php(4): CodeIgniter\Debug\Exceptions->errorHandler()
 2 SYSTEMPATH/View/View.php(228): include('/home/dbmyfbuf/public_html/app/Views/_partial_landing/_partial_header_mobile.php')
 3 SYSTEMPATH/View/View.php(231): CodeIgniter\View\View->CodeIgniter\View\{closure}()
 4 SYSTEMPATH/Common.php(1178): CodeIgniter\View\View->render()
 5 APPPATH/Views/landing/v_index.php(17): view()
 6 SYSTEMPATH/View/View.php(228): include('/home/dbmyfbuf/public_html/app/Views/landing/v_index.php')
 7 SYSTEMPATH/View/View.php(231): CodeIgniter\View\View->CodeIgniter\View\{closure}()
 8 SYSTEMPATH/Common.php(1178): CodeIgniter\View\View->render()
 9 APPPATH/Controllers/Landing.php(16): view()
10 SYSTEMPATH/CodeIgniter.php(943): App\Controllers\Landing->index()
11 SYSTEMPATH/CodeIgniter.php(503): CodeIgniter\CodeIgniter->runController()
12 SYSTEMPATH/CodeIgniter.php(361): CodeIgniter\CodeIgniter->handleRequest()
13 FCPATH/index.php(79): CodeIgniter\CodeIgniter->run()
CRITICAL - 2024-06-20 07:12:24 --> ErrorException: Undefined array key "www.sentracomp.com"
in APPPATH/Views/_partial_landing/_partial_header_mobile.php on line 4.
 1 APPPATH/Views/_partial_landing/_partial_header_mobile.php(4): CodeIgniter\Debug\Exceptions->errorHandler()
 2 SYSTEMPATH/View/View.php(228): include('/home/dbmyfbuf/public_html/app/Views/_partial_landing/_partial_header_mobile.php')
 3 SYSTEMPATH/View/View.php(231): CodeIgniter\View\View->CodeIgniter\View\{closure}()
 4 SYSTEMPATH/Common.php(1178): CodeIgniter\View\View->render()
 5 APPPATH/Views/landing/v_index.php(17): view()
 6 SYSTEMPATH/View/View.php(228): include('/home/dbmyfbuf/public_html/app/Views/landing/v_index.php')
 7 SYSTEMPATH/View/View.php(231): CodeIgniter\View\View->CodeIgniter\View\{closure}()
 8 SYSTEMPATH/Common.php(1178): CodeIgniter\View\View->render()
 9 APPPATH/Controllers/Landing.php(16): view()
10 SYSTEMPATH/CodeIgniter.php(943): App\Controllers\Landing->index()
11 SYSTEMPATH/CodeIgniter.php(503): CodeIgniter\CodeIgniter->runController()
12 SYSTEMPATH/CodeIgniter.php(361): CodeIgniter\CodeIgniter->handleRequest()
13 FCPATH/index.php(79): CodeIgniter\CodeIgniter->run()
CRITICAL - 2024-06-20 07:12:24 --> ErrorException: Undefined array key "www.sentracomp.com"
in APPPATH/Views/_partial_landing/_partial_header_mobile.php on line 4.
 1 APPPATH/Views/_partial_landing/_partial_header_mobile.php(4): CodeIgniter\Debug\Exceptions->errorHandler()
 2 SYSTEMPATH/View/View.php(228): include('/home/dbmyfbuf/public_html/app/Views/_partial_landing/_partial_header_mobile.php')
 3 SYSTEMPATH/View/View.php(231): CodeIgniter\View\View->CodeIgniter\View\{closure}()
 4 SYSTEMPATH/Common.php(1178): CodeIgniter\View\View->render()
 5 APPPATH/Views/landing/v_index.php(17): view()
 6 SYSTEMPATH/View/View.php(228): include('/home/dbmyfbuf/public_html/app/Views/landing/v_index.php')
 7 SYSTEMPATH/View/View.php(231): CodeIgniter\View\View->CodeIgniter\View\{closure}()
 8 SYSTEMPATH/Common.php(1178): CodeIgniter\View\View->render()
 9 APPPATH/Controllers/Landing.php(16): view()
10 SYSTEMPATH/CodeIgniter.php(943): App\Controllers\Landing->index()
11 SYSTEMPATH/CodeIgniter.php(503): CodeIgniter\CodeIgniter->runController()
12 SYSTEMPATH/CodeIgniter.php(361): CodeIgniter\CodeIgniter->handleRequest()
13 FCPATH/index.php(79): CodeIgniter\CodeIgniter->run()
CRITICAL - 2024-06-20 07:12:25 --> ErrorException: Undefined array key "www.sentracomp.com"
in APPPATH/Views/_partial_landing/_partial_header_mobile.php on line 4.
 1 APPPATH/Views/_partial_landing/_partial_header_mobile.php(4): CodeIgniter\Debug\Exceptions->errorHandler()
 2 SYSTEMPATH/View/View.php(228): include('/home/dbmyfbuf/public_html/app/Views/_partial_landing/_partial_header_mobile.php')
 3 SYSTEMPATH/View/View.php(231): CodeIgniter\View\View->CodeIgniter\View\{closure}()
 4 SYSTEMPATH/Common.php(1178): CodeIgniter\View\View->render()
 5 APPPATH/Views/landing/v_index.php(17): view()
 6 SYSTEMPATH/View/View.php(228): include('/home/dbmyfbuf/public_html/app/Views/landing/v_index.php')
 7 SYSTEMPATH/View/View.php(231): CodeIgniter\View\View->CodeIgniter\View\{closure}()
 8 SYSTEMPATH/Common.php(1178): CodeIgniter\View\View->render()
 9 APPPATH/Controllers/Landing.php(16): view()
10 SYSTEMPATH/CodeIgniter.php(943): App\Controllers\Landing->index()
11 SYSTEMPATH/CodeIgniter.php(503): CodeIgniter\CodeIgniter->runController()
12 SYSTEMPATH/CodeIgniter.php(361): CodeIgniter\CodeIgniter->handleRequest()
13 FCPATH/index.php(79): CodeIgniter\CodeIgniter->run()
CRITICAL - 2024-06-20 07:40:45 --> ErrorException: Undefined array key "search"
in APPPATH/Views/_partial_landing/_partial_header_mobile.php on line 4.
 1 APPPATH/Views/_partial_landing/_partial_header_mobile.php(4): CodeIgniter\Debug\Exceptions->errorHandler()
 2 SYSTEMPATH/View/View.php(228): include('/home/dbmyfbuf/public_html/app/Views/_partial_landing/_partial_header_mobile.php')
 3 SYSTEMPATH/View/View.php(231): CodeIgniter\View\View->CodeIgniter\View\{closure}()
 4 SYSTEMPATH/Common.php(1178): CodeIgniter\View\View->render()
 5 APPPATH/Views/landing/v_index.php(17): view()
 6 SYSTEMPATH/View/View.php(228): include('/home/dbmyfbuf/public_html/app/Views/landing/v_index.php')
 7 SYSTEMPATH/View/View.php(231): CodeIgniter\View\View->CodeIgniter\View\{closure}()
 8 SYSTEMPATH/Common.php(1178): CodeIgniter\View\View->render()
 9 APPPATH/Controllers/Landing.php(16): view()
10 SYSTEMPATH/CodeIgniter.php(943): App\Controllers\Landing->index()
11 SYSTEMPATH/CodeIgniter.php(503): CodeIgniter\CodeIgniter->runController()
12 SYSTEMPATH/CodeIgniter.php(361): CodeIgniter\CodeIgniter->handleRequest()
13 FCPATH/index.php(79): CodeIgniter\CodeIgniter->run()
CRITICAL - 2024-06-20 09:47:18 --> ErrorException: Undefined array key "search"
in APPPATH/Views/_partial_landing/_partial_header_mobile.php on line 4.
 1 APPPATH/Views/_partial_landing/_partial_header_mobile.php(4): CodeIgniter\Debug\Exceptions->errorHandler()
 2 SYSTEMPATH/View/View.php(228): include('/home/dbmyfbuf/public_html/app/Views/_partial_landing/_partial_header_mobile.php')
 3 SYSTEMPATH/View/View.php(231): CodeIgniter\View\View->CodeIgniter\View\{closure}()
 4 SYSTEMPATH/Common.php(1178): CodeIgniter\View\View->render()
 5 APPPATH/Views/landing/v_index.php(17): view()
 6 SYSTEMPATH/View/View.php(228): include('/home/dbmyfbuf/public_html/app/Views/landing/v_index.php')
 7 SYSTEMPATH/View/View.php(231): CodeIgniter\View\View->CodeIgniter\View\{closure}()
 8 SYSTEMPATH/Common.php(1178): CodeIgniter\View\View->render()
 9 APPPATH/Controllers/Landing.php(16): view()
10 SYSTEMPATH/CodeIgniter.php(943): App\Controllers\Landing->index()
11 SYSTEMPATH/CodeIgniter.php(503): CodeIgniter\CodeIgniter->runController()
12 SYSTEMPATH/CodeIgniter.php(361): CodeIgniter\CodeIgniter->handleRequest()
13 FCPATH/index.php(79): CodeIgniter\CodeIgniter->run()
CRITICAL - 2024-06-20 11:06:11 --> ErrorException: Undefined array key 2013
in APPPATH/Views/_partial_landing/_partial_header_mobile.php on line 4.
 1 APPPATH/Views/_partial_landing/_partial_header_mobile.php(4): CodeIgniter\Debug\Exceptions->errorHandler()
 2 SYSTEMPATH/View/View.php(228): include('/home/dbmyfbuf/public_html/app/Views/_partial_landing/_partial_header_mobile.php')
 3 SYSTEMPATH/View/View.php(231): CodeIgniter\View\View->CodeIgniter\View\{closure}()
 4 SYSTEMPATH/Common.php(1178): CodeIgniter\View\View->render()
 5 APPPATH/Views/landing/v_index.php(17): view()
 6 SYSTEMPATH/View/View.php(228): include('/home/dbmyfbuf/public_html/app/Views/landing/v_index.php')
 7 SYSTEMPATH/View/View.php(231): CodeIgniter\View\View->CodeIgniter\View\{closure}()
 8 SYSTEMPATH/Common.php(1178): CodeIgniter\View\View->render()
 9 APPPATH/Controllers/Landing.php(16): view()
10 SYSTEMPATH/CodeIgniter.php(943): App\Controllers\Landing->index()
11 SYSTEMPATH/CodeIgniter.php(503): CodeIgniter\CodeIgniter->runController()
12 SYSTEMPATH/CodeIgniter.php(361): CodeIgniter\CodeIgniter->handleRequest()
13 FCPATH/index.php(79): CodeIgniter\CodeIgniter->run()
CRITICAL - 2024-06-20 11:14:39 --> ErrorException: Undefined array key "search"
in APPPATH/Views/_partial_landing/_partial_header_mobile.php on line 4.
 1 APPPATH/Views/_partial_landing/_partial_header_mobile.php(4): CodeIgniter\Debug\Exceptions->errorHandler()
 2 SYSTEMPATH/View/View.php(228): include('/home/dbmyfbuf/public_html/app/Views/_partial_landing/_partial_header_mobile.php')
 3 SYSTEMPATH/View/View.php(231): CodeIgniter\View\View->CodeIgniter\View\{closure}()
 4 SYSTEMPATH/Common.php(1178): CodeIgniter\View\View->render()
 5 APPPATH/Views/landing/v_index.php(17): view()
 6 SYSTEMPATH/View/View.php(228): include('/home/dbmyfbuf/public_html/app/Views/landing/v_index.php')
 7 SYSTEMPATH/View/View.php(231): CodeIgniter\View\View->CodeIgniter\View\{closure}()
 8 SYSTEMPATH/Common.php(1178): CodeIgniter\View\View->render()
 9 APPPATH/Controllers/Landing.php(16): view()
10 SYSTEMPATH/CodeIgniter.php(943): App\Controllers\Landing->index()
11 SYSTEMPATH/CodeIgniter.php(503): CodeIgniter\CodeIgniter->runController()
12 SYSTEMPATH/CodeIgniter.php(361): CodeIgniter\CodeIgniter->handleRequest()
13 FCPATH/index.php(79): CodeIgniter\CodeIgniter->run()
CRITICAL - 2024-06-20 12:23:39 --> ErrorException: Undefined array key "2013_02_01_archive.html"
in APPPATH/Views/_partial_landing/_partial_header_mobile.php on line 4.
 1 APPPATH/Views/_partial_landing/_partial_header_mobile.php(4): CodeIgniter\Debug\Exceptions->errorHandler()
 2 SYSTEMPATH/View/View.php(228): include('/home/dbmyfbuf/public_html/app/Views/_partial_landing/_partial_header_mobile.php')
 3 SYSTEMPATH/View/View.php(231): CodeIgniter\View\View->CodeIgniter\View\{closure}()
 4 SYSTEMPATH/Common.php(1178): CodeIgniter\View\View->render()
 5 APPPATH/Views/landing/v_index.php(17): view()
 6 SYSTEMPATH/View/View.php(228): include('/home/dbmyfbuf/public_html/app/Views/landing/v_index.php')
 7 SYSTEMPATH/View/View.php(231): CodeIgniter\View\View->CodeIgniter\View\{closure}()
 8 SYSTEMPATH/Common.php(1178): CodeIgniter\View\View->render()
 9 APPPATH/Controllers/Landing.php(16): view()
10 SYSTEMPATH/CodeIgniter.php(943): App\Controllers\Landing->index()
11 SYSTEMPATH/CodeIgniter.php(503): CodeIgniter\CodeIgniter->runController()
12 SYSTEMPATH/CodeIgniter.php(361): CodeIgniter\CodeIgniter->handleRequest()
13 FCPATH/index.php(79): CodeIgniter\CodeIgniter->run()
CRITICAL - 2024-06-20 13:53:15 --> ErrorException: Undefined array key 2013
in APPPATH/Views/_partial_landing/_partial_header_mobile.php on line 4.
 1 APPPATH/Views/_partial_landing/_partial_header_mobile.php(4): CodeIgniter\Debug\Exceptions->errorHandler()
 2 SYSTEMPATH/View/View.php(228): include('/home/dbmyfbuf/public_html/app/Views/_partial_landing/_partial_header_mobile.php')
 3 SYSTEMPATH/View/View.php(231): CodeIgniter\View\View->CodeIgniter\View\{closure}()
 4 SYSTEMPATH/Common.php(1178): CodeIgniter\View\View->render()
 5 APPPATH/Views/landing/v_index.php(17): view()
 6 SYSTEMPATH/View/View.php(228): include('/home/dbmyfbuf/public_html/app/Views/landing/v_index.php')
 7 SYSTEMPATH/View/View.php(231): CodeIgniter\View\View->CodeIgniter\View\{closure}()
 8 SYSTEMPATH/Common.php(1178): CodeIgniter\View\View->render()
 9 APPPATH/Controllers/Landing.php(16): view()
10 SYSTEMPATH/CodeIgniter.php(943): App\Controllers\Landing->index()
11 SYSTEMPATH/CodeIgniter.php(503): CodeIgniter\CodeIgniter->runController()
12 SYSTEMPATH/CodeIgniter.php(361): CodeIgniter\CodeIgniter->handleRequest()
13 FCPATH/index.php(79): CodeIgniter\CodeIgniter->run()
CRITICAL - 2024-06-20 14:18:44 --> ErrorException: Undefined array key 2013
in APPPATH/Views/_partial_landing/_partial_header_mobile.php on line 4.
 1 APPPATH/Views/_partial_landing/_partial_header_mobile.php(4): CodeIgniter\Debug\Exceptions->errorHandler()
 2 SYSTEMPATH/View/View.php(228): include('/home/dbmyfbuf/public_html/app/Views/_partial_landing/_partial_header_mobile.php')
 3 SYSTEMPATH/View/View.php(231): CodeIgniter\View\View->CodeIgniter\View\{closure}()
 4 SYSTEMPATH/Common.php(1178): CodeIgniter\View\View->render()
 5 APPPATH/Views/landing/v_index.php(17): view()
 6 SYSTEMPATH/View/View.php(228): include('/home/dbmyfbuf/public_html/app/Views/landing/v_index.php')
 7 SYSTEMPATH/View/View.php(231): CodeIgniter\View\View->CodeIgniter\View\{closure}()
 8 SYSTEMPATH/Common.php(1178): CodeIgniter\View\View->render()
 9 APPPATH/Controllers/Landing.php(16): view()
10 SYSTEMPATH/CodeIgniter.php(943): App\Controllers\Landing->index()
11 SYSTEMPATH/CodeIgniter.php(503): CodeIgniter\CodeIgniter->runController()
12 SYSTEMPATH/CodeIgniter.php(361): CodeIgniter\CodeIgniter->handleRequest()
13 FCPATH/index.php(79): CodeIgniter\CodeIgniter->run()
CRITICAL - 2024-06-20 14:31:47 --> ErrorException: Undefined array key "keikaku.php"
in APPPATH/Views/_partial_landing/_partial_header_mobile.php on line 4.
 1 APPPATH/Views/_partial_landing/_partial_header_mobile.php(4): CodeIgniter\Debug\Exceptions->errorHandler()
 2 SYSTEMPATH/View/View.php(228): include('/home/dbmyfbuf/public_html/app/Views/_partial_landing/_partial_header_mobile.php')
 3 SYSTEMPATH/View/View.php(231): CodeIgniter\View\View->CodeIgniter\View\{closure}()
 4 SYSTEMPATH/Common.php(1178): CodeIgniter\View\View->render()
 5 APPPATH/Views/landing/v_index.php(17): view()
 6 SYSTEMPATH/View/View.php(228): include('/home/dbmyfbuf/public_html/app/Views/landing/v_index.php')
 7 SYSTEMPATH/View/View.php(231): CodeIgniter\View\View->CodeIgniter\View\{closure}()
 8 SYSTEMPATH/Common.php(1178): CodeIgniter\View\View->render()
 9 APPPATH/Controllers/Landing.php(16): view()
10 SYSTEMPATH/CodeIgniter.php(943): App\Controllers\Landing->index()
11 SYSTEMPATH/CodeIgniter.php(503): CodeIgniter\CodeIgniter->runController()
12 SYSTEMPATH/CodeIgniter.php(361): CodeIgniter\CodeIgniter->handleRequest()
13 FCPATH/index.php(79): CodeIgniter\CodeIgniter->run()
CRITICAL - 2024-06-20 15:13:12 --> ErrorException: Undefined array key 2013
in APPPATH/Views/_partial_landing/_partial_header_mobile.php on line 4.
 1 APPPATH/Views/_partial_landing/_partial_header_mobile.php(4): CodeIgniter\Debug\Exceptions->errorHandler()
 2 SYSTEMPATH/View/View.php(228): include('/home/dbmyfbuf/public_html/app/Views/_partial_landing/_partial_header_mobile.php')
 3 SYSTEMPATH/View/View.php(231): CodeIgniter\View\View->CodeIgniter\View\{closure}()
 4 SYSTEMPATH/Common.php(1178): CodeIgniter\View\View->render()
 5 APPPATH/Views/landing/v_index.php(17): view()
 6 SYSTEMPATH/View/View.php(228): include('/home/dbmyfbuf/public_html/app/Views/landing/v_index.php')
 7 SYSTEMPATH/View/View.php(231): CodeIgniter\View\View->CodeIgniter\View\{closure}()
 8 SYSTEMPATH/Common.php(1178): CodeIgniter\View\View->render()
 9 APPPATH/Controllers/Landing.php(16): view()
10 SYSTEMPATH/CodeIgniter.php(943): App\Controllers\Landing->index()
11 SYSTEMPATH/CodeIgniter.php(503): CodeIgniter\CodeIgniter->runController()
12 SYSTEMPATH/CodeIgniter.php(361): CodeIgniter\CodeIgniter->handleRequest()
13 FCPATH/index.php(79): CodeIgniter\CodeIgniter->run()
CRITICAL - 2024-06-20 15:27:43 --> ErrorException: Undefined array key 2013
in APPPATH/Views/_partial_landing/_partial_header_mobile.php on line 4.
 1 APPPATH/Views/_partial_landing/_partial_header_mobile.php(4): CodeIgniter\Debug\Exceptions->errorHandler()
 2 SYSTEMPATH/View/View.php(228): include('/home/dbmyfbuf/public_html/app/Views/_partial_landing/_partial_header_mobile.php')
 3 SYSTEMPATH/View/View.php(231): CodeIgniter\View\View->CodeIgniter\View\{closure}()
 4 SYSTEMPATH/Common.php(1178): CodeIgniter\View\View->render()
 5 APPPATH/Views/landing/v_index.php(17): view()
 6 SYSTEMPATH/View/View.php(228): include('/home/dbmyfbuf/public_html/app/Views/landing/v_index.php')
 7 SYSTEMPATH/View/View.php(231): CodeIgniter\View\View->CodeIgniter\View\{closure}()
 8 SYSTEMPATH/Common.php(1178): CodeIgniter\View\View->render()
 9 APPPATH/Controllers/Landing.php(16): view()
10 SYSTEMPATH/CodeIgniter.php(943): App\Controllers\Landing->index()
11 SYSTEMPATH/CodeIgniter.php(503): CodeIgniter\CodeIgniter->runController()
12 SYSTEMPATH/CodeIgniter.php(361): CodeIgniter\CodeIgniter->handleRequest()
13 FCPATH/index.php(79): CodeIgniter\CodeIgniter->run()
CRITICAL - 2024-06-20 15:36:41 --> ErrorException: Undefined array key 2013
in APPPATH/Views/_partial_landing/_partial_header_mobile.php on line 4.
 1 APPPATH/Views/_partial_landing/_partial_header_mobile.php(4): CodeIgniter\Debug\Exceptions->errorHandler()
 2 SYSTEMPATH/View/View.php(228): include('/home/dbmyfbuf/public_html/app/Views/_partial_landing/_partial_header_mobile.php')
 3 SYSTEMPATH/View/View.php(231): CodeIgniter\View\View->CodeIgniter\View\{closure}()
 4 SYSTEMPATH/Common.php(1178): CodeIgniter\View\View->render()
 5 APPPATH/Views/landing/v_index.php(17): view()
 6 SYSTEMPATH/View/View.php(228): include('/home/dbmyfbuf/public_html/app/Views/landing/v_index.php')
 7 SYSTEMPATH/View/View.php(231): CodeIgniter\View\View->CodeIgniter\View\{closure}()
 8 SYSTEMPATH/Common.php(1178): CodeIgniter\View\View->render()
 9 APPPATH/Controllers/Landing.php(16): view()
10 SYSTEMPATH/CodeIgniter.php(943): App\Controllers\Landing->index()
11 SYSTEMPATH/CodeIgniter.php(503): CodeIgniter\CodeIgniter->runController()
12 SYSTEMPATH/CodeIgniter.php(361): CodeIgniter\CodeIgniter->handleRequest()
13 FCPATH/index.php(79): CodeIgniter\CodeIgniter->run()
CRITICAL - 2024-06-20 21:14:27 --> ErrorException: Undefined array key "feeds"
in APPPATH/Views/_partial_landing/_partial_header_mobile.php on line 4.
 1 APPPATH/Views/_partial_landing/_partial_header_mobile.php(4): CodeIgniter\Debug\Exceptions->errorHandler()
 2 SYSTEMPATH/View/View.php(228): include('/home/dbmyfbuf/public_html/app/Views/_partial_landing/_partial_header_mobile.php')
 3 SYSTEMPATH/View/View.php(231): CodeIgniter\View\View->CodeIgniter\View\{closure}()
 4 SYSTEMPATH/Common.php(1178): CodeIgniter\View\View->render()
 5 APPPATH/Views/landing/v_index.php(17): view()
 6 SYSTEMPATH/View/View.php(228): include('/home/dbmyfbuf/public_html/app/Views/landing/v_index.php')
 7 SYSTEMPATH/View/View.php(231): CodeIgniter\View\View->CodeIgniter\View\{closure}()
 8 SYSTEMPATH/Common.php(1178): CodeIgniter\View\View->render()
 9 APPPATH/Controllers/Landing.php(16): view()
10 SYSTEMPATH/CodeIgniter.php(943): App\Controllers\Landing->index()
11 SYSTEMPATH/CodeIgniter.php(503): CodeIgniter\CodeIgniter->runController()
12 SYSTEMPATH/CodeIgniter.php(361): CodeIgniter\CodeIgniter->handleRequest()
13 FCPATH/index.php(79): CodeIgniter\CodeIgniter->run()
