CRITICAL - 2024-10-10 00:13:00 --> ErrorException: Undefined array key "sitemaps.xml"
in APPPATH/Views/_partial_landing/_partial_header_mobile.php on line 4.
 1 APPPATH/Views/_partial_landing/_partial_header_mobile.php(4): CodeIgniter\Debug\Exceptions->errorHandler()
 2 SYSTEMPATH/View/View.php(228): include('/home/dbmyfbuf/public_html/app/Views/_partial_landing/_partial_header_mobile.php')
 3 SYSTEMPATH/View/View.php(231): CodeIgniter\View\View->CodeIgniter\View\{closure}()
 4 SYSTEMPATH/Common.php(1178): CodeIgniter\View\View->render()
 5 APPPATH/Views/landing/v_index.php(17): view()
 6 SYSTEMPATH/View/View.php(228): include('/home/dbmyfbuf/public_html/app/Views/landing/v_index.php')
 7 SYSTEMPATH/View/View.php(231): CodeIgniter\View\View->CodeIgniter\View\{closure}()
 8 SYSTEMPATH/Common.php(1178): CodeIgniter\View\View->render()
 9 APPPATH/Controllers/Landing.php(16): view()
10 SYSTEMPATH/CodeIgniter.php(943): App\Controllers\Landing->index()
11 SYSTEMPATH/CodeIgniter.php(503): CodeIgniter\CodeIgniter->runController()
12 SYSTEMPATH/CodeIgniter.php(361): CodeIgniter\CodeIgniter->handleRequest()
13 FCPATH/index.php(79): CodeIgniter\CodeIgniter->run()
CRITICAL - 2024-10-10 00:13:01 --> ErrorException: Undefined array key "sitemaps.xml"
in APPPATH/Views/_partial_landing/_partial_header_mobile.php on line 4.
 1 APPPATH/Views/_partial_landing/_partial_header_mobile.php(4): CodeIgniter\Debug\Exceptions->errorHandler()
 2 SYSTEMPATH/View/View.php(228): include('/home/dbmyfbuf/public_html/app/Views/_partial_landing/_partial_header_mobile.php')
 3 SYSTEMPATH/View/View.php(231): CodeIgniter\View\View->CodeIgniter\View\{closure}()
 4 SYSTEMPATH/Common.php(1178): CodeIgniter\View\View->render()
 5 APPPATH/Views/landing/v_index.php(17): view()
 6 SYSTEMPATH/View/View.php(228): include('/home/dbmyfbuf/public_html/app/Views/landing/v_index.php')
 7 SYSTEMPATH/View/View.php(231): CodeIgniter\View\View->CodeIgniter\View\{closure}()
 8 SYSTEMPATH/Common.php(1178): CodeIgniter\View\View->render()
 9 APPPATH/Controllers/Landing.php(16): view()
10 SYSTEMPATH/CodeIgniter.php(943): App\Controllers\Landing->index()
11 SYSTEMPATH/CodeIgniter.php(503): CodeIgniter\CodeIgniter->runController()
12 SYSTEMPATH/CodeIgniter.php(361): CodeIgniter\CodeIgniter->handleRequest()
13 FCPATH/index.php(79): CodeIgniter\CodeIgniter->run()
CRITICAL - 2024-10-10 00:58:38 --> ErrorException: Undefined array key "atom.xml"
in APPPATH/Views/_partial_landing/_partial_header_mobile.php on line 4.
 1 APPPATH/Views/_partial_landing/_partial_header_mobile.php(4): CodeIgniter\Debug\Exceptions->errorHandler()
 2 SYSTEMPATH/View/View.php(228): include('/home/dbmyfbuf/public_html/app/Views/_partial_landing/_partial_header_mobile.php')
 3 SYSTEMPATH/View/View.php(231): CodeIgniter\View\View->CodeIgniter\View\{closure}()
 4 SYSTEMPATH/Common.php(1178): CodeIgniter\View\View->render()
 5 APPPATH/Views/landing/v_index.php(17): view()
 6 SYSTEMPATH/View/View.php(228): include('/home/dbmyfbuf/public_html/app/Views/landing/v_index.php')
 7 SYSTEMPATH/View/View.php(231): CodeIgniter\View\View->CodeIgniter\View\{closure}()
 8 SYSTEMPATH/Common.php(1178): CodeIgniter\View\View->render()
 9 APPPATH/Controllers/Landing.php(16): view()
10 SYSTEMPATH/CodeIgniter.php(943): App\Controllers\Landing->index()
11 SYSTEMPATH/CodeIgniter.php(503): CodeIgniter\CodeIgniter->runController()
12 SYSTEMPATH/CodeIgniter.php(361): CodeIgniter\CodeIgniter->handleRequest()
13 FCPATH/index.php(79): CodeIgniter\CodeIgniter->run()
CRITICAL - 2024-10-10 00:58:39 --> ErrorException: Undefined array key "atom.xml"
in APPPATH/Views/_partial_landing/_partial_header_mobile.php on line 4.
 1 APPPATH/Views/_partial_landing/_partial_header_mobile.php(4): CodeIgniter\Debug\Exceptions->errorHandler()
 2 SYSTEMPATH/View/View.php(228): include('/home/dbmyfbuf/public_html/app/Views/_partial_landing/_partial_header_mobile.php')
 3 SYSTEMPATH/View/View.php(231): CodeIgniter\View\View->CodeIgniter\View\{closure}()
 4 SYSTEMPATH/Common.php(1178): CodeIgniter\View\View->render()
 5 APPPATH/Views/landing/v_index.php(17): view()
 6 SYSTEMPATH/View/View.php(228): include('/home/dbmyfbuf/public_html/app/Views/landing/v_index.php')
 7 SYSTEMPATH/View/View.php(231): CodeIgniter\View\View->CodeIgniter\View\{closure}()
 8 SYSTEMPATH/Common.php(1178): CodeIgniter\View\View->render()
 9 APPPATH/Controllers/Landing.php(16): view()
10 SYSTEMPATH/CodeIgniter.php(943): App\Controllers\Landing->index()
11 SYSTEMPATH/CodeIgniter.php(503): CodeIgniter\CodeIgniter->runController()
12 SYSTEMPATH/CodeIgniter.php(361): CodeIgniter\CodeIgniter->handleRequest()
13 FCPATH/index.php(79): CodeIgniter\CodeIgniter->run()
CRITICAL - 2024-10-10 01:29:18 --> ErrorException: Undefined array key "sitemaps.xml"
in APPPATH/Views/_partial_landing/_partial_header_mobile.php on line 4.
 1 APPPATH/Views/_partial_landing/_partial_header_mobile.php(4): CodeIgniter\Debug\Exceptions->errorHandler()
 2 SYSTEMPATH/View/View.php(228): include('/home/dbmyfbuf/public_html/app/Views/_partial_landing/_partial_header_mobile.php')
 3 SYSTEMPATH/View/View.php(231): CodeIgniter\View\View->CodeIgniter\View\{closure}()
 4 SYSTEMPATH/Common.php(1178): CodeIgniter\View\View->render()
 5 APPPATH/Views/landing/v_index.php(17): view()
 6 SYSTEMPATH/View/View.php(228): include('/home/dbmyfbuf/public_html/app/Views/landing/v_index.php')
 7 SYSTEMPATH/View/View.php(231): CodeIgniter\View\View->CodeIgniter\View\{closure}()
 8 SYSTEMPATH/Common.php(1178): CodeIgniter\View\View->render()
 9 APPPATH/Controllers/Landing.php(16): view()
10 SYSTEMPATH/CodeIgniter.php(943): App\Controllers\Landing->index()
11 SYSTEMPATH/CodeIgniter.php(503): CodeIgniter\CodeIgniter->runController()
12 SYSTEMPATH/CodeIgniter.php(361): CodeIgniter\CodeIgniter->handleRequest()
13 FCPATH/index.php(79): CodeIgniter\CodeIgniter->run()
CRITICAL - 2024-10-10 01:29:18 --> ErrorException: Undefined array key "sitemaps.xml"
in APPPATH/Views/_partial_landing/_partial_header_mobile.php on line 4.
 1 APPPATH/Views/_partial_landing/_partial_header_mobile.php(4): CodeIgniter\Debug\Exceptions->errorHandler()
 2 SYSTEMPATH/View/View.php(228): include('/home/dbmyfbuf/public_html/app/Views/_partial_landing/_partial_header_mobile.php')
 3 SYSTEMPATH/View/View.php(231): CodeIgniter\View\View->CodeIgniter\View\{closure}()
 4 SYSTEMPATH/Common.php(1178): CodeIgniter\View\View->render()
 5 APPPATH/Views/landing/v_index.php(17): view()
 6 SYSTEMPATH/View/View.php(228): include('/home/dbmyfbuf/public_html/app/Views/landing/v_index.php')
 7 SYSTEMPATH/View/View.php(231): CodeIgniter\View\View->CodeIgniter\View\{closure}()
 8 SYSTEMPATH/Common.php(1178): CodeIgniter\View\View->render()
 9 APPPATH/Controllers/Landing.php(16): view()
10 SYSTEMPATH/CodeIgniter.php(943): App\Controllers\Landing->index()
11 SYSTEMPATH/CodeIgniter.php(503): CodeIgniter\CodeIgniter->runController()
12 SYSTEMPATH/CodeIgniter.php(361): CodeIgniter\CodeIgniter->handleRequest()
13 FCPATH/index.php(79): CodeIgniter\CodeIgniter->run()
CRITICAL - 2024-10-10 01:43:50 --> ErrorException: Undefined array key "sitemap_index.xml"
in APPPATH/Views/_partial_landing/_partial_header_mobile.php on line 4.
 1 APPPATH/Views/_partial_landing/_partial_header_mobile.php(4): CodeIgniter\Debug\Exceptions->errorHandler()
 2 SYSTEMPATH/View/View.php(228): include('/home/dbmyfbuf/public_html/app/Views/_partial_landing/_partial_header_mobile.php')
 3 SYSTEMPATH/View/View.php(231): CodeIgniter\View\View->CodeIgniter\View\{closure}()
 4 SYSTEMPATH/Common.php(1178): CodeIgniter\View\View->render()
 5 APPPATH/Views/landing/v_index.php(17): view()
 6 SYSTEMPATH/View/View.php(228): include('/home/dbmyfbuf/public_html/app/Views/landing/v_index.php')
 7 SYSTEMPATH/View/View.php(231): CodeIgniter\View\View->CodeIgniter\View\{closure}()
 8 SYSTEMPATH/Common.php(1178): CodeIgniter\View\View->render()
 9 APPPATH/Controllers/Landing.php(16): view()
10 SYSTEMPATH/CodeIgniter.php(943): App\Controllers\Landing->index()
11 SYSTEMPATH/CodeIgniter.php(503): CodeIgniter\CodeIgniter->runController()
12 SYSTEMPATH/CodeIgniter.php(361): CodeIgniter\CodeIgniter->handleRequest()
13 FCPATH/index.php(79): CodeIgniter\CodeIgniter->run()
CRITICAL - 2024-10-10 01:43:51 --> ErrorException: Undefined array key "sitemap_index.xml"
in APPPATH/Views/_partial_landing/_partial_header_mobile.php on line 4.
 1 APPPATH/Views/_partial_landing/_partial_header_mobile.php(4): CodeIgniter\Debug\Exceptions->errorHandler()
 2 SYSTEMPATH/View/View.php(228): include('/home/dbmyfbuf/public_html/app/Views/_partial_landing/_partial_header_mobile.php')
 3 SYSTEMPATH/View/View.php(231): CodeIgniter\View\View->CodeIgniter\View\{closure}()
 4 SYSTEMPATH/Common.php(1178): CodeIgniter\View\View->render()
 5 APPPATH/Views/landing/v_index.php(17): view()
 6 SYSTEMPATH/View/View.php(228): include('/home/dbmyfbuf/public_html/app/Views/landing/v_index.php')
 7 SYSTEMPATH/View/View.php(231): CodeIgniter\View\View->CodeIgniter\View\{closure}()
 8 SYSTEMPATH/Common.php(1178): CodeIgniter\View\View->render()
 9 APPPATH/Controllers/Landing.php(16): view()
10 SYSTEMPATH/CodeIgniter.php(943): App\Controllers\Landing->index()
11 SYSTEMPATH/CodeIgniter.php(503): CodeIgniter\CodeIgniter->runController()
12 SYSTEMPATH/CodeIgniter.php(361): CodeIgniter\CodeIgniter->handleRequest()
13 FCPATH/index.php(79): CodeIgniter\CodeIgniter->run()
CRITICAL - 2024-10-10 01:46:31 --> ErrorException: Undefined array key "sitemap.xml"
in APPPATH/Views/_partial_landing/_partial_header_mobile.php on line 4.
 1 APPPATH/Views/_partial_landing/_partial_header_mobile.php(4): CodeIgniter\Debug\Exceptions->errorHandler()
 2 SYSTEMPATH/View/View.php(228): include('/home/dbmyfbuf/public_html/app/Views/_partial_landing/_partial_header_mobile.php')
 3 SYSTEMPATH/View/View.php(231): CodeIgniter\View\View->CodeIgniter\View\{closure}()
 4 SYSTEMPATH/Common.php(1178): CodeIgniter\View\View->render()
 5 APPPATH/Views/landing/v_index.php(17): view()
 6 SYSTEMPATH/View/View.php(228): include('/home/dbmyfbuf/public_html/app/Views/landing/v_index.php')
 7 SYSTEMPATH/View/View.php(231): CodeIgniter\View\View->CodeIgniter\View\{closure}()
 8 SYSTEMPATH/Common.php(1178): CodeIgniter\View\View->render()
 9 APPPATH/Controllers/Landing.php(16): view()
10 SYSTEMPATH/CodeIgniter.php(943): App\Controllers\Landing->index()
11 SYSTEMPATH/CodeIgniter.php(503): CodeIgniter\CodeIgniter->runController()
12 SYSTEMPATH/CodeIgniter.php(361): CodeIgniter\CodeIgniter->handleRequest()
13 FCPATH/index.php(79): CodeIgniter\CodeIgniter->run()
CRITICAL - 2024-10-10 01:46:31 --> ErrorException: Undefined array key "sitemap.xml"
in APPPATH/Views/_partial_landing/_partial_header_mobile.php on line 4.
 1 APPPATH/Views/_partial_landing/_partial_header_mobile.php(4): CodeIgniter\Debug\Exceptions->errorHandler()
 2 SYSTEMPATH/View/View.php(228): include('/home/dbmyfbuf/public_html/app/Views/_partial_landing/_partial_header_mobile.php')
 3 SYSTEMPATH/View/View.php(231): CodeIgniter\View\View->CodeIgniter\View\{closure}()
 4 SYSTEMPATH/Common.php(1178): CodeIgniter\View\View->render()
 5 APPPATH/Views/landing/v_index.php(17): view()
 6 SYSTEMPATH/View/View.php(228): include('/home/dbmyfbuf/public_html/app/Views/landing/v_index.php')
 7 SYSTEMPATH/View/View.php(231): CodeIgniter\View\View->CodeIgniter\View\{closure}()
 8 SYSTEMPATH/Common.php(1178): CodeIgniter\View\View->render()
 9 APPPATH/Controllers/Landing.php(16): view()
10 SYSTEMPATH/CodeIgniter.php(943): App\Controllers\Landing->index()
11 SYSTEMPATH/CodeIgniter.php(503): CodeIgniter\CodeIgniter->runController()
12 SYSTEMPATH/CodeIgniter.php(361): CodeIgniter\CodeIgniter->handleRequest()
13 FCPATH/index.php(79): CodeIgniter\CodeIgniter->run()
CRITICAL - 2024-10-10 04:29:28 --> ErrorException: Undefined array key "atom.xml"
in APPPATH/Views/_partial_landing/_partial_header_mobile.php on line 4.
 1 APPPATH/Views/_partial_landing/_partial_header_mobile.php(4): CodeIgniter\Debug\Exceptions->errorHandler()
 2 SYSTEMPATH/View/View.php(228): include('/home/dbmyfbuf/public_html/app/Views/_partial_landing/_partial_header_mobile.php')
 3 SYSTEMPATH/View/View.php(231): CodeIgniter\View\View->CodeIgniter\View\{closure}()
 4 SYSTEMPATH/Common.php(1178): CodeIgniter\View\View->render()
 5 APPPATH/Views/landing/v_index.php(17): view()
 6 SYSTEMPATH/View/View.php(228): include('/home/dbmyfbuf/public_html/app/Views/landing/v_index.php')
 7 SYSTEMPATH/View/View.php(231): CodeIgniter\View\View->CodeIgniter\View\{closure}()
 8 SYSTEMPATH/Common.php(1178): CodeIgniter\View\View->render()
 9 APPPATH/Controllers/Landing.php(16): view()
10 SYSTEMPATH/CodeIgniter.php(943): App\Controllers\Landing->index()
11 SYSTEMPATH/CodeIgniter.php(503): CodeIgniter\CodeIgniter->runController()
12 SYSTEMPATH/CodeIgniter.php(361): CodeIgniter\CodeIgniter->handleRequest()
13 FCPATH/index.php(79): CodeIgniter\CodeIgniter->run()
CRITICAL - 2024-10-10 04:29:29 --> ErrorException: Undefined array key "atom.xml"
in APPPATH/Views/_partial_landing/_partial_header_mobile.php on line 4.
 1 APPPATH/Views/_partial_landing/_partial_header_mobile.php(4): CodeIgniter\Debug\Exceptions->errorHandler()
 2 SYSTEMPATH/View/View.php(228): include('/home/dbmyfbuf/public_html/app/Views/_partial_landing/_partial_header_mobile.php')
 3 SYSTEMPATH/View/View.php(231): CodeIgniter\View\View->CodeIgniter\View\{closure}()
 4 SYSTEMPATH/Common.php(1178): CodeIgniter\View\View->render()
 5 APPPATH/Views/landing/v_index.php(17): view()
 6 SYSTEMPATH/View/View.php(228): include('/home/dbmyfbuf/public_html/app/Views/landing/v_index.php')
 7 SYSTEMPATH/View/View.php(231): CodeIgniter\View\View->CodeIgniter\View\{closure}()
 8 SYSTEMPATH/Common.php(1178): CodeIgniter\View\View->render()
 9 APPPATH/Controllers/Landing.php(16): view()
10 SYSTEMPATH/CodeIgniter.php(943): App\Controllers\Landing->index()
11 SYSTEMPATH/CodeIgniter.php(503): CodeIgniter\CodeIgniter->runController()
12 SYSTEMPATH/CodeIgniter.php(361): CodeIgniter\CodeIgniter->handleRequest()
13 FCPATH/index.php(79): CodeIgniter\CodeIgniter->run()
CRITICAL - 2024-10-10 05:28:32 --> ErrorException: Undefined array key "sitemap.txt"
in APPPATH/Views/_partial_landing/_partial_header_mobile.php on line 4.
 1 APPPATH/Views/_partial_landing/_partial_header_mobile.php(4): CodeIgniter\Debug\Exceptions->errorHandler()
 2 SYSTEMPATH/View/View.php(228): include('/home/dbmyfbuf/public_html/app/Views/_partial_landing/_partial_header_mobile.php')
 3 SYSTEMPATH/View/View.php(231): CodeIgniter\View\View->CodeIgniter\View\{closure}()
 4 SYSTEMPATH/Common.php(1178): CodeIgniter\View\View->render()
 5 APPPATH/Views/landing/v_index.php(17): view()
 6 SYSTEMPATH/View/View.php(228): include('/home/dbmyfbuf/public_html/app/Views/landing/v_index.php')
 7 SYSTEMPATH/View/View.php(231): CodeIgniter\View\View->CodeIgniter\View\{closure}()
 8 SYSTEMPATH/Common.php(1178): CodeIgniter\View\View->render()
 9 APPPATH/Controllers/Landing.php(16): view()
10 SYSTEMPATH/CodeIgniter.php(943): App\Controllers\Landing->index()
11 SYSTEMPATH/CodeIgniter.php(503): CodeIgniter\CodeIgniter->runController()
12 SYSTEMPATH/CodeIgniter.php(361): CodeIgniter\CodeIgniter->handleRequest()
13 FCPATH/index.php(79): CodeIgniter\CodeIgniter->run()
CRITICAL - 2024-10-10 05:28:32 --> ErrorException: Undefined array key "sitemap.txt"
in APPPATH/Views/_partial_landing/_partial_header_mobile.php on line 4.
 1 APPPATH/Views/_partial_landing/_partial_header_mobile.php(4): CodeIgniter\Debug\Exceptions->errorHandler()
 2 SYSTEMPATH/View/View.php(228): include('/home/dbmyfbuf/public_html/app/Views/_partial_landing/_partial_header_mobile.php')
 3 SYSTEMPATH/View/View.php(231): CodeIgniter\View\View->CodeIgniter\View\{closure}()
 4 SYSTEMPATH/Common.php(1178): CodeIgniter\View\View->render()
 5 APPPATH/Views/landing/v_index.php(17): view()
 6 SYSTEMPATH/View/View.php(228): include('/home/dbmyfbuf/public_html/app/Views/landing/v_index.php')
 7 SYSTEMPATH/View/View.php(231): CodeIgniter\View\View->CodeIgniter\View\{closure}()
 8 SYSTEMPATH/Common.php(1178): CodeIgniter\View\View->render()
 9 APPPATH/Controllers/Landing.php(16): view()
10 SYSTEMPATH/CodeIgniter.php(943): App\Controllers\Landing->index()
11 SYSTEMPATH/CodeIgniter.php(503): CodeIgniter\CodeIgniter->runController()
12 SYSTEMPATH/CodeIgniter.php(361): CodeIgniter\CodeIgniter->handleRequest()
13 FCPATH/index.php(79): CodeIgniter\CodeIgniter->run()
CRITICAL - 2024-10-10 06:16:51 --> ErrorException: Undefined array key 2013
in APPPATH/Views/_partial_landing/_partial_header_mobile.php on line 4.
 1 APPPATH/Views/_partial_landing/_partial_header_mobile.php(4): CodeIgniter\Debug\Exceptions->errorHandler()
 2 SYSTEMPATH/View/View.php(228): include('/home/dbmyfbuf/public_html/app/Views/_partial_landing/_partial_header_mobile.php')
 3 SYSTEMPATH/View/View.php(231): CodeIgniter\View\View->CodeIgniter\View\{closure}()
 4 SYSTEMPATH/Common.php(1178): CodeIgniter\View\View->render()
 5 APPPATH/Views/landing/v_index.php(17): view()
 6 SYSTEMPATH/View/View.php(228): include('/home/dbmyfbuf/public_html/app/Views/landing/v_index.php')
 7 SYSTEMPATH/View/View.php(231): CodeIgniter\View\View->CodeIgniter\View\{closure}()
 8 SYSTEMPATH/Common.php(1178): CodeIgniter\View\View->render()
 9 APPPATH/Controllers/Landing.php(16): view()
10 SYSTEMPATH/CodeIgniter.php(943): App\Controllers\Landing->index()
11 SYSTEMPATH/CodeIgniter.php(503): CodeIgniter\CodeIgniter->runController()
12 SYSTEMPATH/CodeIgniter.php(361): CodeIgniter\CodeIgniter->handleRequest()
13 FCPATH/index.php(79): CodeIgniter\CodeIgniter->run()
CRITICAL - 2024-10-10 06:22:26 --> ErrorException: Undefined array key "sitemap.xml"
in APPPATH/Views/_partial_landing/_partial_header_mobile.php on line 4.
 1 APPPATH/Views/_partial_landing/_partial_header_mobile.php(4): CodeIgniter\Debug\Exceptions->errorHandler()
 2 SYSTEMPATH/View/View.php(228): include('/home/dbmyfbuf/public_html/app/Views/_partial_landing/_partial_header_mobile.php')
 3 SYSTEMPATH/View/View.php(231): CodeIgniter\View\View->CodeIgniter\View\{closure}()
 4 SYSTEMPATH/Common.php(1178): CodeIgniter\View\View->render()
 5 APPPATH/Views/landing/v_index.php(17): view()
 6 SYSTEMPATH/View/View.php(228): include('/home/dbmyfbuf/public_html/app/Views/landing/v_index.php')
 7 SYSTEMPATH/View/View.php(231): CodeIgniter\View\View->CodeIgniter\View\{closure}()
 8 SYSTEMPATH/Common.php(1178): CodeIgniter\View\View->render()
 9 APPPATH/Controllers/Landing.php(16): view()
10 SYSTEMPATH/CodeIgniter.php(943): App\Controllers\Landing->index()
11 SYSTEMPATH/CodeIgniter.php(503): CodeIgniter\CodeIgniter->runController()
12 SYSTEMPATH/CodeIgniter.php(361): CodeIgniter\CodeIgniter->handleRequest()
13 FCPATH/index.php(79): CodeIgniter\CodeIgniter->run()
CRITICAL - 2024-10-10 06:22:27 --> ErrorException: Undefined array key "sitemap.xml"
in APPPATH/Views/_partial_landing/_partial_header_mobile.php on line 4.
 1 APPPATH/Views/_partial_landing/_partial_header_mobile.php(4): CodeIgniter\Debug\Exceptions->errorHandler()
 2 SYSTEMPATH/View/View.php(228): include('/home/dbmyfbuf/public_html/app/Views/_partial_landing/_partial_header_mobile.php')
 3 SYSTEMPATH/View/View.php(231): CodeIgniter\View\View->CodeIgniter\View\{closure}()
 4 SYSTEMPATH/Common.php(1178): CodeIgniter\View\View->render()
 5 APPPATH/Views/landing/v_index.php(17): view()
 6 SYSTEMPATH/View/View.php(228): include('/home/dbmyfbuf/public_html/app/Views/landing/v_index.php')
 7 SYSTEMPATH/View/View.php(231): CodeIgniter\View\View->CodeIgniter\View\{closure}()
 8 SYSTEMPATH/Common.php(1178): CodeIgniter\View\View->render()
 9 APPPATH/Controllers/Landing.php(16): view()
10 SYSTEMPATH/CodeIgniter.php(943): App\Controllers\Landing->index()
11 SYSTEMPATH/CodeIgniter.php(503): CodeIgniter\CodeIgniter->runController()
12 SYSTEMPATH/CodeIgniter.php(361): CodeIgniter\CodeIgniter->handleRequest()
13 FCPATH/index.php(79): CodeIgniter\CodeIgniter->run()
CRITICAL - 2024-10-10 07:18:52 --> ErrorException: Undefined array key "sitemap.txt"
in APPPATH/Views/_partial_landing/_partial_header_mobile.php on line 4.
 1 APPPATH/Views/_partial_landing/_partial_header_mobile.php(4): CodeIgniter\Debug\Exceptions->errorHandler()
 2 SYSTEMPATH/View/View.php(228): include('/home/dbmyfbuf/public_html/app/Views/_partial_landing/_partial_header_mobile.php')
 3 SYSTEMPATH/View/View.php(231): CodeIgniter\View\View->CodeIgniter\View\{closure}()
 4 SYSTEMPATH/Common.php(1178): CodeIgniter\View\View->render()
 5 APPPATH/Views/landing/v_index.php(17): view()
 6 SYSTEMPATH/View/View.php(228): include('/home/dbmyfbuf/public_html/app/Views/landing/v_index.php')
 7 SYSTEMPATH/View/View.php(231): CodeIgniter\View\View->CodeIgniter\View\{closure}()
 8 SYSTEMPATH/Common.php(1178): CodeIgniter\View\View->render()
 9 APPPATH/Controllers/Landing.php(16): view()
10 SYSTEMPATH/CodeIgniter.php(943): App\Controllers\Landing->index()
11 SYSTEMPATH/CodeIgniter.php(503): CodeIgniter\CodeIgniter->runController()
12 SYSTEMPATH/CodeIgniter.php(361): CodeIgniter\CodeIgniter->handleRequest()
13 FCPATH/index.php(79): CodeIgniter\CodeIgniter->run()
CRITICAL - 2024-10-10 07:18:52 --> ErrorException: Undefined array key "sitemap.txt"
in APPPATH/Views/_partial_landing/_partial_header_mobile.php on line 4.
 1 APPPATH/Views/_partial_landing/_partial_header_mobile.php(4): CodeIgniter\Debug\Exceptions->errorHandler()
 2 SYSTEMPATH/View/View.php(228): include('/home/dbmyfbuf/public_html/app/Views/_partial_landing/_partial_header_mobile.php')
 3 SYSTEMPATH/View/View.php(231): CodeIgniter\View\View->CodeIgniter\View\{closure}()
 4 SYSTEMPATH/Common.php(1178): CodeIgniter\View\View->render()
 5 APPPATH/Views/landing/v_index.php(17): view()
 6 SYSTEMPATH/View/View.php(228): include('/home/dbmyfbuf/public_html/app/Views/landing/v_index.php')
 7 SYSTEMPATH/View/View.php(231): CodeIgniter\View\View->CodeIgniter\View\{closure}()
 8 SYSTEMPATH/Common.php(1178): CodeIgniter\View\View->render()
 9 APPPATH/Controllers/Landing.php(16): view()
10 SYSTEMPATH/CodeIgniter.php(943): App\Controllers\Landing->index()
11 SYSTEMPATH/CodeIgniter.php(503): CodeIgniter\CodeIgniter->runController()
12 SYSTEMPATH/CodeIgniter.php(361): CodeIgniter\CodeIgniter->handleRequest()
13 FCPATH/index.php(79): CodeIgniter\CodeIgniter->run()
CRITICAL - 2024-10-10 07:29:03 --> ErrorException: Undefined array key "harga-lcd-komputer.html"
in APPPATH/Views/_partial_landing/_partial_header_mobile.php on line 4.
 1 APPPATH/Views/_partial_landing/_partial_header_mobile.php(4): CodeIgniter\Debug\Exceptions->errorHandler()
 2 SYSTEMPATH/View/View.php(228): include('/home/dbmyfbuf/public_html/app/Views/_partial_landing/_partial_header_mobile.php')
 3 SYSTEMPATH/View/View.php(231): CodeIgniter\View\View->CodeIgniter\View\{closure}()
 4 SYSTEMPATH/Common.php(1178): CodeIgniter\View\View->render()
 5 APPPATH/Views/landing/v_index.php(17): view()
 6 SYSTEMPATH/View/View.php(228): include('/home/dbmyfbuf/public_html/app/Views/landing/v_index.php')
 7 SYSTEMPATH/View/View.php(231): CodeIgniter\View\View->CodeIgniter\View\{closure}()
 8 SYSTEMPATH/Common.php(1178): CodeIgniter\View\View->render()
 9 APPPATH/Controllers/Landing.php(16): view()
10 SYSTEMPATH/CodeIgniter.php(943): App\Controllers\Landing->index()
11 SYSTEMPATH/CodeIgniter.php(503): CodeIgniter\CodeIgniter->runController()
12 SYSTEMPATH/CodeIgniter.php(361): CodeIgniter\CodeIgniter->handleRequest()
13 FCPATH/index.php(79): CodeIgniter\CodeIgniter->run()
CRITICAL - 2024-10-10 09:28:06 --> ErrorException: Undefined array key 2013
in APPPATH/Views/_partial_landing/_partial_header_mobile.php on line 4.
 1 APPPATH/Views/_partial_landing/_partial_header_mobile.php(4): CodeIgniter\Debug\Exceptions->errorHandler()
 2 SYSTEMPATH/View/View.php(228): include('/home/dbmyfbuf/public_html/app/Views/_partial_landing/_partial_header_mobile.php')
 3 SYSTEMPATH/View/View.php(231): CodeIgniter\View\View->CodeIgniter\View\{closure}()
 4 SYSTEMPATH/Common.php(1178): CodeIgniter\View\View->render()
 5 APPPATH/Views/landing/v_index.php(17): view()
 6 SYSTEMPATH/View/View.php(228): include('/home/dbmyfbuf/public_html/app/Views/landing/v_index.php')
 7 SYSTEMPATH/View/View.php(231): CodeIgniter\View\View->CodeIgniter\View\{closure}()
 8 SYSTEMPATH/Common.php(1178): CodeIgniter\View\View->render()
 9 APPPATH/Controllers/Landing.php(16): view()
10 SYSTEMPATH/CodeIgniter.php(943): App\Controllers\Landing->index()
11 SYSTEMPATH/CodeIgniter.php(503): CodeIgniter\CodeIgniter->runController()
12 SYSTEMPATH/CodeIgniter.php(361): CodeIgniter\CodeIgniter->handleRequest()
13 FCPATH/index.php(79): CodeIgniter\CodeIgniter->run()
CRITICAL - 2024-10-10 12:40:11 --> ErrorException: Undefined array key "sitemaps.xml"
in APPPATH/Views/_partial_landing/_partial_header_mobile.php on line 4.
 1 APPPATH/Views/_partial_landing/_partial_header_mobile.php(4): CodeIgniter\Debug\Exceptions->errorHandler()
 2 SYSTEMPATH/View/View.php(228): include('/home/dbmyfbuf/public_html/app/Views/_partial_landing/_partial_header_mobile.php')
 3 SYSTEMPATH/View/View.php(231): CodeIgniter\View\View->CodeIgniter\View\{closure}()
 4 SYSTEMPATH/Common.php(1178): CodeIgniter\View\View->render()
 5 APPPATH/Views/landing/v_index.php(17): view()
 6 SYSTEMPATH/View/View.php(228): include('/home/dbmyfbuf/public_html/app/Views/landing/v_index.php')
 7 SYSTEMPATH/View/View.php(231): CodeIgniter\View\View->CodeIgniter\View\{closure}()
 8 SYSTEMPATH/Common.php(1178): CodeIgniter\View\View->render()
 9 APPPATH/Controllers/Landing.php(16): view()
10 SYSTEMPATH/CodeIgniter.php(943): App\Controllers\Landing->index()
11 SYSTEMPATH/CodeIgniter.php(503): CodeIgniter\CodeIgniter->runController()
12 SYSTEMPATH/CodeIgniter.php(361): CodeIgniter\CodeIgniter->handleRequest()
13 FCPATH/index.php(79): CodeIgniter\CodeIgniter->run()
CRITICAL - 2024-10-10 15:54:21 --> ErrorException: Undefined array key "sitemap_index.xml"
in APPPATH/Views/_partial_landing/_partial_header_mobile.php on line 4.
 1 APPPATH/Views/_partial_landing/_partial_header_mobile.php(4): CodeIgniter\Debug\Exceptions->errorHandler()
 2 SYSTEMPATH/View/View.php(228): include('/home/dbmyfbuf/public_html/app/Views/_partial_landing/_partial_header_mobile.php')
 3 SYSTEMPATH/View/View.php(231): CodeIgniter\View\View->CodeIgniter\View\{closure}()
 4 SYSTEMPATH/Common.php(1178): CodeIgniter\View\View->render()
 5 APPPATH/Views/landing/v_index.php(17): view()
 6 SYSTEMPATH/View/View.php(228): include('/home/dbmyfbuf/public_html/app/Views/landing/v_index.php')
 7 SYSTEMPATH/View/View.php(231): CodeIgniter\View\View->CodeIgniter\View\{closure}()
 8 SYSTEMPATH/Common.php(1178): CodeIgniter\View\View->render()
 9 APPPATH/Controllers/Landing.php(16): view()
10 SYSTEMPATH/CodeIgniter.php(943): App\Controllers\Landing->index()
11 SYSTEMPATH/CodeIgniter.php(503): CodeIgniter\CodeIgniter->runController()
12 SYSTEMPATH/CodeIgniter.php(361): CodeIgniter\CodeIgniter->handleRequest()
13 FCPATH/index.php(79): CodeIgniter\CodeIgniter->run()
CRITICAL - 2024-10-10 15:54:21 --> ErrorException: Undefined array key "sitemap_index.xml"
in APPPATH/Views/_partial_landing/_partial_header_mobile.php on line 4.
 1 APPPATH/Views/_partial_landing/_partial_header_mobile.php(4): CodeIgniter\Debug\Exceptions->errorHandler()
 2 SYSTEMPATH/View/View.php(228): include('/home/dbmyfbuf/public_html/app/Views/_partial_landing/_partial_header_mobile.php')
 3 SYSTEMPATH/View/View.php(231): CodeIgniter\View\View->CodeIgniter\View\{closure}()
 4 SYSTEMPATH/Common.php(1178): CodeIgniter\View\View->render()
 5 APPPATH/Views/landing/v_index.php(17): view()
 6 SYSTEMPATH/View/View.php(228): include('/home/dbmyfbuf/public_html/app/Views/landing/v_index.php')
 7 SYSTEMPATH/View/View.php(231): CodeIgniter\View\View->CodeIgniter\View\{closure}()
 8 SYSTEMPATH/Common.php(1178): CodeIgniter\View\View->render()
 9 APPPATH/Controllers/Landing.php(16): view()
10 SYSTEMPATH/CodeIgniter.php(943): App\Controllers\Landing->index()
11 SYSTEMPATH/CodeIgniter.php(503): CodeIgniter\CodeIgniter->runController()
12 SYSTEMPATH/CodeIgniter.php(361): CodeIgniter\CodeIgniter->handleRequest()
13 FCPATH/index.php(79): CodeIgniter\CodeIgniter->run()
CRITICAL - 2024-10-10 15:58:29 --> ErrorException: Undefined array key "atom.xml"
in APPPATH/Views/_partial_landing/_partial_header_mobile.php on line 4.
 1 APPPATH/Views/_partial_landing/_partial_header_mobile.php(4): CodeIgniter\Debug\Exceptions->errorHandler()
 2 SYSTEMPATH/View/View.php(228): include('/home/dbmyfbuf/public_html/app/Views/_partial_landing/_partial_header_mobile.php')
 3 SYSTEMPATH/View/View.php(231): CodeIgniter\View\View->CodeIgniter\View\{closure}()
 4 SYSTEMPATH/Common.php(1178): CodeIgniter\View\View->render()
 5 APPPATH/Views/landing/v_index.php(17): view()
 6 SYSTEMPATH/View/View.php(228): include('/home/dbmyfbuf/public_html/app/Views/landing/v_index.php')
 7 SYSTEMPATH/View/View.php(231): CodeIgniter\View\View->CodeIgniter\View\{closure}()
 8 SYSTEMPATH/Common.php(1178): CodeIgniter\View\View->render()
 9 APPPATH/Controllers/Landing.php(16): view()
10 SYSTEMPATH/CodeIgniter.php(943): App\Controllers\Landing->index()
11 SYSTEMPATH/CodeIgniter.php(503): CodeIgniter\CodeIgniter->runController()
12 SYSTEMPATH/CodeIgniter.php(361): CodeIgniter\CodeIgniter->handleRequest()
13 FCPATH/index.php(79): CodeIgniter\CodeIgniter->run()
CRITICAL - 2024-10-10 15:58:30 --> ErrorException: Undefined array key "atom.xml"
in APPPATH/Views/_partial_landing/_partial_header_mobile.php on line 4.
 1 APPPATH/Views/_partial_landing/_partial_header_mobile.php(4): CodeIgniter\Debug\Exceptions->errorHandler()
 2 SYSTEMPATH/View/View.php(228): include('/home/dbmyfbuf/public_html/app/Views/_partial_landing/_partial_header_mobile.php')
 3 SYSTEMPATH/View/View.php(231): CodeIgniter\View\View->CodeIgniter\View\{closure}()
 4 SYSTEMPATH/Common.php(1178): CodeIgniter\View\View->render()
 5 APPPATH/Views/landing/v_index.php(17): view()
 6 SYSTEMPATH/View/View.php(228): include('/home/dbmyfbuf/public_html/app/Views/landing/v_index.php')
 7 SYSTEMPATH/View/View.php(231): CodeIgniter\View\View->CodeIgniter\View\{closure}()
 8 SYSTEMPATH/Common.php(1178): CodeIgniter\View\View->render()
 9 APPPATH/Controllers/Landing.php(16): view()
10 SYSTEMPATH/CodeIgniter.php(943): App\Controllers\Landing->index()
11 SYSTEMPATH/CodeIgniter.php(503): CodeIgniter\CodeIgniter->runController()
12 SYSTEMPATH/CodeIgniter.php(361): CodeIgniter\CodeIgniter->handleRequest()
13 FCPATH/index.php(79): CodeIgniter\CodeIgniter->run()
CRITICAL - 2024-10-10 19:33:52 --> ErrorException: Undefined array key "sitemap.xml.gz"
in APPPATH/Views/_partial_landing/_partial_header_mobile.php on line 4.
 1 APPPATH/Views/_partial_landing/_partial_header_mobile.php(4): CodeIgniter\Debug\Exceptions->errorHandler()
 2 SYSTEMPATH/View/View.php(228): include('/home/dbmyfbuf/public_html/app/Views/_partial_landing/_partial_header_mobile.php')
 3 SYSTEMPATH/View/View.php(231): CodeIgniter\View\View->CodeIgniter\View\{closure}()
 4 SYSTEMPATH/Common.php(1178): CodeIgniter\View\View->render()
 5 APPPATH/Views/landing/v_index.php(17): view()
 6 SYSTEMPATH/View/View.php(228): include('/home/dbmyfbuf/public_html/app/Views/landing/v_index.php')
 7 SYSTEMPATH/View/View.php(231): CodeIgniter\View\View->CodeIgniter\View\{closure}()
 8 SYSTEMPATH/Common.php(1178): CodeIgniter\View\View->render()
 9 APPPATH/Controllers/Landing.php(16): view()
10 SYSTEMPATH/CodeIgniter.php(943): App\Controllers\Landing->index()
11 SYSTEMPATH/CodeIgniter.php(503): CodeIgniter\CodeIgniter->runController()
12 SYSTEMPATH/CodeIgniter.php(361): CodeIgniter\CodeIgniter->handleRequest()
13 FCPATH/index.php(79): CodeIgniter\CodeIgniter->run()
CRITICAL - 2024-10-10 19:33:52 --> ErrorException: Undefined array key "sitemap.xml.gz"
in APPPATH/Views/_partial_landing/_partial_header_mobile.php on line 4.
 1 APPPATH/Views/_partial_landing/_partial_header_mobile.php(4): CodeIgniter\Debug\Exceptions->errorHandler()
 2 SYSTEMPATH/View/View.php(228): include('/home/dbmyfbuf/public_html/app/Views/_partial_landing/_partial_header_mobile.php')
 3 SYSTEMPATH/View/View.php(231): CodeIgniter\View\View->CodeIgniter\View\{closure}()
 4 SYSTEMPATH/Common.php(1178): CodeIgniter\View\View->render()
 5 APPPATH/Views/landing/v_index.php(17): view()
 6 SYSTEMPATH/View/View.php(228): include('/home/dbmyfbuf/public_html/app/Views/landing/v_index.php')
 7 SYSTEMPATH/View/View.php(231): CodeIgniter\View\View->CodeIgniter\View\{closure}()
 8 SYSTEMPATH/Common.php(1178): CodeIgniter\View\View->render()
 9 APPPATH/Controllers/Landing.php(16): view()
10 SYSTEMPATH/CodeIgniter.php(943): App\Controllers\Landing->index()
11 SYSTEMPATH/CodeIgniter.php(503): CodeIgniter\CodeIgniter->runController()
12 SYSTEMPATH/CodeIgniter.php(361): CodeIgniter\CodeIgniter->handleRequest()
13 FCPATH/index.php(79): CodeIgniter\CodeIgniter->run()
CRITICAL - 2024-10-10 20:26:57 --> ErrorException: Undefined array key "sitemap.txt"
in APPPATH/Views/_partial_landing/_partial_header_mobile.php on line 4.
 1 APPPATH/Views/_partial_landing/_partial_header_mobile.php(4): CodeIgniter\Debug\Exceptions->errorHandler()
 2 SYSTEMPATH/View/View.php(228): include('/home/dbmyfbuf/public_html/app/Views/_partial_landing/_partial_header_mobile.php')
 3 SYSTEMPATH/View/View.php(231): CodeIgniter\View\View->CodeIgniter\View\{closure}()
 4 SYSTEMPATH/Common.php(1178): CodeIgniter\View\View->render()
 5 APPPATH/Views/landing/v_index.php(17): view()
 6 SYSTEMPATH/View/View.php(228): include('/home/dbmyfbuf/public_html/app/Views/landing/v_index.php')
 7 SYSTEMPATH/View/View.php(231): CodeIgniter\View\View->CodeIgniter\View\{closure}()
 8 SYSTEMPATH/Common.php(1178): CodeIgniter\View\View->render()
 9 APPPATH/Controllers/Landing.php(16): view()
10 SYSTEMPATH/CodeIgniter.php(943): App\Controllers\Landing->index()
11 SYSTEMPATH/CodeIgniter.php(503): CodeIgniter\CodeIgniter->runController()
12 SYSTEMPATH/CodeIgniter.php(361): CodeIgniter\CodeIgniter->handleRequest()
13 FCPATH/index.php(79): CodeIgniter\CodeIgniter->run()
CRITICAL - 2024-10-10 21:18:42 --> ErrorException: Undefined array key "sitemap.xml.gz"
in APPPATH/Views/_partial_landing/_partial_header_mobile.php on line 4.
 1 APPPATH/Views/_partial_landing/_partial_header_mobile.php(4): CodeIgniter\Debug\Exceptions->errorHandler()
 2 SYSTEMPATH/View/View.php(228): include('/home/dbmyfbuf/public_html/app/Views/_partial_landing/_partial_header_mobile.php')
 3 SYSTEMPATH/View/View.php(231): CodeIgniter\View\View->CodeIgniter\View\{closure}()
 4 SYSTEMPATH/Common.php(1178): CodeIgniter\View\View->render()
 5 APPPATH/Views/landing/v_index.php(17): view()
 6 SYSTEMPATH/View/View.php(228): include('/home/dbmyfbuf/public_html/app/Views/landing/v_index.php')
 7 SYSTEMPATH/View/View.php(231): CodeIgniter\View\View->CodeIgniter\View\{closure}()
 8 SYSTEMPATH/Common.php(1178): CodeIgniter\View\View->render()
 9 APPPATH/Controllers/Landing.php(16): view()
10 SYSTEMPATH/CodeIgniter.php(943): App\Controllers\Landing->index()
11 SYSTEMPATH/CodeIgniter.php(503): CodeIgniter\CodeIgniter->runController()
12 SYSTEMPATH/CodeIgniter.php(361): CodeIgniter\CodeIgniter->handleRequest()
13 FCPATH/index.php(79): CodeIgniter\CodeIgniter->run()
CRITICAL - 2024-10-10 21:18:42 --> ErrorException: Undefined array key "sitemap.xml.gz"
in APPPATH/Views/_partial_landing/_partial_header_mobile.php on line 4.
 1 APPPATH/Views/_partial_landing/_partial_header_mobile.php(4): CodeIgniter\Debug\Exceptions->errorHandler()
 2 SYSTEMPATH/View/View.php(228): include('/home/dbmyfbuf/public_html/app/Views/_partial_landing/_partial_header_mobile.php')
 3 SYSTEMPATH/View/View.php(231): CodeIgniter\View\View->CodeIgniter\View\{closure}()
 4 SYSTEMPATH/Common.php(1178): CodeIgniter\View\View->render()
 5 APPPATH/Views/landing/v_index.php(17): view()
 6 SYSTEMPATH/View/View.php(228): include('/home/dbmyfbuf/public_html/app/Views/landing/v_index.php')
 7 SYSTEMPATH/View/View.php(231): CodeIgniter\View\View->CodeIgniter\View\{closure}()
 8 SYSTEMPATH/Common.php(1178): CodeIgniter\View\View->render()
 9 APPPATH/Controllers/Landing.php(16): view()
10 SYSTEMPATH/CodeIgniter.php(943): App\Controllers\Landing->index()
11 SYSTEMPATH/CodeIgniter.php(503): CodeIgniter\CodeIgniter->runController()
12 SYSTEMPATH/CodeIgniter.php(361): CodeIgniter\CodeIgniter->handleRequest()
13 FCPATH/index.php(79): CodeIgniter\CodeIgniter->run()
CRITICAL - 2024-10-10 22:22:45 --> ErrorException: Undefined array key "atom.xml"
in APPPATH/Views/_partial_landing/_partial_header_mobile.php on line 4.
 1 APPPATH/Views/_partial_landing/_partial_header_mobile.php(4): CodeIgniter\Debug\Exceptions->errorHandler()
 2 SYSTEMPATH/View/View.php(228): include('/home/dbmyfbuf/public_html/app/Views/_partial_landing/_partial_header_mobile.php')
 3 SYSTEMPATH/View/View.php(231): CodeIgniter\View\View->CodeIgniter\View\{closure}()
 4 SYSTEMPATH/Common.php(1178): CodeIgniter\View\View->render()
 5 APPPATH/Views/landing/v_index.php(17): view()
 6 SYSTEMPATH/View/View.php(228): include('/home/dbmyfbuf/public_html/app/Views/landing/v_index.php')
 7 SYSTEMPATH/View/View.php(231): CodeIgniter\View\View->CodeIgniter\View\{closure}()
 8 SYSTEMPATH/Common.php(1178): CodeIgniter\View\View->render()
 9 APPPATH/Controllers/Landing.php(16): view()
10 SYSTEMPATH/CodeIgniter.php(943): App\Controllers\Landing->index()
11 SYSTEMPATH/CodeIgniter.php(503): CodeIgniter\CodeIgniter->runController()
12 SYSTEMPATH/CodeIgniter.php(361): CodeIgniter\CodeIgniter->handleRequest()
13 FCPATH/index.php(79): CodeIgniter\CodeIgniter->run()
CRITICAL - 2024-10-10 22:22:45 --> ErrorException: Undefined array key "atom.xml"
in APPPATH/Views/_partial_landing/_partial_header_mobile.php on line 4.
 1 APPPATH/Views/_partial_landing/_partial_header_mobile.php(4): CodeIgniter\Debug\Exceptions->errorHandler()
 2 SYSTEMPATH/View/View.php(228): include('/home/dbmyfbuf/public_html/app/Views/_partial_landing/_partial_header_mobile.php')
 3 SYSTEMPATH/View/View.php(231): CodeIgniter\View\View->CodeIgniter\View\{closure}()
 4 SYSTEMPATH/Common.php(1178): CodeIgniter\View\View->render()
 5 APPPATH/Views/landing/v_index.php(17): view()
 6 SYSTEMPATH/View/View.php(228): include('/home/dbmyfbuf/public_html/app/Views/landing/v_index.php')
 7 SYSTEMPATH/View/View.php(231): CodeIgniter\View\View->CodeIgniter\View\{closure}()
 8 SYSTEMPATH/Common.php(1178): CodeIgniter\View\View->render()
 9 APPPATH/Controllers/Landing.php(16): view()
10 SYSTEMPATH/CodeIgniter.php(943): App\Controllers\Landing->index()
11 SYSTEMPATH/CodeIgniter.php(503): CodeIgniter\CodeIgniter->runController()
12 SYSTEMPATH/CodeIgniter.php(361): CodeIgniter\CodeIgniter->handleRequest()
13 FCPATH/index.php(79): CodeIgniter\CodeIgniter->run()
CRITICAL - 2024-10-10 22:43:07 --> ErrorException: Undefined array key "sitemaps.xml"
in APPPATH/Views/_partial_landing/_partial_header_mobile.php on line 4.
 1 APPPATH/Views/_partial_landing/_partial_header_mobile.php(4): CodeIgniter\Debug\Exceptions->errorHandler()
 2 SYSTEMPATH/View/View.php(228): include('/home/dbmyfbuf/public_html/app/Views/_partial_landing/_partial_header_mobile.php')
 3 SYSTEMPATH/View/View.php(231): CodeIgniter\View\View->CodeIgniter\View\{closure}()
 4 SYSTEMPATH/Common.php(1178): CodeIgniter\View\View->render()
 5 APPPATH/Views/landing/v_index.php(17): view()
 6 SYSTEMPATH/View/View.php(228): include('/home/dbmyfbuf/public_html/app/Views/landing/v_index.php')
 7 SYSTEMPATH/View/View.php(231): CodeIgniter\View\View->CodeIgniter\View\{closure}()
 8 SYSTEMPATH/Common.php(1178): CodeIgniter\View\View->render()
 9 APPPATH/Controllers/Landing.php(16): view()
10 SYSTEMPATH/CodeIgniter.php(943): App\Controllers\Landing->index()
11 SYSTEMPATH/CodeIgniter.php(503): CodeIgniter\CodeIgniter->runController()
12 SYSTEMPATH/CodeIgniter.php(361): CodeIgniter\CodeIgniter->handleRequest()
13 FCPATH/index.php(79): CodeIgniter\CodeIgniter->run()
CRITICAL - 2024-10-10 22:43:08 --> ErrorException: Undefined array key "sitemaps.xml"
in APPPATH/Views/_partial_landing/_partial_header_mobile.php on line 4.
 1 APPPATH/Views/_partial_landing/_partial_header_mobile.php(4): CodeIgniter\Debug\Exceptions->errorHandler()
 2 SYSTEMPATH/View/View.php(228): include('/home/dbmyfbuf/public_html/app/Views/_partial_landing/_partial_header_mobile.php')
 3 SYSTEMPATH/View/View.php(231): CodeIgniter\View\View->CodeIgniter\View\{closure}()
 4 SYSTEMPATH/Common.php(1178): CodeIgniter\View\View->render()
 5 APPPATH/Views/landing/v_index.php(17): view()
 6 SYSTEMPATH/View/View.php(228): include('/home/dbmyfbuf/public_html/app/Views/landing/v_index.php')
 7 SYSTEMPATH/View/View.php(231): CodeIgniter\View\View->CodeIgniter\View\{closure}()
 8 SYSTEMPATH/Common.php(1178): CodeIgniter\View\View->render()
 9 APPPATH/Controllers/Landing.php(16): view()
10 SYSTEMPATH/CodeIgniter.php(943): App\Controllers\Landing->index()
11 SYSTEMPATH/CodeIgniter.php(503): CodeIgniter\CodeIgniter->runController()
12 SYSTEMPATH/CodeIgniter.php(361): CodeIgniter\CodeIgniter->handleRequest()
13 FCPATH/index.php(79): CodeIgniter\CodeIgniter->run()
CRITICAL - 2024-10-10 22:54:50 --> ErrorException: Undefined array key "sitemap.xml"
in APPPATH/Views/_partial_landing/_partial_header_mobile.php on line 4.
 1 APPPATH/Views/_partial_landing/_partial_header_mobile.php(4): CodeIgniter\Debug\Exceptions->errorHandler()
 2 SYSTEMPATH/View/View.php(228): include('/home/dbmyfbuf/public_html/app/Views/_partial_landing/_partial_header_mobile.php')
 3 SYSTEMPATH/View/View.php(231): CodeIgniter\View\View->CodeIgniter\View\{closure}()
 4 SYSTEMPATH/Common.php(1178): CodeIgniter\View\View->render()
 5 APPPATH/Views/landing/v_index.php(17): view()
 6 SYSTEMPATH/View/View.php(228): include('/home/dbmyfbuf/public_html/app/Views/landing/v_index.php')
 7 SYSTEMPATH/View/View.php(231): CodeIgniter\View\View->CodeIgniter\View\{closure}()
 8 SYSTEMPATH/Common.php(1178): CodeIgniter\View\View->render()
 9 APPPATH/Controllers/Landing.php(16): view()
10 SYSTEMPATH/CodeIgniter.php(943): App\Controllers\Landing->index()
11 SYSTEMPATH/CodeIgniter.php(503): CodeIgniter\CodeIgniter->runController()
12 SYSTEMPATH/CodeIgniter.php(361): CodeIgniter\CodeIgniter->handleRequest()
13 FCPATH/index.php(79): CodeIgniter\CodeIgniter->run()
CRITICAL - 2024-10-10 22:54:51 --> ErrorException: Undefined array key "sitemap.xml"
in APPPATH/Views/_partial_landing/_partial_header_mobile.php on line 4.
 1 APPPATH/Views/_partial_landing/_partial_header_mobile.php(4): CodeIgniter\Debug\Exceptions->errorHandler()
 2 SYSTEMPATH/View/View.php(228): include('/home/dbmyfbuf/public_html/app/Views/_partial_landing/_partial_header_mobile.php')
 3 SYSTEMPATH/View/View.php(231): CodeIgniter\View\View->CodeIgniter\View\{closure}()
 4 SYSTEMPATH/Common.php(1178): CodeIgniter\View\View->render()
 5 APPPATH/Views/landing/v_index.php(17): view()
 6 SYSTEMPATH/View/View.php(228): include('/home/dbmyfbuf/public_html/app/Views/landing/v_index.php')
 7 SYSTEMPATH/View/View.php(231): CodeIgniter\View\View->CodeIgniter\View\{closure}()
 8 SYSTEMPATH/Common.php(1178): CodeIgniter\View\View->render()
 9 APPPATH/Controllers/Landing.php(16): view()
10 SYSTEMPATH/CodeIgniter.php(943): App\Controllers\Landing->index()
11 SYSTEMPATH/CodeIgniter.php(503): CodeIgniter\CodeIgniter->runController()
12 SYSTEMPATH/CodeIgniter.php(361): CodeIgniter\CodeIgniter->handleRequest()
13 FCPATH/index.php(79): CodeIgniter\CodeIgniter->run()
CRITICAL - 2024-10-10 23:38:05 --> ErrorException: Undefined array key "sitemap.xml"
in APPPATH/Views/_partial_landing/_partial_header_mobile.php on line 4.
 1 APPPATH/Views/_partial_landing/_partial_header_mobile.php(4): CodeIgniter\Debug\Exceptions->errorHandler()
 2 SYSTEMPATH/View/View.php(228): include('/home/dbmyfbuf/public_html/app/Views/_partial_landing/_partial_header_mobile.php')
 3 SYSTEMPATH/View/View.php(231): CodeIgniter\View\View->CodeIgniter\View\{closure}()
 4 SYSTEMPATH/Common.php(1178): CodeIgniter\View\View->render()
 5 APPPATH/Views/landing/v_index.php(17): view()
 6 SYSTEMPATH/View/View.php(228): include('/home/dbmyfbuf/public_html/app/Views/landing/v_index.php')
 7 SYSTEMPATH/View/View.php(231): CodeIgniter\View\View->CodeIgniter\View\{closure}()
 8 SYSTEMPATH/Common.php(1178): CodeIgniter\View\View->render()
 9 APPPATH/Controllers/Landing.php(16): view()
10 SYSTEMPATH/CodeIgniter.php(943): App\Controllers\Landing->index()
11 SYSTEMPATH/CodeIgniter.php(503): CodeIgniter\CodeIgniter->runController()
12 SYSTEMPATH/CodeIgniter.php(361): CodeIgniter\CodeIgniter->handleRequest()
13 FCPATH/index.php(79): CodeIgniter\CodeIgniter->run()
