CRITICAL - 2024-09-14 01:41:46 --> ErrorException: Undefined array key "wordpress"
in APPPATH/Views/_partial_landing/_partial_header_mobile.php on line 4.
 1 APPPATH/Views/_partial_landing/_partial_header_mobile.php(4): CodeIgniter\Debug\Exceptions->errorHandler()
 2 SYSTEMPATH/View/View.php(228): include('/home/dbmyfbuf/public_html/app/Views/_partial_landing/_partial_header_mobile.php')
 3 SYSTEMPATH/View/View.php(231): CodeIgniter\View\View->CodeIgniter\View\{closure}()
 4 SYSTEMPATH/Common.php(1178): CodeIgniter\View\View->render()
 5 APPPATH/Views/landing/v_index.php(17): view()
 6 SYSTEMPATH/View/View.php(228): include('/home/dbmyfbuf/public_html/app/Views/landing/v_index.php')
 7 SYSTEMPATH/View/View.php(231): CodeIgniter\View\View->CodeIgniter\View\{closure}()
 8 SYSTEMPATH/Common.php(1178): CodeIgniter\View\View->render()
 9 APPPATH/Controllers/Landing.php(16): view()
10 SYSTEMPATH/CodeIgniter.php(943): App\Controllers\Landing->index()
11 SYSTEMPATH/CodeIgniter.php(503): CodeIgniter\CodeIgniter->runController()
12 SYSTEMPATH/CodeIgniter.php(361): CodeIgniter\CodeIgniter->handleRequest()
13 FCPATH/index.php(79): CodeIgniter\CodeIgniter->run()
CRITICAL - 2024-09-14 01:41:48 --> ErrorException: Undefined array key "wp"
in APPPATH/Views/_partial_landing/_partial_header_mobile.php on line 4.
 1 APPPATH/Views/_partial_landing/_partial_header_mobile.php(4): CodeIgniter\Debug\Exceptions->errorHandler()
 2 SYSTEMPATH/View/View.php(228): include('/home/dbmyfbuf/public_html/app/Views/_partial_landing/_partial_header_mobile.php')
 3 SYSTEMPATH/View/View.php(231): CodeIgniter\View\View->CodeIgniter\View\{closure}()
 4 SYSTEMPATH/Common.php(1178): CodeIgniter\View\View->render()
 5 APPPATH/Views/landing/v_index.php(17): view()
 6 SYSTEMPATH/View/View.php(228): include('/home/dbmyfbuf/public_html/app/Views/landing/v_index.php')
 7 SYSTEMPATH/View/View.php(231): CodeIgniter\View\View->CodeIgniter\View\{closure}()
 8 SYSTEMPATH/Common.php(1178): CodeIgniter\View\View->render()
 9 APPPATH/Controllers/Landing.php(16): view()
10 SYSTEMPATH/CodeIgniter.php(943): App\Controllers\Landing->index()
11 SYSTEMPATH/CodeIgniter.php(503): CodeIgniter\CodeIgniter->runController()
12 SYSTEMPATH/CodeIgniter.php(361): CodeIgniter\CodeIgniter->handleRequest()
13 FCPATH/index.php(79): CodeIgniter\CodeIgniter->run()
CRITICAL - 2024-09-14 01:41:51 --> ErrorException: Undefined array key "blog"
in APPPATH/Views/_partial_landing/_partial_header_mobile.php on line 4.
 1 APPPATH/Views/_partial_landing/_partial_header_mobile.php(4): CodeIgniter\Debug\Exceptions->errorHandler()
 2 SYSTEMPATH/View/View.php(228): include('/home/dbmyfbuf/public_html/app/Views/_partial_landing/_partial_header_mobile.php')
 3 SYSTEMPATH/View/View.php(231): CodeIgniter\View\View->CodeIgniter\View\{closure}()
 4 SYSTEMPATH/Common.php(1178): CodeIgniter\View\View->render()
 5 APPPATH/Views/landing/v_index.php(17): view()
 6 SYSTEMPATH/View/View.php(228): include('/home/dbmyfbuf/public_html/app/Views/landing/v_index.php')
 7 SYSTEMPATH/View/View.php(231): CodeIgniter\View\View->CodeIgniter\View\{closure}()
 8 SYSTEMPATH/Common.php(1178): CodeIgniter\View\View->render()
 9 APPPATH/Controllers/Landing.php(16): view()
10 SYSTEMPATH/CodeIgniter.php(943): App\Controllers\Landing->index()
11 SYSTEMPATH/CodeIgniter.php(503): CodeIgniter\CodeIgniter->runController()
12 SYSTEMPATH/CodeIgniter.php(361): CodeIgniter\CodeIgniter->handleRequest()
13 FCPATH/index.php(79): CodeIgniter\CodeIgniter->run()
CRITICAL - 2024-09-14 01:41:56 --> ErrorException: Undefined array key "old"
in APPPATH/Views/_partial_landing/_partial_header_mobile.php on line 4.
 1 APPPATH/Views/_partial_landing/_partial_header_mobile.php(4): CodeIgniter\Debug\Exceptions->errorHandler()
 2 SYSTEMPATH/View/View.php(228): include('/home/dbmyfbuf/public_html/app/Views/_partial_landing/_partial_header_mobile.php')
 3 SYSTEMPATH/View/View.php(231): CodeIgniter\View\View->CodeIgniter\View\{closure}()
 4 SYSTEMPATH/Common.php(1178): CodeIgniter\View\View->render()
 5 APPPATH/Views/landing/v_index.php(17): view()
 6 SYSTEMPATH/View/View.php(228): include('/home/dbmyfbuf/public_html/app/Views/landing/v_index.php')
 7 SYSTEMPATH/View/View.php(231): CodeIgniter\View\View->CodeIgniter\View\{closure}()
 8 SYSTEMPATH/Common.php(1178): CodeIgniter\View\View->render()
 9 APPPATH/Controllers/Landing.php(16): view()
10 SYSTEMPATH/CodeIgniter.php(943): App\Controllers\Landing->index()
11 SYSTEMPATH/CodeIgniter.php(503): CodeIgniter\CodeIgniter->runController()
12 SYSTEMPATH/CodeIgniter.php(361): CodeIgniter\CodeIgniter->handleRequest()
13 FCPATH/index.php(79): CodeIgniter\CodeIgniter->run()
CRITICAL - 2024-09-14 01:42:00 --> ErrorException: Undefined array key "new"
in APPPATH/Views/_partial_landing/_partial_header_mobile.php on line 4.
 1 APPPATH/Views/_partial_landing/_partial_header_mobile.php(4): CodeIgniter\Debug\Exceptions->errorHandler()
 2 SYSTEMPATH/View/View.php(228): include('/home/dbmyfbuf/public_html/app/Views/_partial_landing/_partial_header_mobile.php')
 3 SYSTEMPATH/View/View.php(231): CodeIgniter\View\View->CodeIgniter\View\{closure}()
 4 SYSTEMPATH/Common.php(1178): CodeIgniter\View\View->render()
 5 APPPATH/Views/landing/v_index.php(17): view()
 6 SYSTEMPATH/View/View.php(228): include('/home/dbmyfbuf/public_html/app/Views/landing/v_index.php')
 7 SYSTEMPATH/View/View.php(231): CodeIgniter\View\View->CodeIgniter\View\{closure}()
 8 SYSTEMPATH/Common.php(1178): CodeIgniter\View\View->render()
 9 APPPATH/Controllers/Landing.php(16): view()
10 SYSTEMPATH/CodeIgniter.php(943): App\Controllers\Landing->index()
11 SYSTEMPATH/CodeIgniter.php(503): CodeIgniter\CodeIgniter->runController()
12 SYSTEMPATH/CodeIgniter.php(361): CodeIgniter\CodeIgniter->handleRequest()
13 FCPATH/index.php(79): CodeIgniter\CodeIgniter->run()
CRITICAL - 2024-09-14 01:42:04 --> ErrorException: Undefined array key "test"
in APPPATH/Views/_partial_landing/_partial_header_mobile.php on line 4.
 1 APPPATH/Views/_partial_landing/_partial_header_mobile.php(4): CodeIgniter\Debug\Exceptions->errorHandler()
 2 SYSTEMPATH/View/View.php(228): include('/home/dbmyfbuf/public_html/app/Views/_partial_landing/_partial_header_mobile.php')
 3 SYSTEMPATH/View/View.php(231): CodeIgniter\View\View->CodeIgniter\View\{closure}()
 4 SYSTEMPATH/Common.php(1178): CodeIgniter\View\View->render()
 5 APPPATH/Views/landing/v_index.php(17): view()
 6 SYSTEMPATH/View/View.php(228): include('/home/dbmyfbuf/public_html/app/Views/landing/v_index.php')
 7 SYSTEMPATH/View/View.php(231): CodeIgniter\View\View->CodeIgniter\View\{closure}()
 8 SYSTEMPATH/Common.php(1178): CodeIgniter\View\View->render()
 9 APPPATH/Controllers/Landing.php(16): view()
10 SYSTEMPATH/CodeIgniter.php(943): App\Controllers\Landing->index()
11 SYSTEMPATH/CodeIgniter.php(503): CodeIgniter\CodeIgniter->runController()
12 SYSTEMPATH/CodeIgniter.php(361): CodeIgniter\CodeIgniter->handleRequest()
13 FCPATH/index.php(79): CodeIgniter\CodeIgniter->run()
CRITICAL - 2024-09-14 01:42:07 --> ErrorException: Undefined array key "backup"
in APPPATH/Views/_partial_landing/_partial_header_mobile.php on line 4.
 1 APPPATH/Views/_partial_landing/_partial_header_mobile.php(4): CodeIgniter\Debug\Exceptions->errorHandler()
 2 SYSTEMPATH/View/View.php(228): include('/home/dbmyfbuf/public_html/app/Views/_partial_landing/_partial_header_mobile.php')
 3 SYSTEMPATH/View/View.php(231): CodeIgniter\View\View->CodeIgniter\View\{closure}()
 4 SYSTEMPATH/Common.php(1178): CodeIgniter\View\View->render()
 5 APPPATH/Views/landing/v_index.php(17): view()
 6 SYSTEMPATH/View/View.php(228): include('/home/dbmyfbuf/public_html/app/Views/landing/v_index.php')
 7 SYSTEMPATH/View/View.php(231): CodeIgniter\View\View->CodeIgniter\View\{closure}()
 8 SYSTEMPATH/Common.php(1178): CodeIgniter\View\View->render()
 9 APPPATH/Controllers/Landing.php(16): view()
10 SYSTEMPATH/CodeIgniter.php(943): App\Controllers\Landing->index()
11 SYSTEMPATH/CodeIgniter.php(503): CodeIgniter\CodeIgniter->runController()
12 SYSTEMPATH/CodeIgniter.php(361): CodeIgniter\CodeIgniter->handleRequest()
13 FCPATH/index.php(79): CodeIgniter\CodeIgniter->run()
CRITICAL - 2024-09-14 01:42:09 --> ErrorException: Undefined array key "temp"
in APPPATH/Views/_partial_landing/_partial_header_mobile.php on line 4.
 1 APPPATH/Views/_partial_landing/_partial_header_mobile.php(4): CodeIgniter\Debug\Exceptions->errorHandler()
 2 SYSTEMPATH/View/View.php(228): include('/home/dbmyfbuf/public_html/app/Views/_partial_landing/_partial_header_mobile.php')
 3 SYSTEMPATH/View/View.php(231): CodeIgniter\View\View->CodeIgniter\View\{closure}()
 4 SYSTEMPATH/Common.php(1178): CodeIgniter\View\View->render()
 5 APPPATH/Views/landing/v_index.php(17): view()
 6 SYSTEMPATH/View/View.php(228): include('/home/dbmyfbuf/public_html/app/Views/landing/v_index.php')
 7 SYSTEMPATH/View/View.php(231): CodeIgniter\View\View->CodeIgniter\View\{closure}()
 8 SYSTEMPATH/Common.php(1178): CodeIgniter\View\View->render()
 9 APPPATH/Controllers/Landing.php(16): view()
10 SYSTEMPATH/CodeIgniter.php(943): App\Controllers\Landing->index()
11 SYSTEMPATH/CodeIgniter.php(503): CodeIgniter\CodeIgniter->runController()
12 SYSTEMPATH/CodeIgniter.php(361): CodeIgniter\CodeIgniter->handleRequest()
13 FCPATH/index.php(79): CodeIgniter\CodeIgniter->run()
CRITICAL - 2024-09-14 13:54:47 --> ErrorException: Undefined array key "wp-login.php"
in APPPATH/Views/_partial_landing/_partial_header_mobile.php on line 4.
 1 APPPATH/Views/_partial_landing/_partial_header_mobile.php(4): CodeIgniter\Debug\Exceptions->errorHandler()
 2 SYSTEMPATH/View/View.php(228): include('/home/dbmyfbuf/public_html/app/Views/_partial_landing/_partial_header_mobile.php')
 3 SYSTEMPATH/View/View.php(231): CodeIgniter\View\View->CodeIgniter\View\{closure}()
 4 SYSTEMPATH/Common.php(1178): CodeIgniter\View\View->render()
 5 APPPATH/Views/landing/v_index.php(17): view()
 6 SYSTEMPATH/View/View.php(228): include('/home/dbmyfbuf/public_html/app/Views/landing/v_index.php')
 7 SYSTEMPATH/View/View.php(231): CodeIgniter\View\View->CodeIgniter\View\{closure}()
 8 SYSTEMPATH/Common.php(1178): CodeIgniter\View\View->render()
 9 APPPATH/Controllers/Landing.php(16): view()
10 SYSTEMPATH/CodeIgniter.php(943): App\Controllers\Landing->index()
11 SYSTEMPATH/CodeIgniter.php(503): CodeIgniter\CodeIgniter->runController()
12 SYSTEMPATH/CodeIgniter.php(361): CodeIgniter\CodeIgniter->handleRequest()
13 FCPATH/index.php(79): CodeIgniter\CodeIgniter->run()
CRITICAL - 2024-09-14 13:54:49 --> ErrorException: Undefined array key "wp-login.php"
in APPPATH/Views/_partial_landing/_partial_header_mobile.php on line 4.
 1 APPPATH/Views/_partial_landing/_partial_header_mobile.php(4): CodeIgniter\Debug\Exceptions->errorHandler()
 2 SYSTEMPATH/View/View.php(228): include('/home/dbmyfbuf/public_html/app/Views/_partial_landing/_partial_header_mobile.php')
 3 SYSTEMPATH/View/View.php(231): CodeIgniter\View\View->CodeIgniter\View\{closure}()
 4 SYSTEMPATH/Common.php(1178): CodeIgniter\View\View->render()
 5 APPPATH/Views/landing/v_index.php(17): view()
 6 SYSTEMPATH/View/View.php(228): include('/home/dbmyfbuf/public_html/app/Views/landing/v_index.php')
 7 SYSTEMPATH/View/View.php(231): CodeIgniter\View\View->CodeIgniter\View\{closure}()
 8 SYSTEMPATH/Common.php(1178): CodeIgniter\View\View->render()
 9 APPPATH/Controllers/Landing.php(16): view()
10 SYSTEMPATH/CodeIgniter.php(943): App\Controllers\Landing->index()
11 SYSTEMPATH/CodeIgniter.php(503): CodeIgniter\CodeIgniter->runController()
12 SYSTEMPATH/CodeIgniter.php(361): CodeIgniter\CodeIgniter->handleRequest()
13 FCPATH/index.php(79): CodeIgniter\CodeIgniter->run()
