CRITICAL - 2024-10-14 03:23:22 --> ErrorException: Undefined array key "sitemap.xml.gz"
in APPPATH/Views/_partial_landing/_partial_header_mobile.php on line 4.
 1 APPPATH/Views/_partial_landing/_partial_header_mobile.php(4): CodeIgniter\Debug\Exceptions->errorHandler()
 2 SYSTEMPATH/View/View.php(228): include('/home/dbmyfbuf/public_html/app/Views/_partial_landing/_partial_header_mobile.php')
 3 SYSTEMPATH/View/View.php(231): CodeIgniter\View\View->CodeIgniter\View\{closure}()
 4 SYSTEMPATH/Common.php(1178): CodeIgniter\View\View->render()
 5 APPPATH/Views/landing/v_index.php(17): view()
 6 SYSTEMPATH/View/View.php(228): include('/home/dbmyfbuf/public_html/app/Views/landing/v_index.php')
 7 SYSTEMPATH/View/View.php(231): CodeIgniter\View\View->CodeIgniter\View\{closure}()
 8 SYSTEMPATH/Common.php(1178): CodeIgniter\View\View->render()
 9 APPPATH/Controllers/Landing.php(16): view()
10 SYSTEMPATH/CodeIgniter.php(943): App\Controllers\Landing->index()
11 SYSTEMPATH/CodeIgniter.php(503): CodeIgniter\CodeIgniter->runController()
12 SYSTEMPATH/CodeIgniter.php(361): CodeIgniter\CodeIgniter->handleRequest()
13 FCPATH/index.php(79): CodeIgniter\CodeIgniter->run()
CRITICAL - 2024-10-14 03:23:23 --> ErrorException: Undefined array key "sitemap.xml.gz"
in APPPATH/Views/_partial_landing/_partial_header_mobile.php on line 4.
 1 APPPATH/Views/_partial_landing/_partial_header_mobile.php(4): CodeIgniter\Debug\Exceptions->errorHandler()
 2 SYSTEMPATH/View/View.php(228): include('/home/dbmyfbuf/public_html/app/Views/_partial_landing/_partial_header_mobile.php')
 3 SYSTEMPATH/View/View.php(231): CodeIgniter\View\View->CodeIgniter\View\{closure}()
 4 SYSTEMPATH/Common.php(1178): CodeIgniter\View\View->render()
 5 APPPATH/Views/landing/v_index.php(17): view()
 6 SYSTEMPATH/View/View.php(228): include('/home/dbmyfbuf/public_html/app/Views/landing/v_index.php')
 7 SYSTEMPATH/View/View.php(231): CodeIgniter\View\View->CodeIgniter\View\{closure}()
 8 SYSTEMPATH/Common.php(1178): CodeIgniter\View\View->render()
 9 APPPATH/Controllers/Landing.php(16): view()
10 SYSTEMPATH/CodeIgniter.php(943): App\Controllers\Landing->index()
11 SYSTEMPATH/CodeIgniter.php(503): CodeIgniter\CodeIgniter->runController()
12 SYSTEMPATH/CodeIgniter.php(361): CodeIgniter\CodeIgniter->handleRequest()
13 FCPATH/index.php(79): CodeIgniter\CodeIgniter->run()
CRITICAL - 2024-10-14 04:04:13 --> ErrorException: Undefined array key "login"
in APPPATH/Views/_partial_landing/_partial_header_mobile.php on line 4.
 1 APPPATH/Views/_partial_landing/_partial_header_mobile.php(4): CodeIgniter\Debug\Exceptions->errorHandler()
 2 SYSTEMPATH/View/View.php(228): include('/home/dbmyfbuf/public_html/app/Views/_partial_landing/_partial_header_mobile.php')
 3 SYSTEMPATH/View/View.php(231): CodeIgniter\View\View->CodeIgniter\View\{closure}()
 4 SYSTEMPATH/Common.php(1178): CodeIgniter\View\View->render()
 5 APPPATH/Views/landing/v_index.php(17): view()
 6 SYSTEMPATH/View/View.php(228): include('/home/dbmyfbuf/public_html/app/Views/landing/v_index.php')
 7 SYSTEMPATH/View/View.php(231): CodeIgniter\View\View->CodeIgniter\View\{closure}()
 8 SYSTEMPATH/Common.php(1178): CodeIgniter\View\View->render()
 9 APPPATH/Controllers/Landing.php(16): view()
10 SYSTEMPATH/CodeIgniter.php(943): App\Controllers\Landing->index()
11 SYSTEMPATH/CodeIgniter.php(503): CodeIgniter\CodeIgniter->runController()
12 SYSTEMPATH/CodeIgniter.php(361): CodeIgniter\CodeIgniter->handleRequest()
13 FCPATH/index.php(79): CodeIgniter\CodeIgniter->run()
CRITICAL - 2024-10-14 04:04:20 --> ErrorException: Undefined array key "assets"
in APPPATH/Views/_partial_landing/_partial_header_mobile.php on line 4.
 1 APPPATH/Views/_partial_landing/_partial_header_mobile.php(4): CodeIgniter\Debug\Exceptions->errorHandler()
 2 SYSTEMPATH/View/View.php(228): include('/home/dbmyfbuf/public_html/app/Views/_partial_landing/_partial_header_mobile.php')
 3 SYSTEMPATH/View/View.php(231): CodeIgniter\View\View->CodeIgniter\View\{closure}()
 4 SYSTEMPATH/Common.php(1178): CodeIgniter\View\View->render()
 5 APPPATH/Views/landing/v_index.php(17): view()
 6 SYSTEMPATH/View/View.php(228): include('/home/dbmyfbuf/public_html/app/Views/landing/v_index.php')
 7 SYSTEMPATH/View/View.php(231): CodeIgniter\View\View->CodeIgniter\View\{closure}()
 8 SYSTEMPATH/Common.php(1178): CodeIgniter\View\View->render()
 9 APPPATH/Controllers/Landing.php(16): view()
10 SYSTEMPATH/CodeIgniter.php(943): App\Controllers\Landing->index()
11 SYSTEMPATH/CodeIgniter.php(503): CodeIgniter\CodeIgniter->runController()
12 SYSTEMPATH/CodeIgniter.php(361): CodeIgniter\CodeIgniter->handleRequest()
13 FCPATH/index.php(79): CodeIgniter\CodeIgniter->run()
CRITICAL - 2024-10-14 05:18:26 --> ErrorException: Undefined array key "sitemap.xml.gz"
in APPPATH/Views/_partial_landing/_partial_header_mobile.php on line 4.
 1 APPPATH/Views/_partial_landing/_partial_header_mobile.php(4): CodeIgniter\Debug\Exceptions->errorHandler()
 2 SYSTEMPATH/View/View.php(228): include('/home/dbmyfbuf/public_html/app/Views/_partial_landing/_partial_header_mobile.php')
 3 SYSTEMPATH/View/View.php(231): CodeIgniter\View\View->CodeIgniter\View\{closure}()
 4 SYSTEMPATH/Common.php(1178): CodeIgniter\View\View->render()
 5 APPPATH/Views/landing/v_index.php(17): view()
 6 SYSTEMPATH/View/View.php(228): include('/home/dbmyfbuf/public_html/app/Views/landing/v_index.php')
 7 SYSTEMPATH/View/View.php(231): CodeIgniter\View\View->CodeIgniter\View\{closure}()
 8 SYSTEMPATH/Common.php(1178): CodeIgniter\View\View->render()
 9 APPPATH/Controllers/Landing.php(16): view()
10 SYSTEMPATH/CodeIgniter.php(943): App\Controllers\Landing->index()
11 SYSTEMPATH/CodeIgniter.php(503): CodeIgniter\CodeIgniter->runController()
12 SYSTEMPATH/CodeIgniter.php(361): CodeIgniter\CodeIgniter->handleRequest()
13 FCPATH/index.php(79): CodeIgniter\CodeIgniter->run()
CRITICAL - 2024-10-14 05:18:29 --> ErrorException: Undefined array key "sitemap.xml.gz"
in APPPATH/Views/_partial_landing/_partial_header_mobile.php on line 4.
 1 APPPATH/Views/_partial_landing/_partial_header_mobile.php(4): CodeIgniter\Debug\Exceptions->errorHandler()
 2 SYSTEMPATH/View/View.php(228): include('/home/dbmyfbuf/public_html/app/Views/_partial_landing/_partial_header_mobile.php')
 3 SYSTEMPATH/View/View.php(231): CodeIgniter\View\View->CodeIgniter\View\{closure}()
 4 SYSTEMPATH/Common.php(1178): CodeIgniter\View\View->render()
 5 APPPATH/Views/landing/v_index.php(17): view()
 6 SYSTEMPATH/View/View.php(228): include('/home/dbmyfbuf/public_html/app/Views/landing/v_index.php')
 7 SYSTEMPATH/View/View.php(231): CodeIgniter\View\View->CodeIgniter\View\{closure}()
 8 SYSTEMPATH/Common.php(1178): CodeIgniter\View\View->render()
 9 APPPATH/Controllers/Landing.php(16): view()
10 SYSTEMPATH/CodeIgniter.php(943): App\Controllers\Landing->index()
11 SYSTEMPATH/CodeIgniter.php(503): CodeIgniter\CodeIgniter->runController()
12 SYSTEMPATH/CodeIgniter.php(361): CodeIgniter\CodeIgniter->handleRequest()
13 FCPATH/index.php(79): CodeIgniter\CodeIgniter->run()
CRITICAL - 2024-10-14 07:04:12 --> ErrorException: Undefined array key "atom.xml"
in APPPATH/Views/_partial_landing/_partial_header_mobile.php on line 4.
 1 APPPATH/Views/_partial_landing/_partial_header_mobile.php(4): CodeIgniter\Debug\Exceptions->errorHandler()
 2 SYSTEMPATH/View/View.php(228): include('/home/dbmyfbuf/public_html/app/Views/_partial_landing/_partial_header_mobile.php')
 3 SYSTEMPATH/View/View.php(231): CodeIgniter\View\View->CodeIgniter\View\{closure}()
 4 SYSTEMPATH/Common.php(1178): CodeIgniter\View\View->render()
 5 APPPATH/Views/landing/v_index.php(17): view()
 6 SYSTEMPATH/View/View.php(228): include('/home/dbmyfbuf/public_html/app/Views/landing/v_index.php')
 7 SYSTEMPATH/View/View.php(231): CodeIgniter\View\View->CodeIgniter\View\{closure}()
 8 SYSTEMPATH/Common.php(1178): CodeIgniter\View\View->render()
 9 APPPATH/Controllers/Landing.php(16): view()
10 SYSTEMPATH/CodeIgniter.php(943): App\Controllers\Landing->index()
11 SYSTEMPATH/CodeIgniter.php(503): CodeIgniter\CodeIgniter->runController()
12 SYSTEMPATH/CodeIgniter.php(361): CodeIgniter\CodeIgniter->handleRequest()
13 FCPATH/index.php(79): CodeIgniter\CodeIgniter->run()
CRITICAL - 2024-10-14 07:04:13 --> ErrorException: Undefined array key "atom.xml"
in APPPATH/Views/_partial_landing/_partial_header_mobile.php on line 4.
 1 APPPATH/Views/_partial_landing/_partial_header_mobile.php(4): CodeIgniter\Debug\Exceptions->errorHandler()
 2 SYSTEMPATH/View/View.php(228): include('/home/dbmyfbuf/public_html/app/Views/_partial_landing/_partial_header_mobile.php')
 3 SYSTEMPATH/View/View.php(231): CodeIgniter\View\View->CodeIgniter\View\{closure}()
 4 SYSTEMPATH/Common.php(1178): CodeIgniter\View\View->render()
 5 APPPATH/Views/landing/v_index.php(17): view()
 6 SYSTEMPATH/View/View.php(228): include('/home/dbmyfbuf/public_html/app/Views/landing/v_index.php')
 7 SYSTEMPATH/View/View.php(231): CodeIgniter\View\View->CodeIgniter\View\{closure}()
 8 SYSTEMPATH/Common.php(1178): CodeIgniter\View\View->render()
 9 APPPATH/Controllers/Landing.php(16): view()
10 SYSTEMPATH/CodeIgniter.php(943): App\Controllers\Landing->index()
11 SYSTEMPATH/CodeIgniter.php(503): CodeIgniter\CodeIgniter->runController()
12 SYSTEMPATH/CodeIgniter.php(361): CodeIgniter\CodeIgniter->handleRequest()
13 FCPATH/index.php(79): CodeIgniter\CodeIgniter->run()
CRITICAL - 2024-10-14 07:24:42 --> ErrorException: Undefined array key "sitemaps.xml"
in APPPATH/Views/_partial_landing/_partial_header_mobile.php on line 4.
 1 APPPATH/Views/_partial_landing/_partial_header_mobile.php(4): CodeIgniter\Debug\Exceptions->errorHandler()
 2 SYSTEMPATH/View/View.php(228): include('/home/dbmyfbuf/public_html/app/Views/_partial_landing/_partial_header_mobile.php')
 3 SYSTEMPATH/View/View.php(231): CodeIgniter\View\View->CodeIgniter\View\{closure}()
 4 SYSTEMPATH/Common.php(1178): CodeIgniter\View\View->render()
 5 APPPATH/Views/landing/v_index.php(17): view()
 6 SYSTEMPATH/View/View.php(228): include('/home/dbmyfbuf/public_html/app/Views/landing/v_index.php')
 7 SYSTEMPATH/View/View.php(231): CodeIgniter\View\View->CodeIgniter\View\{closure}()
 8 SYSTEMPATH/Common.php(1178): CodeIgniter\View\View->render()
 9 APPPATH/Controllers/Landing.php(16): view()
10 SYSTEMPATH/CodeIgniter.php(943): App\Controllers\Landing->index()
11 SYSTEMPATH/CodeIgniter.php(503): CodeIgniter\CodeIgniter->runController()
12 SYSTEMPATH/CodeIgniter.php(361): CodeIgniter\CodeIgniter->handleRequest()
13 FCPATH/index.php(79): CodeIgniter\CodeIgniter->run()
CRITICAL - 2024-10-14 07:24:42 --> ErrorException: Undefined array key "sitemaps.xml"
in APPPATH/Views/_partial_landing/_partial_header_mobile.php on line 4.
 1 APPPATH/Views/_partial_landing/_partial_header_mobile.php(4): CodeIgniter\Debug\Exceptions->errorHandler()
 2 SYSTEMPATH/View/View.php(228): include('/home/dbmyfbuf/public_html/app/Views/_partial_landing/_partial_header_mobile.php')
 3 SYSTEMPATH/View/View.php(231): CodeIgniter\View\View->CodeIgniter\View\{closure}()
 4 SYSTEMPATH/Common.php(1178): CodeIgniter\View\View->render()
 5 APPPATH/Views/landing/v_index.php(17): view()
 6 SYSTEMPATH/View/View.php(228): include('/home/dbmyfbuf/public_html/app/Views/landing/v_index.php')
 7 SYSTEMPATH/View/View.php(231): CodeIgniter\View\View->CodeIgniter\View\{closure}()
 8 SYSTEMPATH/Common.php(1178): CodeIgniter\View\View->render()
 9 APPPATH/Controllers/Landing.php(16): view()
10 SYSTEMPATH/CodeIgniter.php(943): App\Controllers\Landing->index()
11 SYSTEMPATH/CodeIgniter.php(503): CodeIgniter\CodeIgniter->runController()
12 SYSTEMPATH/CodeIgniter.php(361): CodeIgniter\CodeIgniter->handleRequest()
13 FCPATH/index.php(79): CodeIgniter\CodeIgniter->run()
CRITICAL - 2024-10-14 07:40:01 --> ErrorException: Undefined array key "sitemap.xml"
in APPPATH/Views/_partial_landing/_partial_header_mobile.php on line 4.
 1 APPPATH/Views/_partial_landing/_partial_header_mobile.php(4): CodeIgniter\Debug\Exceptions->errorHandler()
 2 SYSTEMPATH/View/View.php(228): include('/home/dbmyfbuf/public_html/app/Views/_partial_landing/_partial_header_mobile.php')
 3 SYSTEMPATH/View/View.php(231): CodeIgniter\View\View->CodeIgniter\View\{closure}()
 4 SYSTEMPATH/Common.php(1178): CodeIgniter\View\View->render()
 5 APPPATH/Views/landing/v_index.php(17): view()
 6 SYSTEMPATH/View/View.php(228): include('/home/dbmyfbuf/public_html/app/Views/landing/v_index.php')
 7 SYSTEMPATH/View/View.php(231): CodeIgniter\View\View->CodeIgniter\View\{closure}()
 8 SYSTEMPATH/Common.php(1178): CodeIgniter\View\View->render()
 9 APPPATH/Controllers/Landing.php(16): view()
10 SYSTEMPATH/CodeIgniter.php(943): App\Controllers\Landing->index()
11 SYSTEMPATH/CodeIgniter.php(503): CodeIgniter\CodeIgniter->runController()
12 SYSTEMPATH/CodeIgniter.php(361): CodeIgniter\CodeIgniter->handleRequest()
13 FCPATH/index.php(79): CodeIgniter\CodeIgniter->run()
CRITICAL - 2024-10-14 07:40:03 --> ErrorException: Undefined array key "sitemap.xml"
in APPPATH/Views/_partial_landing/_partial_header_mobile.php on line 4.
 1 APPPATH/Views/_partial_landing/_partial_header_mobile.php(4): CodeIgniter\Debug\Exceptions->errorHandler()
 2 SYSTEMPATH/View/View.php(228): include('/home/dbmyfbuf/public_html/app/Views/_partial_landing/_partial_header_mobile.php')
 3 SYSTEMPATH/View/View.php(231): CodeIgniter\View\View->CodeIgniter\View\{closure}()
 4 SYSTEMPATH/Common.php(1178): CodeIgniter\View\View->render()
 5 APPPATH/Views/landing/v_index.php(17): view()
 6 SYSTEMPATH/View/View.php(228): include('/home/dbmyfbuf/public_html/app/Views/landing/v_index.php')
 7 SYSTEMPATH/View/View.php(231): CodeIgniter\View\View->CodeIgniter\View\{closure}()
 8 SYSTEMPATH/Common.php(1178): CodeIgniter\View\View->render()
 9 APPPATH/Controllers/Landing.php(16): view()
10 SYSTEMPATH/CodeIgniter.php(943): App\Controllers\Landing->index()
11 SYSTEMPATH/CodeIgniter.php(503): CodeIgniter\CodeIgniter->runController()
12 SYSTEMPATH/CodeIgniter.php(361): CodeIgniter\CodeIgniter->handleRequest()
13 FCPATH/index.php(79): CodeIgniter\CodeIgniter->run()
CRITICAL - 2024-10-14 08:50:29 --> ErrorException: Undefined array key "sitemap_index.xml"
in APPPATH/Views/_partial_landing/_partial_header_mobile.php on line 4.
 1 APPPATH/Views/_partial_landing/_partial_header_mobile.php(4): CodeIgniter\Debug\Exceptions->errorHandler()
 2 SYSTEMPATH/View/View.php(228): include('/home/dbmyfbuf/public_html/app/Views/_partial_landing/_partial_header_mobile.php')
 3 SYSTEMPATH/View/View.php(231): CodeIgniter\View\View->CodeIgniter\View\{closure}()
 4 SYSTEMPATH/Common.php(1178): CodeIgniter\View\View->render()
 5 APPPATH/Views/landing/v_index.php(17): view()
 6 SYSTEMPATH/View/View.php(228): include('/home/dbmyfbuf/public_html/app/Views/landing/v_index.php')
 7 SYSTEMPATH/View/View.php(231): CodeIgniter\View\View->CodeIgniter\View\{closure}()
 8 SYSTEMPATH/Common.php(1178): CodeIgniter\View\View->render()
 9 APPPATH/Controllers/Landing.php(16): view()
10 SYSTEMPATH/CodeIgniter.php(943): App\Controllers\Landing->index()
11 SYSTEMPATH/CodeIgniter.php(503): CodeIgniter\CodeIgniter->runController()
12 SYSTEMPATH/CodeIgniter.php(361): CodeIgniter\CodeIgniter->handleRequest()
13 FCPATH/index.php(79): CodeIgniter\CodeIgniter->run()
CRITICAL - 2024-10-14 08:50:30 --> ErrorException: Undefined array key "sitemap_index.xml"
in APPPATH/Views/_partial_landing/_partial_header_mobile.php on line 4.
 1 APPPATH/Views/_partial_landing/_partial_header_mobile.php(4): CodeIgniter\Debug\Exceptions->errorHandler()
 2 SYSTEMPATH/View/View.php(228): include('/home/dbmyfbuf/public_html/app/Views/_partial_landing/_partial_header_mobile.php')
 3 SYSTEMPATH/View/View.php(231): CodeIgniter\View\View->CodeIgniter\View\{closure}()
 4 SYSTEMPATH/Common.php(1178): CodeIgniter\View\View->render()
 5 APPPATH/Views/landing/v_index.php(17): view()
 6 SYSTEMPATH/View/View.php(228): include('/home/dbmyfbuf/public_html/app/Views/landing/v_index.php')
 7 SYSTEMPATH/View/View.php(231): CodeIgniter\View\View->CodeIgniter\View\{closure}()
 8 SYSTEMPATH/Common.php(1178): CodeIgniter\View\View->render()
 9 APPPATH/Controllers/Landing.php(16): view()
10 SYSTEMPATH/CodeIgniter.php(943): App\Controllers\Landing->index()
11 SYSTEMPATH/CodeIgniter.php(503): CodeIgniter\CodeIgniter->runController()
12 SYSTEMPATH/CodeIgniter.php(361): CodeIgniter\CodeIgniter->handleRequest()
13 FCPATH/index.php(79): CodeIgniter\CodeIgniter->run()
CRITICAL - 2024-10-14 08:50:33 --> ErrorException: Undefined array key "sitemaps.xml"
in APPPATH/Views/_partial_landing/_partial_header_mobile.php on line 4.
 1 APPPATH/Views/_partial_landing/_partial_header_mobile.php(4): CodeIgniter\Debug\Exceptions->errorHandler()
 2 SYSTEMPATH/View/View.php(228): include('/home/dbmyfbuf/public_html/app/Views/_partial_landing/_partial_header_mobile.php')
 3 SYSTEMPATH/View/View.php(231): CodeIgniter\View\View->CodeIgniter\View\{closure}()
 4 SYSTEMPATH/Common.php(1178): CodeIgniter\View\View->render()
 5 APPPATH/Views/landing/v_index.php(17): view()
 6 SYSTEMPATH/View/View.php(228): include('/home/dbmyfbuf/public_html/app/Views/landing/v_index.php')
 7 SYSTEMPATH/View/View.php(231): CodeIgniter\View\View->CodeIgniter\View\{closure}()
 8 SYSTEMPATH/Common.php(1178): CodeIgniter\View\View->render()
 9 APPPATH/Controllers/Landing.php(16): view()
10 SYSTEMPATH/CodeIgniter.php(943): App\Controllers\Landing->index()
11 SYSTEMPATH/CodeIgniter.php(503): CodeIgniter\CodeIgniter->runController()
12 SYSTEMPATH/CodeIgniter.php(361): CodeIgniter\CodeIgniter->handleRequest()
13 FCPATH/index.php(79): CodeIgniter\CodeIgniter->run()
CRITICAL - 2024-10-14 08:50:33 --> ErrorException: Undefined array key "sitemaps.xml"
in APPPATH/Views/_partial_landing/_partial_header_mobile.php on line 4.
 1 APPPATH/Views/_partial_landing/_partial_header_mobile.php(4): CodeIgniter\Debug\Exceptions->errorHandler()
 2 SYSTEMPATH/View/View.php(228): include('/home/dbmyfbuf/public_html/app/Views/_partial_landing/_partial_header_mobile.php')
 3 SYSTEMPATH/View/View.php(231): CodeIgniter\View\View->CodeIgniter\View\{closure}()
 4 SYSTEMPATH/Common.php(1178): CodeIgniter\View\View->render()
 5 APPPATH/Views/landing/v_index.php(17): view()
 6 SYSTEMPATH/View/View.php(228): include('/home/dbmyfbuf/public_html/app/Views/landing/v_index.php')
 7 SYSTEMPATH/View/View.php(231): CodeIgniter\View\View->CodeIgniter\View\{closure}()
 8 SYSTEMPATH/Common.php(1178): CodeIgniter\View\View->render()
 9 APPPATH/Controllers/Landing.php(16): view()
10 SYSTEMPATH/CodeIgniter.php(943): App\Controllers\Landing->index()
11 SYSTEMPATH/CodeIgniter.php(503): CodeIgniter\CodeIgniter->runController()
12 SYSTEMPATH/CodeIgniter.php(361): CodeIgniter\CodeIgniter->handleRequest()
13 FCPATH/index.php(79): CodeIgniter\CodeIgniter->run()
CRITICAL - 2024-10-14 10:32:11 --> ErrorException: Undefined array key "atom.xml"
in APPPATH/Views/_partial_landing/_partial_header_mobile.php on line 4.
 1 APPPATH/Views/_partial_landing/_partial_header_mobile.php(4): CodeIgniter\Debug\Exceptions->errorHandler()
 2 SYSTEMPATH/View/View.php(228): include('/home/dbmyfbuf/public_html/app/Views/_partial_landing/_partial_header_mobile.php')
 3 SYSTEMPATH/View/View.php(231): CodeIgniter\View\View->CodeIgniter\View\{closure}()
 4 SYSTEMPATH/Common.php(1178): CodeIgniter\View\View->render()
 5 APPPATH/Views/landing/v_index.php(17): view()
 6 SYSTEMPATH/View/View.php(228): include('/home/dbmyfbuf/public_html/app/Views/landing/v_index.php')
 7 SYSTEMPATH/View/View.php(231): CodeIgniter\View\View->CodeIgniter\View\{closure}()
 8 SYSTEMPATH/Common.php(1178): CodeIgniter\View\View->render()
 9 APPPATH/Controllers/Landing.php(16): view()
10 SYSTEMPATH/CodeIgniter.php(943): App\Controllers\Landing->index()
11 SYSTEMPATH/CodeIgniter.php(503): CodeIgniter\CodeIgniter->runController()
12 SYSTEMPATH/CodeIgniter.php(361): CodeIgniter\CodeIgniter->handleRequest()
13 FCPATH/index.php(79): CodeIgniter\CodeIgniter->run()
CRITICAL - 2024-10-14 10:32:11 --> ErrorException: Undefined array key "atom.xml"
in APPPATH/Views/_partial_landing/_partial_header_mobile.php on line 4.
 1 APPPATH/Views/_partial_landing/_partial_header_mobile.php(4): CodeIgniter\Debug\Exceptions->errorHandler()
 2 SYSTEMPATH/View/View.php(228): include('/home/dbmyfbuf/public_html/app/Views/_partial_landing/_partial_header_mobile.php')
 3 SYSTEMPATH/View/View.php(231): CodeIgniter\View\View->CodeIgniter\View\{closure}()
 4 SYSTEMPATH/Common.php(1178): CodeIgniter\View\View->render()
 5 APPPATH/Views/landing/v_index.php(17): view()
 6 SYSTEMPATH/View/View.php(228): include('/home/dbmyfbuf/public_html/app/Views/landing/v_index.php')
 7 SYSTEMPATH/View/View.php(231): CodeIgniter\View\View->CodeIgniter\View\{closure}()
 8 SYSTEMPATH/Common.php(1178): CodeIgniter\View\View->render()
 9 APPPATH/Controllers/Landing.php(16): view()
10 SYSTEMPATH/CodeIgniter.php(943): App\Controllers\Landing->index()
11 SYSTEMPATH/CodeIgniter.php(503): CodeIgniter\CodeIgniter->runController()
12 SYSTEMPATH/CodeIgniter.php(361): CodeIgniter\CodeIgniter->handleRequest()
13 FCPATH/index.php(79): CodeIgniter\CodeIgniter->run()
CRITICAL - 2024-10-14 11:27:35 --> ErrorException: Undefined array key "sitemap.txt"
in APPPATH/Views/_partial_landing/_partial_header_mobile.php on line 4.
 1 APPPATH/Views/_partial_landing/_partial_header_mobile.php(4): CodeIgniter\Debug\Exceptions->errorHandler()
 2 SYSTEMPATH/View/View.php(228): include('/home/dbmyfbuf/public_html/app/Views/_partial_landing/_partial_header_mobile.php')
 3 SYSTEMPATH/View/View.php(231): CodeIgniter\View\View->CodeIgniter\View\{closure}()
 4 SYSTEMPATH/Common.php(1178): CodeIgniter\View\View->render()
 5 APPPATH/Views/landing/v_index.php(17): view()
 6 SYSTEMPATH/View/View.php(228): include('/home/dbmyfbuf/public_html/app/Views/landing/v_index.php')
 7 SYSTEMPATH/View/View.php(231): CodeIgniter\View\View->CodeIgniter\View\{closure}()
 8 SYSTEMPATH/Common.php(1178): CodeIgniter\View\View->render()
 9 APPPATH/Controllers/Landing.php(16): view()
10 SYSTEMPATH/CodeIgniter.php(943): App\Controllers\Landing->index()
11 SYSTEMPATH/CodeIgniter.php(503): CodeIgniter\CodeIgniter->runController()
12 SYSTEMPATH/CodeIgniter.php(361): CodeIgniter\CodeIgniter->handleRequest()
13 FCPATH/index.php(79): CodeIgniter\CodeIgniter->run()
CRITICAL - 2024-10-14 11:27:36 --> ErrorException: Undefined array key "sitemap.txt"
in APPPATH/Views/_partial_landing/_partial_header_mobile.php on line 4.
 1 APPPATH/Views/_partial_landing/_partial_header_mobile.php(4): CodeIgniter\Debug\Exceptions->errorHandler()
 2 SYSTEMPATH/View/View.php(228): include('/home/dbmyfbuf/public_html/app/Views/_partial_landing/_partial_header_mobile.php')
 3 SYSTEMPATH/View/View.php(231): CodeIgniter\View\View->CodeIgniter\View\{closure}()
 4 SYSTEMPATH/Common.php(1178): CodeIgniter\View\View->render()
 5 APPPATH/Views/landing/v_index.php(17): view()
 6 SYSTEMPATH/View/View.php(228): include('/home/dbmyfbuf/public_html/app/Views/landing/v_index.php')
 7 SYSTEMPATH/View/View.php(231): CodeIgniter\View\View->CodeIgniter\View\{closure}()
 8 SYSTEMPATH/Common.php(1178): CodeIgniter\View\View->render()
 9 APPPATH/Controllers/Landing.php(16): view()
10 SYSTEMPATH/CodeIgniter.php(943): App\Controllers\Landing->index()
11 SYSTEMPATH/CodeIgniter.php(503): CodeIgniter\CodeIgniter->runController()
12 SYSTEMPATH/CodeIgniter.php(361): CodeIgniter\CodeIgniter->handleRequest()
13 FCPATH/index.php(79): CodeIgniter\CodeIgniter->run()
CRITICAL - 2024-10-14 12:19:04 --> ErrorException: Undefined array key "sitemap_index.xml"
in APPPATH/Views/_partial_landing/_partial_header_mobile.php on line 4.
 1 APPPATH/Views/_partial_landing/_partial_header_mobile.php(4): CodeIgniter\Debug\Exceptions->errorHandler()
 2 SYSTEMPATH/View/View.php(228): include('/home/dbmyfbuf/public_html/app/Views/_partial_landing/_partial_header_mobile.php')
 3 SYSTEMPATH/View/View.php(231): CodeIgniter\View\View->CodeIgniter\View\{closure}()
 4 SYSTEMPATH/Common.php(1178): CodeIgniter\View\View->render()
 5 APPPATH/Views/landing/v_index.php(17): view()
 6 SYSTEMPATH/View/View.php(228): include('/home/dbmyfbuf/public_html/app/Views/landing/v_index.php')
 7 SYSTEMPATH/View/View.php(231): CodeIgniter\View\View->CodeIgniter\View\{closure}()
 8 SYSTEMPATH/Common.php(1178): CodeIgniter\View\View->render()
 9 APPPATH/Controllers/Landing.php(16): view()
10 SYSTEMPATH/CodeIgniter.php(943): App\Controllers\Landing->index()
11 SYSTEMPATH/CodeIgniter.php(503): CodeIgniter\CodeIgniter->runController()
12 SYSTEMPATH/CodeIgniter.php(361): CodeIgniter\CodeIgniter->handleRequest()
13 FCPATH/index.php(79): CodeIgniter\CodeIgniter->run()
CRITICAL - 2024-10-14 12:19:05 --> ErrorException: Undefined array key "sitemap_index.xml"
in APPPATH/Views/_partial_landing/_partial_header_mobile.php on line 4.
 1 APPPATH/Views/_partial_landing/_partial_header_mobile.php(4): CodeIgniter\Debug\Exceptions->errorHandler()
 2 SYSTEMPATH/View/View.php(228): include('/home/dbmyfbuf/public_html/app/Views/_partial_landing/_partial_header_mobile.php')
 3 SYSTEMPATH/View/View.php(231): CodeIgniter\View\View->CodeIgniter\View\{closure}()
 4 SYSTEMPATH/Common.php(1178): CodeIgniter\View\View->render()
 5 APPPATH/Views/landing/v_index.php(17): view()
 6 SYSTEMPATH/View/View.php(228): include('/home/dbmyfbuf/public_html/app/Views/landing/v_index.php')
 7 SYSTEMPATH/View/View.php(231): CodeIgniter\View\View->CodeIgniter\View\{closure}()
 8 SYSTEMPATH/Common.php(1178): CodeIgniter\View\View->render()
 9 APPPATH/Controllers/Landing.php(16): view()
10 SYSTEMPATH/CodeIgniter.php(943): App\Controllers\Landing->index()
11 SYSTEMPATH/CodeIgniter.php(503): CodeIgniter\CodeIgniter->runController()
12 SYSTEMPATH/CodeIgniter.php(361): CodeIgniter\CodeIgniter->handleRequest()
13 FCPATH/index.php(79): CodeIgniter\CodeIgniter->run()
CRITICAL - 2024-10-14 12:22:33 --> ErrorException: Undefined array key "sitemap.xml"
in APPPATH/Views/_partial_landing/_partial_header_mobile.php on line 4.
 1 APPPATH/Views/_partial_landing/_partial_header_mobile.php(4): CodeIgniter\Debug\Exceptions->errorHandler()
 2 SYSTEMPATH/View/View.php(228): include('/home/dbmyfbuf/public_html/app/Views/_partial_landing/_partial_header_mobile.php')
 3 SYSTEMPATH/View/View.php(231): CodeIgniter\View\View->CodeIgniter\View\{closure}()
 4 SYSTEMPATH/Common.php(1178): CodeIgniter\View\View->render()
 5 APPPATH/Views/landing/v_index.php(17): view()
 6 SYSTEMPATH/View/View.php(228): include('/home/dbmyfbuf/public_html/app/Views/landing/v_index.php')
 7 SYSTEMPATH/View/View.php(231): CodeIgniter\View\View->CodeIgniter\View\{closure}()
 8 SYSTEMPATH/Common.php(1178): CodeIgniter\View\View->render()
 9 APPPATH/Controllers/Landing.php(16): view()
10 SYSTEMPATH/CodeIgniter.php(943): App\Controllers\Landing->index()
11 SYSTEMPATH/CodeIgniter.php(503): CodeIgniter\CodeIgniter->runController()
12 SYSTEMPATH/CodeIgniter.php(361): CodeIgniter\CodeIgniter->handleRequest()
13 FCPATH/index.php(79): CodeIgniter\CodeIgniter->run()
CRITICAL - 2024-10-14 12:22:34 --> ErrorException: Undefined array key "sitemap.xml"
in APPPATH/Views/_partial_landing/_partial_header_mobile.php on line 4.
 1 APPPATH/Views/_partial_landing/_partial_header_mobile.php(4): CodeIgniter\Debug\Exceptions->errorHandler()
 2 SYSTEMPATH/View/View.php(228): include('/home/dbmyfbuf/public_html/app/Views/_partial_landing/_partial_header_mobile.php')
 3 SYSTEMPATH/View/View.php(231): CodeIgniter\View\View->CodeIgniter\View\{closure}()
 4 SYSTEMPATH/Common.php(1178): CodeIgniter\View\View->render()
 5 APPPATH/Views/landing/v_index.php(17): view()
 6 SYSTEMPATH/View/View.php(228): include('/home/dbmyfbuf/public_html/app/Views/landing/v_index.php')
 7 SYSTEMPATH/View/View.php(231): CodeIgniter\View\View->CodeIgniter\View\{closure}()
 8 SYSTEMPATH/Common.php(1178): CodeIgniter\View\View->render()
 9 APPPATH/Controllers/Landing.php(16): view()
10 SYSTEMPATH/CodeIgniter.php(943): App\Controllers\Landing->index()
11 SYSTEMPATH/CodeIgniter.php(503): CodeIgniter\CodeIgniter->runController()
12 SYSTEMPATH/CodeIgniter.php(361): CodeIgniter\CodeIgniter->handleRequest()
13 FCPATH/index.php(79): CodeIgniter\CodeIgniter->run()
CRITICAL - 2024-10-14 12:43:39 --> ErrorException: Undefined array key "sitemap.xml.gz"
in APPPATH/Views/_partial_landing/_partial_header_mobile.php on line 4.
 1 APPPATH/Views/_partial_landing/_partial_header_mobile.php(4): CodeIgniter\Debug\Exceptions->errorHandler()
 2 SYSTEMPATH/View/View.php(228): include('/home/dbmyfbuf/public_html/app/Views/_partial_landing/_partial_header_mobile.php')
 3 SYSTEMPATH/View/View.php(231): CodeIgniter\View\View->CodeIgniter\View\{closure}()
 4 SYSTEMPATH/Common.php(1178): CodeIgniter\View\View->render()
 5 APPPATH/Views/landing/v_index.php(17): view()
 6 SYSTEMPATH/View/View.php(228): include('/home/dbmyfbuf/public_html/app/Views/landing/v_index.php')
 7 SYSTEMPATH/View/View.php(231): CodeIgniter\View\View->CodeIgniter\View\{closure}()
 8 SYSTEMPATH/Common.php(1178): CodeIgniter\View\View->render()
 9 APPPATH/Controllers/Landing.php(16): view()
10 SYSTEMPATH/CodeIgniter.php(943): App\Controllers\Landing->index()
11 SYSTEMPATH/CodeIgniter.php(503): CodeIgniter\CodeIgniter->runController()
12 SYSTEMPATH/CodeIgniter.php(361): CodeIgniter\CodeIgniter->handleRequest()
13 FCPATH/index.php(79): CodeIgniter\CodeIgniter->run()
CRITICAL - 2024-10-14 12:43:40 --> ErrorException: Undefined array key "sitemap.xml.gz"
in APPPATH/Views/_partial_landing/_partial_header_mobile.php on line 4.
 1 APPPATH/Views/_partial_landing/_partial_header_mobile.php(4): CodeIgniter\Debug\Exceptions->errorHandler()
 2 SYSTEMPATH/View/View.php(228): include('/home/dbmyfbuf/public_html/app/Views/_partial_landing/_partial_header_mobile.php')
 3 SYSTEMPATH/View/View.php(231): CodeIgniter\View\View->CodeIgniter\View\{closure}()
 4 SYSTEMPATH/Common.php(1178): CodeIgniter\View\View->render()
 5 APPPATH/Views/landing/v_index.php(17): view()
 6 SYSTEMPATH/View/View.php(228): include('/home/dbmyfbuf/public_html/app/Views/landing/v_index.php')
 7 SYSTEMPATH/View/View.php(231): CodeIgniter\View\View->CodeIgniter\View\{closure}()
 8 SYSTEMPATH/Common.php(1178): CodeIgniter\View\View->render()
 9 APPPATH/Controllers/Landing.php(16): view()
10 SYSTEMPATH/CodeIgniter.php(943): App\Controllers\Landing->index()
11 SYSTEMPATH/CodeIgniter.php(503): CodeIgniter\CodeIgniter->runController()
12 SYSTEMPATH/CodeIgniter.php(361): CodeIgniter\CodeIgniter->handleRequest()
13 FCPATH/index.php(79): CodeIgniter\CodeIgniter->run()
CRITICAL - 2024-10-14 12:43:42 --> ErrorException: Undefined array key "sitemap.xml.gz"
in APPPATH/Views/_partial_landing/_partial_header_mobile.php on line 4.
 1 APPPATH/Views/_partial_landing/_partial_header_mobile.php(4): CodeIgniter\Debug\Exceptions->errorHandler()
 2 SYSTEMPATH/View/View.php(228): include('/home/dbmyfbuf/public_html/app/Views/_partial_landing/_partial_header_mobile.php')
 3 SYSTEMPATH/View/View.php(231): CodeIgniter\View\View->CodeIgniter\View\{closure}()
 4 SYSTEMPATH/Common.php(1178): CodeIgniter\View\View->render()
 5 APPPATH/Views/landing/v_index.php(17): view()
 6 SYSTEMPATH/View/View.php(228): include('/home/dbmyfbuf/public_html/app/Views/landing/v_index.php')
 7 SYSTEMPATH/View/View.php(231): CodeIgniter\View\View->CodeIgniter\View\{closure}()
 8 SYSTEMPATH/Common.php(1178): CodeIgniter\View\View->render()
 9 APPPATH/Controllers/Landing.php(16): view()
10 SYSTEMPATH/CodeIgniter.php(943): App\Controllers\Landing->index()
11 SYSTEMPATH/CodeIgniter.php(503): CodeIgniter\CodeIgniter->runController()
12 SYSTEMPATH/CodeIgniter.php(361): CodeIgniter\CodeIgniter->handleRequest()
13 FCPATH/index.php(79): CodeIgniter\CodeIgniter->run()
CRITICAL - 2024-10-14 12:43:43 --> ErrorException: Undefined array key "sitemap.xml.gz"
in APPPATH/Views/_partial_landing/_partial_header_mobile.php on line 4.
 1 APPPATH/Views/_partial_landing/_partial_header_mobile.php(4): CodeIgniter\Debug\Exceptions->errorHandler()
 2 SYSTEMPATH/View/View.php(228): include('/home/dbmyfbuf/public_html/app/Views/_partial_landing/_partial_header_mobile.php')
 3 SYSTEMPATH/View/View.php(231): CodeIgniter\View\View->CodeIgniter\View\{closure}()
 4 SYSTEMPATH/Common.php(1178): CodeIgniter\View\View->render()
 5 APPPATH/Views/landing/v_index.php(17): view()
 6 SYSTEMPATH/View/View.php(228): include('/home/dbmyfbuf/public_html/app/Views/landing/v_index.php')
 7 SYSTEMPATH/View/View.php(231): CodeIgniter\View\View->CodeIgniter\View\{closure}()
 8 SYSTEMPATH/Common.php(1178): CodeIgniter\View\View->render()
 9 APPPATH/Controllers/Landing.php(16): view()
10 SYSTEMPATH/CodeIgniter.php(943): App\Controllers\Landing->index()
11 SYSTEMPATH/CodeIgniter.php(503): CodeIgniter\CodeIgniter->runController()
12 SYSTEMPATH/CodeIgniter.php(361): CodeIgniter\CodeIgniter->handleRequest()
13 FCPATH/index.php(79): CodeIgniter\CodeIgniter->run()
CRITICAL - 2024-10-14 13:21:49 --> ErrorException: Undefined array key "sitemap.txt"
in APPPATH/Views/_partial_landing/_partial_header_mobile.php on line 4.
 1 APPPATH/Views/_partial_landing/_partial_header_mobile.php(4): CodeIgniter\Debug\Exceptions->errorHandler()
 2 SYSTEMPATH/View/View.php(228): include('/home/dbmyfbuf/public_html/app/Views/_partial_landing/_partial_header_mobile.php')
 3 SYSTEMPATH/View/View.php(231): CodeIgniter\View\View->CodeIgniter\View\{closure}()
 4 SYSTEMPATH/Common.php(1178): CodeIgniter\View\View->render()
 5 APPPATH/Views/landing/v_index.php(17): view()
 6 SYSTEMPATH/View/View.php(228): include('/home/dbmyfbuf/public_html/app/Views/landing/v_index.php')
 7 SYSTEMPATH/View/View.php(231): CodeIgniter\View\View->CodeIgniter\View\{closure}()
 8 SYSTEMPATH/Common.php(1178): CodeIgniter\View\View->render()
 9 APPPATH/Controllers/Landing.php(16): view()
10 SYSTEMPATH/CodeIgniter.php(943): App\Controllers\Landing->index()
11 SYSTEMPATH/CodeIgniter.php(503): CodeIgniter\CodeIgniter->runController()
12 SYSTEMPATH/CodeIgniter.php(361): CodeIgniter\CodeIgniter->handleRequest()
13 FCPATH/index.php(79): CodeIgniter\CodeIgniter->run()
CRITICAL - 2024-10-14 13:21:49 --> ErrorException: Undefined array key "sitemap.txt"
in APPPATH/Views/_partial_landing/_partial_header_mobile.php on line 4.
 1 APPPATH/Views/_partial_landing/_partial_header_mobile.php(4): CodeIgniter\Debug\Exceptions->errorHandler()
 2 SYSTEMPATH/View/View.php(228): include('/home/dbmyfbuf/public_html/app/Views/_partial_landing/_partial_header_mobile.php')
 3 SYSTEMPATH/View/View.php(231): CodeIgniter\View\View->CodeIgniter\View\{closure}()
 4 SYSTEMPATH/Common.php(1178): CodeIgniter\View\View->render()
 5 APPPATH/Views/landing/v_index.php(17): view()
 6 SYSTEMPATH/View/View.php(228): include('/home/dbmyfbuf/public_html/app/Views/landing/v_index.php')
 7 SYSTEMPATH/View/View.php(231): CodeIgniter\View\View->CodeIgniter\View\{closure}()
 8 SYSTEMPATH/Common.php(1178): CodeIgniter\View\View->render()
 9 APPPATH/Controllers/Landing.php(16): view()
10 SYSTEMPATH/CodeIgniter.php(943): App\Controllers\Landing->index()
11 SYSTEMPATH/CodeIgniter.php(503): CodeIgniter\CodeIgniter->runController()
12 SYSTEMPATH/CodeIgniter.php(361): CodeIgniter\CodeIgniter->handleRequest()
13 FCPATH/index.php(79): CodeIgniter\CodeIgniter->run()
CRITICAL - 2024-10-14 14:26:09 --> ErrorException: Undefined array key "sitemap.xml.gz"
in APPPATH/Views/_partial_landing/_partial_header_mobile.php on line 4.
 1 APPPATH/Views/_partial_landing/_partial_header_mobile.php(4): CodeIgniter\Debug\Exceptions->errorHandler()
 2 SYSTEMPATH/View/View.php(228): include('/home/dbmyfbuf/public_html/app/Views/_partial_landing/_partial_header_mobile.php')
 3 SYSTEMPATH/View/View.php(231): CodeIgniter\View\View->CodeIgniter\View\{closure}()
 4 SYSTEMPATH/Common.php(1178): CodeIgniter\View\View->render()
 5 APPPATH/Views/landing/v_index.php(17): view()
 6 SYSTEMPATH/View/View.php(228): include('/home/dbmyfbuf/public_html/app/Views/landing/v_index.php')
 7 SYSTEMPATH/View/View.php(231): CodeIgniter\View\View->CodeIgniter\View\{closure}()
 8 SYSTEMPATH/Common.php(1178): CodeIgniter\View\View->render()
 9 APPPATH/Controllers/Landing.php(16): view()
10 SYSTEMPATH/CodeIgniter.php(943): App\Controllers\Landing->index()
11 SYSTEMPATH/CodeIgniter.php(503): CodeIgniter\CodeIgniter->runController()
12 SYSTEMPATH/CodeIgniter.php(361): CodeIgniter\CodeIgniter->handleRequest()
13 FCPATH/index.php(79): CodeIgniter\CodeIgniter->run()
