CRITICAL - 2024-10-13 01:48:25 --> ErrorException: Undefined array key "atom.xml"
in APPPATH/Views/_partial_landing/_partial_header_mobile.php on line 4.
 1 APPPATH/Views/_partial_landing/_partial_header_mobile.php(4): CodeIgniter\Debug\Exceptions->errorHandler()
 2 SYSTEMPATH/View/View.php(228): include('/home/dbmyfbuf/public_html/app/Views/_partial_landing/_partial_header_mobile.php')
 3 SYSTEMPATH/View/View.php(231): CodeIgniter\View\View->CodeIgniter\View\{closure}()
 4 SYSTEMPATH/Common.php(1178): CodeIgniter\View\View->render()
 5 APPPATH/Views/landing/v_index.php(17): view()
 6 SYSTEMPATH/View/View.php(228): include('/home/dbmyfbuf/public_html/app/Views/landing/v_index.php')
 7 SYSTEMPATH/View/View.php(231): CodeIgniter\View\View->CodeIgniter\View\{closure}()
 8 SYSTEMPATH/Common.php(1178): CodeIgniter\View\View->render()
 9 APPPATH/Controllers/Landing.php(16): view()
10 SYSTEMPATH/CodeIgniter.php(943): App\Controllers\Landing->index()
11 SYSTEMPATH/CodeIgniter.php(503): CodeIgniter\CodeIgniter->runController()
12 SYSTEMPATH/CodeIgniter.php(361): CodeIgniter\CodeIgniter->handleRequest()
13 FCPATH/index.php(79): CodeIgniter\CodeIgniter->run()
CRITICAL - 2024-10-13 01:48:25 --> ErrorException: Undefined array key "atom.xml"
in APPPATH/Views/_partial_landing/_partial_header_mobile.php on line 4.
 1 APPPATH/Views/_partial_landing/_partial_header_mobile.php(4): CodeIgniter\Debug\Exceptions->errorHandler()
 2 SYSTEMPATH/View/View.php(228): include('/home/dbmyfbuf/public_html/app/Views/_partial_landing/_partial_header_mobile.php')
 3 SYSTEMPATH/View/View.php(231): CodeIgniter\View\View->CodeIgniter\View\{closure}()
 4 SYSTEMPATH/Common.php(1178): CodeIgniter\View\View->render()
 5 APPPATH/Views/landing/v_index.php(17): view()
 6 SYSTEMPATH/View/View.php(228): include('/home/dbmyfbuf/public_html/app/Views/landing/v_index.php')
 7 SYSTEMPATH/View/View.php(231): CodeIgniter\View\View->CodeIgniter\View\{closure}()
 8 SYSTEMPATH/Common.php(1178): CodeIgniter\View\View->render()
 9 APPPATH/Controllers/Landing.php(16): view()
10 SYSTEMPATH/CodeIgniter.php(943): App\Controllers\Landing->index()
11 SYSTEMPATH/CodeIgniter.php(503): CodeIgniter\CodeIgniter->runController()
12 SYSTEMPATH/CodeIgniter.php(361): CodeIgniter\CodeIgniter->handleRequest()
13 FCPATH/index.php(79): CodeIgniter\CodeIgniter->run()
CRITICAL - 2024-10-13 03:20:28 --> ErrorException: Undefined array key "wp-includes"
in APPPATH/Views/_partial_landing/_partial_header_mobile.php on line 4.
 1 APPPATH/Views/_partial_landing/_partial_header_mobile.php(4): CodeIgniter\Debug\Exceptions->errorHandler()
 2 SYSTEMPATH/View/View.php(228): include('/home/dbmyfbuf/public_html/app/Views/_partial_landing/_partial_header_mobile.php')
 3 SYSTEMPATH/View/View.php(231): CodeIgniter\View\View->CodeIgniter\View\{closure}()
 4 SYSTEMPATH/Common.php(1178): CodeIgniter\View\View->render()
 5 APPPATH/Views/landing/v_index.php(17): view()
 6 SYSTEMPATH/View/View.php(228): include('/home/dbmyfbuf/public_html/app/Views/landing/v_index.php')
 7 SYSTEMPATH/View/View.php(231): CodeIgniter\View\View->CodeIgniter\View\{closure}()
 8 SYSTEMPATH/Common.php(1178): CodeIgniter\View\View->render()
 9 APPPATH/Controllers/Landing.php(16): view()
10 SYSTEMPATH/CodeIgniter.php(943): App\Controllers\Landing->index()
11 SYSTEMPATH/CodeIgniter.php(503): CodeIgniter\CodeIgniter->runController()
12 SYSTEMPATH/CodeIgniter.php(361): CodeIgniter\CodeIgniter->handleRequest()
13 FCPATH/index.php(79): CodeIgniter\CodeIgniter->run()
CRITICAL - 2024-10-13 03:20:29 --> ErrorException: Undefined array key "media"
in APPPATH/Views/_partial_landing/_partial_header_mobile.php on line 4.
 1 APPPATH/Views/_partial_landing/_partial_header_mobile.php(4): CodeIgniter\Debug\Exceptions->errorHandler()
 2 SYSTEMPATH/View/View.php(228): include('/home/dbmyfbuf/public_html/app/Views/_partial_landing/_partial_header_mobile.php')
 3 SYSTEMPATH/View/View.php(231): CodeIgniter\View\View->CodeIgniter\View\{closure}()
 4 SYSTEMPATH/Common.php(1178): CodeIgniter\View\View->render()
 5 APPPATH/Views/landing/v_index.php(17): view()
 6 SYSTEMPATH/View/View.php(228): include('/home/dbmyfbuf/public_html/app/Views/landing/v_index.php')
 7 SYSTEMPATH/View/View.php(231): CodeIgniter\View\View->CodeIgniter\View\{closure}()
 8 SYSTEMPATH/Common.php(1178): CodeIgniter\View\View->render()
 9 APPPATH/Controllers/Landing.php(16): view()
10 SYSTEMPATH/CodeIgniter.php(943): App\Controllers\Landing->index()
11 SYSTEMPATH/CodeIgniter.php(503): CodeIgniter\CodeIgniter->runController()
12 SYSTEMPATH/CodeIgniter.php(361): CodeIgniter\CodeIgniter->handleRequest()
13 FCPATH/index.php(79): CodeIgniter\CodeIgniter->run()
CRITICAL - 2024-10-13 07:00:51 --> ErrorException: Undefined array key "sitemap.xml.gz"
in APPPATH/Views/_partial_landing/_partial_header_mobile.php on line 4.
 1 APPPATH/Views/_partial_landing/_partial_header_mobile.php(4): CodeIgniter\Debug\Exceptions->errorHandler()
 2 SYSTEMPATH/View/View.php(228): include('/home/dbmyfbuf/public_html/app/Views/_partial_landing/_partial_header_mobile.php')
 3 SYSTEMPATH/View/View.php(231): CodeIgniter\View\View->CodeIgniter\View\{closure}()
 4 SYSTEMPATH/Common.php(1178): CodeIgniter\View\View->render()
 5 APPPATH/Views/landing/v_index.php(17): view()
 6 SYSTEMPATH/View/View.php(228): include('/home/dbmyfbuf/public_html/app/Views/landing/v_index.php')
 7 SYSTEMPATH/View/View.php(231): CodeIgniter\View\View->CodeIgniter\View\{closure}()
 8 SYSTEMPATH/Common.php(1178): CodeIgniter\View\View->render()
 9 APPPATH/Controllers/Landing.php(16): view()
10 SYSTEMPATH/CodeIgniter.php(943): App\Controllers\Landing->index()
11 SYSTEMPATH/CodeIgniter.php(503): CodeIgniter\CodeIgniter->runController()
12 SYSTEMPATH/CodeIgniter.php(361): CodeIgniter\CodeIgniter->handleRequest()
13 FCPATH/index.php(79): CodeIgniter\CodeIgniter->run()
CRITICAL - 2024-10-13 07:00:52 --> ErrorException: Undefined array key "sitemap.xml.gz"
in APPPATH/Views/_partial_landing/_partial_header_mobile.php on line 4.
 1 APPPATH/Views/_partial_landing/_partial_header_mobile.php(4): CodeIgniter\Debug\Exceptions->errorHandler()
 2 SYSTEMPATH/View/View.php(228): include('/home/dbmyfbuf/public_html/app/Views/_partial_landing/_partial_header_mobile.php')
 3 SYSTEMPATH/View/View.php(231): CodeIgniter\View\View->CodeIgniter\View\{closure}()
 4 SYSTEMPATH/Common.php(1178): CodeIgniter\View\View->render()
 5 APPPATH/Views/landing/v_index.php(17): view()
 6 SYSTEMPATH/View/View.php(228): include('/home/dbmyfbuf/public_html/app/Views/landing/v_index.php')
 7 SYSTEMPATH/View/View.php(231): CodeIgniter\View\View->CodeIgniter\View\{closure}()
 8 SYSTEMPATH/Common.php(1178): CodeIgniter\View\View->render()
 9 APPPATH/Controllers/Landing.php(16): view()
10 SYSTEMPATH/CodeIgniter.php(943): App\Controllers\Landing->index()
11 SYSTEMPATH/CodeIgniter.php(503): CodeIgniter\CodeIgniter->runController()
12 SYSTEMPATH/CodeIgniter.php(361): CodeIgniter\CodeIgniter->handleRequest()
13 FCPATH/index.php(79): CodeIgniter\CodeIgniter->run()
CRITICAL - 2024-10-13 07:37:18 --> ErrorException: Undefined array key "wp-includes"
in APPPATH/Views/_partial_landing/_partial_header_mobile.php on line 4.
 1 APPPATH/Views/_partial_landing/_partial_header_mobile.php(4): CodeIgniter\Debug\Exceptions->errorHandler()
 2 SYSTEMPATH/View/View.php(228): include('/home/dbmyfbuf/public_html/app/Views/_partial_landing/_partial_header_mobile.php')
 3 SYSTEMPATH/View/View.php(231): CodeIgniter\View\View->CodeIgniter\View\{closure}()
 4 SYSTEMPATH/Common.php(1178): CodeIgniter\View\View->render()
 5 APPPATH/Views/landing/v_index.php(17): view()
 6 SYSTEMPATH/View/View.php(228): include('/home/dbmyfbuf/public_html/app/Views/landing/v_index.php')
 7 SYSTEMPATH/View/View.php(231): CodeIgniter\View\View->CodeIgniter\View\{closure}()
 8 SYSTEMPATH/Common.php(1178): CodeIgniter\View\View->render()
 9 APPPATH/Controllers/Landing.php(16): view()
10 SYSTEMPATH/CodeIgniter.php(943): App\Controllers\Landing->index()
11 SYSTEMPATH/CodeIgniter.php(503): CodeIgniter\CodeIgniter->runController()
12 SYSTEMPATH/CodeIgniter.php(361): CodeIgniter\CodeIgniter->handleRequest()
13 FCPATH/index.php(79): CodeIgniter\CodeIgniter->run()
CRITICAL - 2024-10-13 07:37:19 --> ErrorException: Undefined array key "media"
in APPPATH/Views/_partial_landing/_partial_header_mobile.php on line 4.
 1 APPPATH/Views/_partial_landing/_partial_header_mobile.php(4): CodeIgniter\Debug\Exceptions->errorHandler()
 2 SYSTEMPATH/View/View.php(228): include('/home/dbmyfbuf/public_html/app/Views/_partial_landing/_partial_header_mobile.php')
 3 SYSTEMPATH/View/View.php(231): CodeIgniter\View\View->CodeIgniter\View\{closure}()
 4 SYSTEMPATH/Common.php(1178): CodeIgniter\View\View->render()
 5 APPPATH/Views/landing/v_index.php(17): view()
 6 SYSTEMPATH/View/View.php(228): include('/home/dbmyfbuf/public_html/app/Views/landing/v_index.php')
 7 SYSTEMPATH/View/View.php(231): CodeIgniter\View\View->CodeIgniter\View\{closure}()
 8 SYSTEMPATH/Common.php(1178): CodeIgniter\View\View->render()
 9 APPPATH/Controllers/Landing.php(16): view()
10 SYSTEMPATH/CodeIgniter.php(943): App\Controllers\Landing->index()
11 SYSTEMPATH/CodeIgniter.php(503): CodeIgniter\CodeIgniter->runController()
12 SYSTEMPATH/CodeIgniter.php(361): CodeIgniter\CodeIgniter->handleRequest()
13 FCPATH/index.php(79): CodeIgniter\CodeIgniter->run()
CRITICAL - 2024-10-13 08:28:43 --> ErrorException: Undefined array key "sitemap.xml.gz"
in APPPATH/Views/_partial_landing/_partial_header_mobile.php on line 4.
 1 APPPATH/Views/_partial_landing/_partial_header_mobile.php(4): CodeIgniter\Debug\Exceptions->errorHandler()
 2 SYSTEMPATH/View/View.php(228): include('/home/dbmyfbuf/public_html/app/Views/_partial_landing/_partial_header_mobile.php')
 3 SYSTEMPATH/View/View.php(231): CodeIgniter\View\View->CodeIgniter\View\{closure}()
 4 SYSTEMPATH/Common.php(1178): CodeIgniter\View\View->render()
 5 APPPATH/Views/landing/v_index.php(17): view()
 6 SYSTEMPATH/View/View.php(228): include('/home/dbmyfbuf/public_html/app/Views/landing/v_index.php')
 7 SYSTEMPATH/View/View.php(231): CodeIgniter\View\View->CodeIgniter\View\{closure}()
 8 SYSTEMPATH/Common.php(1178): CodeIgniter\View\View->render()
 9 APPPATH/Controllers/Landing.php(16): view()
10 SYSTEMPATH/CodeIgniter.php(943): App\Controllers\Landing->index()
11 SYSTEMPATH/CodeIgniter.php(503): CodeIgniter\CodeIgniter->runController()
12 SYSTEMPATH/CodeIgniter.php(361): CodeIgniter\CodeIgniter->handleRequest()
13 FCPATH/index.php(79): CodeIgniter\CodeIgniter->run()
CRITICAL - 2024-10-13 08:28:43 --> ErrorException: Undefined array key "sitemap.xml.gz"
in APPPATH/Views/_partial_landing/_partial_header_mobile.php on line 4.
 1 APPPATH/Views/_partial_landing/_partial_header_mobile.php(4): CodeIgniter\Debug\Exceptions->errorHandler()
 2 SYSTEMPATH/View/View.php(228): include('/home/dbmyfbuf/public_html/app/Views/_partial_landing/_partial_header_mobile.php')
 3 SYSTEMPATH/View/View.php(231): CodeIgniter\View\View->CodeIgniter\View\{closure}()
 4 SYSTEMPATH/Common.php(1178): CodeIgniter\View\View->render()
 5 APPPATH/Views/landing/v_index.php(17): view()
 6 SYSTEMPATH/View/View.php(228): include('/home/dbmyfbuf/public_html/app/Views/landing/v_index.php')
 7 SYSTEMPATH/View/View.php(231): CodeIgniter\View\View->CodeIgniter\View\{closure}()
 8 SYSTEMPATH/Common.php(1178): CodeIgniter\View\View->render()
 9 APPPATH/Controllers/Landing.php(16): view()
10 SYSTEMPATH/CodeIgniter.php(943): App\Controllers\Landing->index()
11 SYSTEMPATH/CodeIgniter.php(503): CodeIgniter\CodeIgniter->runController()
12 SYSTEMPATH/CodeIgniter.php(361): CodeIgniter\CodeIgniter->handleRequest()
13 FCPATH/index.php(79): CodeIgniter\CodeIgniter->run()
CRITICAL - 2024-10-13 08:53:43 --> ErrorException: Undefined array key "sitemaps.xml"
in APPPATH/Views/_partial_landing/_partial_header_mobile.php on line 4.
 1 APPPATH/Views/_partial_landing/_partial_header_mobile.php(4): CodeIgniter\Debug\Exceptions->errorHandler()
 2 SYSTEMPATH/View/View.php(228): include('/home/dbmyfbuf/public_html/app/Views/_partial_landing/_partial_header_mobile.php')
 3 SYSTEMPATH/View/View.php(231): CodeIgniter\View\View->CodeIgniter\View\{closure}()
 4 SYSTEMPATH/Common.php(1178): CodeIgniter\View\View->render()
 5 APPPATH/Views/landing/v_index.php(17): view()
 6 SYSTEMPATH/View/View.php(228): include('/home/dbmyfbuf/public_html/app/Views/landing/v_index.php')
 7 SYSTEMPATH/View/View.php(231): CodeIgniter\View\View->CodeIgniter\View\{closure}()
 8 SYSTEMPATH/Common.php(1178): CodeIgniter\View\View->render()
 9 APPPATH/Controllers/Landing.php(16): view()
10 SYSTEMPATH/CodeIgniter.php(943): App\Controllers\Landing->index()
11 SYSTEMPATH/CodeIgniter.php(503): CodeIgniter\CodeIgniter->runController()
12 SYSTEMPATH/CodeIgniter.php(361): CodeIgniter\CodeIgniter->handleRequest()
13 FCPATH/index.php(79): CodeIgniter\CodeIgniter->run()
CRITICAL - 2024-10-13 08:53:43 --> ErrorException: Undefined array key "sitemaps.xml"
in APPPATH/Views/_partial_landing/_partial_header_mobile.php on line 4.
 1 APPPATH/Views/_partial_landing/_partial_header_mobile.php(4): CodeIgniter\Debug\Exceptions->errorHandler()
 2 SYSTEMPATH/View/View.php(228): include('/home/dbmyfbuf/public_html/app/Views/_partial_landing/_partial_header_mobile.php')
 3 SYSTEMPATH/View/View.php(231): CodeIgniter\View\View->CodeIgniter\View\{closure}()
 4 SYSTEMPATH/Common.php(1178): CodeIgniter\View\View->render()
 5 APPPATH/Views/landing/v_index.php(17): view()
 6 SYSTEMPATH/View/View.php(228): include('/home/dbmyfbuf/public_html/app/Views/landing/v_index.php')
 7 SYSTEMPATH/View/View.php(231): CodeIgniter\View\View->CodeIgniter\View\{closure}()
 8 SYSTEMPATH/Common.php(1178): CodeIgniter\View\View->render()
 9 APPPATH/Controllers/Landing.php(16): view()
10 SYSTEMPATH/CodeIgniter.php(943): App\Controllers\Landing->index()
11 SYSTEMPATH/CodeIgniter.php(503): CodeIgniter\CodeIgniter->runController()
12 SYSTEMPATH/CodeIgniter.php(361): CodeIgniter\CodeIgniter->handleRequest()
13 FCPATH/index.php(79): CodeIgniter\CodeIgniter->run()
CRITICAL - 2024-10-13 09:23:44 --> ErrorException: Undefined array key "atom.xml"
in APPPATH/Views/_partial_landing/_partial_header_mobile.php on line 4.
 1 APPPATH/Views/_partial_landing/_partial_header_mobile.php(4): CodeIgniter\Debug\Exceptions->errorHandler()
 2 SYSTEMPATH/View/View.php(228): include('/home/dbmyfbuf/public_html/app/Views/_partial_landing/_partial_header_mobile.php')
 3 SYSTEMPATH/View/View.php(231): CodeIgniter\View\View->CodeIgniter\View\{closure}()
 4 SYSTEMPATH/Common.php(1178): CodeIgniter\View\View->render()
 5 APPPATH/Views/landing/v_index.php(17): view()
 6 SYSTEMPATH/View/View.php(228): include('/home/dbmyfbuf/public_html/app/Views/landing/v_index.php')
 7 SYSTEMPATH/View/View.php(231): CodeIgniter\View\View->CodeIgniter\View\{closure}()
 8 SYSTEMPATH/Common.php(1178): CodeIgniter\View\View->render()
 9 APPPATH/Controllers/Landing.php(16): view()
10 SYSTEMPATH/CodeIgniter.php(943): App\Controllers\Landing->index()
11 SYSTEMPATH/CodeIgniter.php(503): CodeIgniter\CodeIgniter->runController()
12 SYSTEMPATH/CodeIgniter.php(361): CodeIgniter\CodeIgniter->handleRequest()
13 FCPATH/index.php(79): CodeIgniter\CodeIgniter->run()
CRITICAL - 2024-10-13 09:23:45 --> ErrorException: Undefined array key "atom.xml"
in APPPATH/Views/_partial_landing/_partial_header_mobile.php on line 4.
 1 APPPATH/Views/_partial_landing/_partial_header_mobile.php(4): CodeIgniter\Debug\Exceptions->errorHandler()
 2 SYSTEMPATH/View/View.php(228): include('/home/dbmyfbuf/public_html/app/Views/_partial_landing/_partial_header_mobile.php')
 3 SYSTEMPATH/View/View.php(231): CodeIgniter\View\View->CodeIgniter\View\{closure}()
 4 SYSTEMPATH/Common.php(1178): CodeIgniter\View\View->render()
 5 APPPATH/Views/landing/v_index.php(17): view()
 6 SYSTEMPATH/View/View.php(228): include('/home/dbmyfbuf/public_html/app/Views/landing/v_index.php')
 7 SYSTEMPATH/View/View.php(231): CodeIgniter\View\View->CodeIgniter\View\{closure}()
 8 SYSTEMPATH/Common.php(1178): CodeIgniter\View\View->render()
 9 APPPATH/Controllers/Landing.php(16): view()
10 SYSTEMPATH/CodeIgniter.php(943): App\Controllers\Landing->index()
11 SYSTEMPATH/CodeIgniter.php(503): CodeIgniter\CodeIgniter->runController()
12 SYSTEMPATH/CodeIgniter.php(361): CodeIgniter\CodeIgniter->handleRequest()
13 FCPATH/index.php(79): CodeIgniter\CodeIgniter->run()
CRITICAL - 2024-10-13 09:44:08 --> ErrorException: Undefined array key "sitemaps.xml"
in APPPATH/Views/_partial_landing/_partial_header_mobile.php on line 4.
 1 APPPATH/Views/_partial_landing/_partial_header_mobile.php(4): CodeIgniter\Debug\Exceptions->errorHandler()
 2 SYSTEMPATH/View/View.php(228): include('/home/dbmyfbuf/public_html/app/Views/_partial_landing/_partial_header_mobile.php')
 3 SYSTEMPATH/View/View.php(231): CodeIgniter\View\View->CodeIgniter\View\{closure}()
 4 SYSTEMPATH/Common.php(1178): CodeIgniter\View\View->render()
 5 APPPATH/Views/landing/v_index.php(17): view()
 6 SYSTEMPATH/View/View.php(228): include('/home/dbmyfbuf/public_html/app/Views/landing/v_index.php')
 7 SYSTEMPATH/View/View.php(231): CodeIgniter\View\View->CodeIgniter\View\{closure}()
 8 SYSTEMPATH/Common.php(1178): CodeIgniter\View\View->render()
 9 APPPATH/Controllers/Landing.php(16): view()
10 SYSTEMPATH/CodeIgniter.php(943): App\Controllers\Landing->index()
11 SYSTEMPATH/CodeIgniter.php(503): CodeIgniter\CodeIgniter->runController()
12 SYSTEMPATH/CodeIgniter.php(361): CodeIgniter\CodeIgniter->handleRequest()
13 FCPATH/index.php(79): CodeIgniter\CodeIgniter->run()
CRITICAL - 2024-10-13 09:44:09 --> ErrorException: Undefined array key "sitemaps.xml"
in APPPATH/Views/_partial_landing/_partial_header_mobile.php on line 4.
 1 APPPATH/Views/_partial_landing/_partial_header_mobile.php(4): CodeIgniter\Debug\Exceptions->errorHandler()
 2 SYSTEMPATH/View/View.php(228): include('/home/dbmyfbuf/public_html/app/Views/_partial_landing/_partial_header_mobile.php')
 3 SYSTEMPATH/View/View.php(231): CodeIgniter\View\View->CodeIgniter\View\{closure}()
 4 SYSTEMPATH/Common.php(1178): CodeIgniter\View\View->render()
 5 APPPATH/Views/landing/v_index.php(17): view()
 6 SYSTEMPATH/View/View.php(228): include('/home/dbmyfbuf/public_html/app/Views/landing/v_index.php')
 7 SYSTEMPATH/View/View.php(231): CodeIgniter\View\View->CodeIgniter\View\{closure}()
 8 SYSTEMPATH/Common.php(1178): CodeIgniter\View\View->render()
 9 APPPATH/Controllers/Landing.php(16): view()
10 SYSTEMPATH/CodeIgniter.php(943): App\Controllers\Landing->index()
11 SYSTEMPATH/CodeIgniter.php(503): CodeIgniter\CodeIgniter->runController()
12 SYSTEMPATH/CodeIgniter.php(361): CodeIgniter\CodeIgniter->handleRequest()
13 FCPATH/index.php(79): CodeIgniter\CodeIgniter->run()
CRITICAL - 2024-10-13 09:54:27 --> ErrorException: Undefined array key "sitemap_index.xml"
in APPPATH/Views/_partial_landing/_partial_header_mobile.php on line 4.
 1 APPPATH/Views/_partial_landing/_partial_header_mobile.php(4): CodeIgniter\Debug\Exceptions->errorHandler()
 2 SYSTEMPATH/View/View.php(228): include('/home/dbmyfbuf/public_html/app/Views/_partial_landing/_partial_header_mobile.php')
 3 SYSTEMPATH/View/View.php(231): CodeIgniter\View\View->CodeIgniter\View\{closure}()
 4 SYSTEMPATH/Common.php(1178): CodeIgniter\View\View->render()
 5 APPPATH/Views/landing/v_index.php(17): view()
 6 SYSTEMPATH/View/View.php(228): include('/home/dbmyfbuf/public_html/app/Views/landing/v_index.php')
 7 SYSTEMPATH/View/View.php(231): CodeIgniter\View\View->CodeIgniter\View\{closure}()
 8 SYSTEMPATH/Common.php(1178): CodeIgniter\View\View->render()
 9 APPPATH/Controllers/Landing.php(16): view()
10 SYSTEMPATH/CodeIgniter.php(943): App\Controllers\Landing->index()
11 SYSTEMPATH/CodeIgniter.php(503): CodeIgniter\CodeIgniter->runController()
12 SYSTEMPATH/CodeIgniter.php(361): CodeIgniter\CodeIgniter->handleRequest()
13 FCPATH/index.php(79): CodeIgniter\CodeIgniter->run()
CRITICAL - 2024-10-13 09:54:28 --> ErrorException: Undefined array key "sitemap_index.xml"
in APPPATH/Views/_partial_landing/_partial_header_mobile.php on line 4.
 1 APPPATH/Views/_partial_landing/_partial_header_mobile.php(4): CodeIgniter\Debug\Exceptions->errorHandler()
 2 SYSTEMPATH/View/View.php(228): include('/home/dbmyfbuf/public_html/app/Views/_partial_landing/_partial_header_mobile.php')
 3 SYSTEMPATH/View/View.php(231): CodeIgniter\View\View->CodeIgniter\View\{closure}()
 4 SYSTEMPATH/Common.php(1178): CodeIgniter\View\View->render()
 5 APPPATH/Views/landing/v_index.php(17): view()
 6 SYSTEMPATH/View/View.php(228): include('/home/dbmyfbuf/public_html/app/Views/landing/v_index.php')
 7 SYSTEMPATH/View/View.php(231): CodeIgniter\View\View->CodeIgniter\View\{closure}()
 8 SYSTEMPATH/Common.php(1178): CodeIgniter\View\View->render()
 9 APPPATH/Controllers/Landing.php(16): view()
10 SYSTEMPATH/CodeIgniter.php(943): App\Controllers\Landing->index()
11 SYSTEMPATH/CodeIgniter.php(503): CodeIgniter\CodeIgniter->runController()
12 SYSTEMPATH/CodeIgniter.php(361): CodeIgniter\CodeIgniter->handleRequest()
13 FCPATH/index.php(79): CodeIgniter\CodeIgniter->run()
CRITICAL - 2024-10-13 09:56:29 --> ErrorException: Undefined array key "sitemap.xml"
in APPPATH/Views/_partial_landing/_partial_header_mobile.php on line 4.
 1 APPPATH/Views/_partial_landing/_partial_header_mobile.php(4): CodeIgniter\Debug\Exceptions->errorHandler()
 2 SYSTEMPATH/View/View.php(228): include('/home/dbmyfbuf/public_html/app/Views/_partial_landing/_partial_header_mobile.php')
 3 SYSTEMPATH/View/View.php(231): CodeIgniter\View\View->CodeIgniter\View\{closure}()
 4 SYSTEMPATH/Common.php(1178): CodeIgniter\View\View->render()
 5 APPPATH/Views/landing/v_index.php(17): view()
 6 SYSTEMPATH/View/View.php(228): include('/home/dbmyfbuf/public_html/app/Views/landing/v_index.php')
 7 SYSTEMPATH/View/View.php(231): CodeIgniter\View\View->CodeIgniter\View\{closure}()
 8 SYSTEMPATH/Common.php(1178): CodeIgniter\View\View->render()
 9 APPPATH/Controllers/Landing.php(16): view()
10 SYSTEMPATH/CodeIgniter.php(943): App\Controllers\Landing->index()
11 SYSTEMPATH/CodeIgniter.php(503): CodeIgniter\CodeIgniter->runController()
12 SYSTEMPATH/CodeIgniter.php(361): CodeIgniter\CodeIgniter->handleRequest()
13 FCPATH/index.php(79): CodeIgniter\CodeIgniter->run()
CRITICAL - 2024-10-13 09:56:30 --> ErrorException: Undefined array key "sitemap.xml"
in APPPATH/Views/_partial_landing/_partial_header_mobile.php on line 4.
 1 APPPATH/Views/_partial_landing/_partial_header_mobile.php(4): CodeIgniter\Debug\Exceptions->errorHandler()
 2 SYSTEMPATH/View/View.php(228): include('/home/dbmyfbuf/public_html/app/Views/_partial_landing/_partial_header_mobile.php')
 3 SYSTEMPATH/View/View.php(231): CodeIgniter\View\View->CodeIgniter\View\{closure}()
 4 SYSTEMPATH/Common.php(1178): CodeIgniter\View\View->render()
 5 APPPATH/Views/landing/v_index.php(17): view()
 6 SYSTEMPATH/View/View.php(228): include('/home/dbmyfbuf/public_html/app/Views/landing/v_index.php')
 7 SYSTEMPATH/View/View.php(231): CodeIgniter\View\View->CodeIgniter\View\{closure}()
 8 SYSTEMPATH/Common.php(1178): CodeIgniter\View\View->render()
 9 APPPATH/Controllers/Landing.php(16): view()
10 SYSTEMPATH/CodeIgniter.php(943): App\Controllers\Landing->index()
11 SYSTEMPATH/CodeIgniter.php(503): CodeIgniter\CodeIgniter->runController()
12 SYSTEMPATH/CodeIgniter.php(361): CodeIgniter\CodeIgniter->handleRequest()
13 FCPATH/index.php(79): CodeIgniter\CodeIgniter->run()
CRITICAL - 2024-10-13 11:59:11 --> ErrorException: Undefined array key "atom.xml"
in APPPATH/Views/_partial_landing/_partial_header_mobile.php on line 4.
 1 APPPATH/Views/_partial_landing/_partial_header_mobile.php(4): CodeIgniter\Debug\Exceptions->errorHandler()
 2 SYSTEMPATH/View/View.php(228): include('/home/dbmyfbuf/public_html/app/Views/_partial_landing/_partial_header_mobile.php')
 3 SYSTEMPATH/View/View.php(231): CodeIgniter\View\View->CodeIgniter\View\{closure}()
 4 SYSTEMPATH/Common.php(1178): CodeIgniter\View\View->render()
 5 APPPATH/Views/landing/v_index.php(17): view()
 6 SYSTEMPATH/View/View.php(228): include('/home/dbmyfbuf/public_html/app/Views/landing/v_index.php')
 7 SYSTEMPATH/View/View.php(231): CodeIgniter\View\View->CodeIgniter\View\{closure}()
 8 SYSTEMPATH/Common.php(1178): CodeIgniter\View\View->render()
 9 APPPATH/Controllers/Landing.php(16): view()
10 SYSTEMPATH/CodeIgniter.php(943): App\Controllers\Landing->index()
11 SYSTEMPATH/CodeIgniter.php(503): CodeIgniter\CodeIgniter->runController()
12 SYSTEMPATH/CodeIgniter.php(361): CodeIgniter\CodeIgniter->handleRequest()
13 FCPATH/index.php(79): CodeIgniter\CodeIgniter->run()
CRITICAL - 2024-10-13 11:59:12 --> ErrorException: Undefined array key "atom.xml"
in APPPATH/Views/_partial_landing/_partial_header_mobile.php on line 4.
 1 APPPATH/Views/_partial_landing/_partial_header_mobile.php(4): CodeIgniter\Debug\Exceptions->errorHandler()
 2 SYSTEMPATH/View/View.php(228): include('/home/dbmyfbuf/public_html/app/Views/_partial_landing/_partial_header_mobile.php')
 3 SYSTEMPATH/View/View.php(231): CodeIgniter\View\View->CodeIgniter\View\{closure}()
 4 SYSTEMPATH/Common.php(1178): CodeIgniter\View\View->render()
 5 APPPATH/Views/landing/v_index.php(17): view()
 6 SYSTEMPATH/View/View.php(228): include('/home/dbmyfbuf/public_html/app/Views/landing/v_index.php')
 7 SYSTEMPATH/View/View.php(231): CodeIgniter\View\View->CodeIgniter\View\{closure}()
 8 SYSTEMPATH/Common.php(1178): CodeIgniter\View\View->render()
 9 APPPATH/Controllers/Landing.php(16): view()
10 SYSTEMPATH/CodeIgniter.php(943): App\Controllers\Landing->index()
11 SYSTEMPATH/CodeIgniter.php(503): CodeIgniter\CodeIgniter->runController()
12 SYSTEMPATH/CodeIgniter.php(361): CodeIgniter\CodeIgniter->handleRequest()
13 FCPATH/index.php(79): CodeIgniter\CodeIgniter->run()
CRITICAL - 2024-10-13 12:52:02 --> ErrorException: Undefined array key "sitemap.txt"
in APPPATH/Views/_partial_landing/_partial_header_mobile.php on line 4.
 1 APPPATH/Views/_partial_landing/_partial_header_mobile.php(4): CodeIgniter\Debug\Exceptions->errorHandler()
 2 SYSTEMPATH/View/View.php(228): include('/home/dbmyfbuf/public_html/app/Views/_partial_landing/_partial_header_mobile.php')
 3 SYSTEMPATH/View/View.php(231): CodeIgniter\View\View->CodeIgniter\View\{closure}()
 4 SYSTEMPATH/Common.php(1178): CodeIgniter\View\View->render()
 5 APPPATH/Views/landing/v_index.php(17): view()
 6 SYSTEMPATH/View/View.php(228): include('/home/dbmyfbuf/public_html/app/Views/landing/v_index.php')
 7 SYSTEMPATH/View/View.php(231): CodeIgniter\View\View->CodeIgniter\View\{closure}()
 8 SYSTEMPATH/Common.php(1178): CodeIgniter\View\View->render()
 9 APPPATH/Controllers/Landing.php(16): view()
10 SYSTEMPATH/CodeIgniter.php(943): App\Controllers\Landing->index()
11 SYSTEMPATH/CodeIgniter.php(503): CodeIgniter\CodeIgniter->runController()
12 SYSTEMPATH/CodeIgniter.php(361): CodeIgniter\CodeIgniter->handleRequest()
13 FCPATH/index.php(79): CodeIgniter\CodeIgniter->run()
CRITICAL - 2024-10-13 12:52:03 --> ErrorException: Undefined array key "sitemap.txt"
in APPPATH/Views/_partial_landing/_partial_header_mobile.php on line 4.
 1 APPPATH/Views/_partial_landing/_partial_header_mobile.php(4): CodeIgniter\Debug\Exceptions->errorHandler()
 2 SYSTEMPATH/View/View.php(228): include('/home/dbmyfbuf/public_html/app/Views/_partial_landing/_partial_header_mobile.php')
 3 SYSTEMPATH/View/View.php(231): CodeIgniter\View\View->CodeIgniter\View\{closure}()
 4 SYSTEMPATH/Common.php(1178): CodeIgniter\View\View->render()
 5 APPPATH/Views/landing/v_index.php(17): view()
 6 SYSTEMPATH/View/View.php(228): include('/home/dbmyfbuf/public_html/app/Views/landing/v_index.php')
 7 SYSTEMPATH/View/View.php(231): CodeIgniter\View\View->CodeIgniter\View\{closure}()
 8 SYSTEMPATH/Common.php(1178): CodeIgniter\View\View->render()
 9 APPPATH/Controllers/Landing.php(16): view()
10 SYSTEMPATH/CodeIgniter.php(943): App\Controllers\Landing->index()
11 SYSTEMPATH/CodeIgniter.php(503): CodeIgniter\CodeIgniter->runController()
12 SYSTEMPATH/CodeIgniter.php(361): CodeIgniter\CodeIgniter->handleRequest()
13 FCPATH/index.php(79): CodeIgniter\CodeIgniter->run()
CRITICAL - 2024-10-13 13:29:38 --> ErrorException: Undefined array key "sitemap.xml"
in APPPATH/Views/_partial_landing/_partial_header_mobile.php on line 4.
 1 APPPATH/Views/_partial_landing/_partial_header_mobile.php(4): CodeIgniter\Debug\Exceptions->errorHandler()
 2 SYSTEMPATH/View/View.php(228): include('/home/dbmyfbuf/public_html/app/Views/_partial_landing/_partial_header_mobile.php')
 3 SYSTEMPATH/View/View.php(231): CodeIgniter\View\View->CodeIgniter\View\{closure}()
 4 SYSTEMPATH/Common.php(1178): CodeIgniter\View\View->render()
 5 APPPATH/Views/landing/v_index.php(17): view()
 6 SYSTEMPATH/View/View.php(228): include('/home/dbmyfbuf/public_html/app/Views/landing/v_index.php')
 7 SYSTEMPATH/View/View.php(231): CodeIgniter\View\View->CodeIgniter\View\{closure}()
 8 SYSTEMPATH/Common.php(1178): CodeIgniter\View\View->render()
 9 APPPATH/Controllers/Landing.php(16): view()
10 SYSTEMPATH/CodeIgniter.php(943): App\Controllers\Landing->index()
11 SYSTEMPATH/CodeIgniter.php(503): CodeIgniter\CodeIgniter->runController()
12 SYSTEMPATH/CodeIgniter.php(361): CodeIgniter\CodeIgniter->handleRequest()
13 FCPATH/index.php(79): CodeIgniter\CodeIgniter->run()
CRITICAL - 2024-10-13 13:29:39 --> ErrorException: Undefined array key "sitemap.xml"
in APPPATH/Views/_partial_landing/_partial_header_mobile.php on line 4.
 1 APPPATH/Views/_partial_landing/_partial_header_mobile.php(4): CodeIgniter\Debug\Exceptions->errorHandler()
 2 SYSTEMPATH/View/View.php(228): include('/home/dbmyfbuf/public_html/app/Views/_partial_landing/_partial_header_mobile.php')
 3 SYSTEMPATH/View/View.php(231): CodeIgniter\View\View->CodeIgniter\View\{closure}()
 4 SYSTEMPATH/Common.php(1178): CodeIgniter\View\View->render()
 5 APPPATH/Views/landing/v_index.php(17): view()
 6 SYSTEMPATH/View/View.php(228): include('/home/dbmyfbuf/public_html/app/Views/landing/v_index.php')
 7 SYSTEMPATH/View/View.php(231): CodeIgniter\View\View->CodeIgniter\View\{closure}()
 8 SYSTEMPATH/Common.php(1178): CodeIgniter\View\View->render()
 9 APPPATH/Controllers/Landing.php(16): view()
10 SYSTEMPATH/CodeIgniter.php(943): App\Controllers\Landing->index()
11 SYSTEMPATH/CodeIgniter.php(503): CodeIgniter\CodeIgniter->runController()
12 SYSTEMPATH/CodeIgniter.php(361): CodeIgniter\CodeIgniter->handleRequest()
13 FCPATH/index.php(79): CodeIgniter\CodeIgniter->run()
CRITICAL - 2024-10-13 13:59:35 --> ErrorException: Undefined array key "sitemap.txt"
in APPPATH/Views/_partial_landing/_partial_header_mobile.php on line 4.
 1 APPPATH/Views/_partial_landing/_partial_header_mobile.php(4): CodeIgniter\Debug\Exceptions->errorHandler()
 2 SYSTEMPATH/View/View.php(228): include('/home/dbmyfbuf/public_html/app/Views/_partial_landing/_partial_header_mobile.php')
 3 SYSTEMPATH/View/View.php(231): CodeIgniter\View\View->CodeIgniter\View\{closure}()
 4 SYSTEMPATH/Common.php(1178): CodeIgniter\View\View->render()
 5 APPPATH/Views/landing/v_index.php(17): view()
 6 SYSTEMPATH/View/View.php(228): include('/home/dbmyfbuf/public_html/app/Views/landing/v_index.php')
 7 SYSTEMPATH/View/View.php(231): CodeIgniter\View\View->CodeIgniter\View\{closure}()
 8 SYSTEMPATH/Common.php(1178): CodeIgniter\View\View->render()
 9 APPPATH/Controllers/Landing.php(16): view()
10 SYSTEMPATH/CodeIgniter.php(943): App\Controllers\Landing->index()
11 SYSTEMPATH/CodeIgniter.php(503): CodeIgniter\CodeIgniter->runController()
12 SYSTEMPATH/CodeIgniter.php(361): CodeIgniter\CodeIgniter->handleRequest()
13 FCPATH/index.php(79): CodeIgniter\CodeIgniter->run()
CRITICAL - 2024-10-13 13:59:35 --> ErrorException: Undefined array key "sitemap.txt"
in APPPATH/Views/_partial_landing/_partial_header_mobile.php on line 4.
 1 APPPATH/Views/_partial_landing/_partial_header_mobile.php(4): CodeIgniter\Debug\Exceptions->errorHandler()
 2 SYSTEMPATH/View/View.php(228): include('/home/dbmyfbuf/public_html/app/Views/_partial_landing/_partial_header_mobile.php')
 3 SYSTEMPATH/View/View.php(231): CodeIgniter\View\View->CodeIgniter\View\{closure}()
 4 SYSTEMPATH/Common.php(1178): CodeIgniter\View\View->render()
 5 APPPATH/Views/landing/v_index.php(17): view()
 6 SYSTEMPATH/View/View.php(228): include('/home/dbmyfbuf/public_html/app/Views/landing/v_index.php')
 7 SYSTEMPATH/View/View.php(231): CodeIgniter\View\View->CodeIgniter\View\{closure}()
 8 SYSTEMPATH/Common.php(1178): CodeIgniter\View\View->render()
 9 APPPATH/Controllers/Landing.php(16): view()
10 SYSTEMPATH/CodeIgniter.php(943): App\Controllers\Landing->index()
11 SYSTEMPATH/CodeIgniter.php(503): CodeIgniter\CodeIgniter->runController()
12 SYSTEMPATH/CodeIgniter.php(361): CodeIgniter\CodeIgniter->handleRequest()
13 FCPATH/index.php(79): CodeIgniter\CodeIgniter->run()
CRITICAL - 2024-10-13 19:19:02 --> ErrorException: Undefined array key "sitemap_index.xml"
in APPPATH/Views/_partial_landing/_partial_header_mobile.php on line 4.
 1 APPPATH/Views/_partial_landing/_partial_header_mobile.php(4): CodeIgniter\Debug\Exceptions->errorHandler()
 2 SYSTEMPATH/View/View.php(228): include('/home/dbmyfbuf/public_html/app/Views/_partial_landing/_partial_header_mobile.php')
 3 SYSTEMPATH/View/View.php(231): CodeIgniter\View\View->CodeIgniter\View\{closure}()
 4 SYSTEMPATH/Common.php(1178): CodeIgniter\View\View->render()
 5 APPPATH/Views/landing/v_index.php(17): view()
 6 SYSTEMPATH/View/View.php(228): include('/home/dbmyfbuf/public_html/app/Views/landing/v_index.php')
 7 SYSTEMPATH/View/View.php(231): CodeIgniter\View\View->CodeIgniter\View\{closure}()
 8 SYSTEMPATH/Common.php(1178): CodeIgniter\View\View->render()
 9 APPPATH/Controllers/Landing.php(16): view()
10 SYSTEMPATH/CodeIgniter.php(943): App\Controllers\Landing->index()
11 SYSTEMPATH/CodeIgniter.php(503): CodeIgniter\CodeIgniter->runController()
12 SYSTEMPATH/CodeIgniter.php(361): CodeIgniter\CodeIgniter->handleRequest()
13 FCPATH/index.php(79): CodeIgniter\CodeIgniter->run()
CRITICAL - 2024-10-13 19:19:04 --> ErrorException: Undefined array key "sitemap_index.xml"
in APPPATH/Views/_partial_landing/_partial_header_mobile.php on line 4.
 1 APPPATH/Views/_partial_landing/_partial_header_mobile.php(4): CodeIgniter\Debug\Exceptions->errorHandler()
 2 SYSTEMPATH/View/View.php(228): include('/home/dbmyfbuf/public_html/app/Views/_partial_landing/_partial_header_mobile.php')
 3 SYSTEMPATH/View/View.php(231): CodeIgniter\View\View->CodeIgniter\View\{closure}()
 4 SYSTEMPATH/Common.php(1178): CodeIgniter\View\View->render()
 5 APPPATH/Views/landing/v_index.php(17): view()
 6 SYSTEMPATH/View/View.php(228): include('/home/dbmyfbuf/public_html/app/Views/landing/v_index.php')
 7 SYSTEMPATH/View/View.php(231): CodeIgniter\View\View->CodeIgniter\View\{closure}()
 8 SYSTEMPATH/Common.php(1178): CodeIgniter\View\View->render()
 9 APPPATH/Controllers/Landing.php(16): view()
10 SYSTEMPATH/CodeIgniter.php(943): App\Controllers\Landing->index()
11 SYSTEMPATH/CodeIgniter.php(503): CodeIgniter\CodeIgniter->runController()
12 SYSTEMPATH/CodeIgniter.php(361): CodeIgniter\CodeIgniter->handleRequest()
13 FCPATH/index.php(79): CodeIgniter\CodeIgniter->run()
CRITICAL - 2024-10-13 22:11:48 --> ErrorException: Undefined array key "atom.xml"
in APPPATH/Views/_partial_landing/_partial_header_mobile.php on line 4.
 1 APPPATH/Views/_partial_landing/_partial_header_mobile.php(4): CodeIgniter\Debug\Exceptions->errorHandler()
 2 SYSTEMPATH/View/View.php(228): include('/home/dbmyfbuf/public_html/app/Views/_partial_landing/_partial_header_mobile.php')
 3 SYSTEMPATH/View/View.php(231): CodeIgniter\View\View->CodeIgniter\View\{closure}()
 4 SYSTEMPATH/Common.php(1178): CodeIgniter\View\View->render()
 5 APPPATH/Views/landing/v_index.php(17): view()
 6 SYSTEMPATH/View/View.php(228): include('/home/dbmyfbuf/public_html/app/Views/landing/v_index.php')
 7 SYSTEMPATH/View/View.php(231): CodeIgniter\View\View->CodeIgniter\View\{closure}()
 8 SYSTEMPATH/Common.php(1178): CodeIgniter\View\View->render()
 9 APPPATH/Controllers/Landing.php(16): view()
10 SYSTEMPATH/CodeIgniter.php(943): App\Controllers\Landing->index()
11 SYSTEMPATH/CodeIgniter.php(503): CodeIgniter\CodeIgniter->runController()
12 SYSTEMPATH/CodeIgniter.php(361): CodeIgniter\CodeIgniter->handleRequest()
13 FCPATH/index.php(79): CodeIgniter\CodeIgniter->run()
CRITICAL - 2024-10-13 22:11:48 --> ErrorException: Undefined array key "atom.xml"
in APPPATH/Views/_partial_landing/_partial_header_mobile.php on line 4.
 1 APPPATH/Views/_partial_landing/_partial_header_mobile.php(4): CodeIgniter\Debug\Exceptions->errorHandler()
 2 SYSTEMPATH/View/View.php(228): include('/home/dbmyfbuf/public_html/app/Views/_partial_landing/_partial_header_mobile.php')
 3 SYSTEMPATH/View/View.php(231): CodeIgniter\View\View->CodeIgniter\View\{closure}()
 4 SYSTEMPATH/Common.php(1178): CodeIgniter\View\View->render()
 5 APPPATH/Views/landing/v_index.php(17): view()
 6 SYSTEMPATH/View/View.php(228): include('/home/dbmyfbuf/public_html/app/Views/landing/v_index.php')
 7 SYSTEMPATH/View/View.php(231): CodeIgniter\View\View->CodeIgniter\View\{closure}()
 8 SYSTEMPATH/Common.php(1178): CodeIgniter\View\View->render()
 9 APPPATH/Controllers/Landing.php(16): view()
10 SYSTEMPATH/CodeIgniter.php(943): App\Controllers\Landing->index()
11 SYSTEMPATH/CodeIgniter.php(503): CodeIgniter\CodeIgniter->runController()
12 SYSTEMPATH/CodeIgniter.php(361): CodeIgniter\CodeIgniter->handleRequest()
13 FCPATH/index.php(79): CodeIgniter\CodeIgniter->run()
CRITICAL - 2024-10-13 22:44:30 --> ErrorException: Undefined array key ".well-known"
in APPPATH/Views/_partial_landing/_partial_header_mobile.php on line 4.
 1 APPPATH/Views/_partial_landing/_partial_header_mobile.php(4): CodeIgniter\Debug\Exceptions->errorHandler()
 2 SYSTEMPATH/View/View.php(228): include('/home/dbmyfbuf/public_html/app/Views/_partial_landing/_partial_header_mobile.php')
 3 SYSTEMPATH/View/View.php(231): CodeIgniter\View\View->CodeIgniter\View\{closure}()
 4 SYSTEMPATH/Common.php(1178): CodeIgniter\View\View->render()
 5 APPPATH/Views/landing/v_index.php(17): view()
 6 SYSTEMPATH/View/View.php(228): include('/home/dbmyfbuf/public_html/app/Views/landing/v_index.php')
 7 SYSTEMPATH/View/View.php(231): CodeIgniter\View\View->CodeIgniter\View\{closure}()
 8 SYSTEMPATH/Common.php(1178): CodeIgniter\View\View->render()
 9 APPPATH/Controllers/Landing.php(16): view()
10 SYSTEMPATH/CodeIgniter.php(943): App\Controllers\Landing->index()
11 SYSTEMPATH/CodeIgniter.php(503): CodeIgniter\CodeIgniter->runController()
12 SYSTEMPATH/CodeIgniter.php(361): CodeIgniter\CodeIgniter->handleRequest()
13 FCPATH/index.php(79): CodeIgniter\CodeIgniter->run()
